# JRE version: OpenJDK Runtime Environment Temurin-21.0.10+7 (21.0.10+7) (build 21.0.10+7-LTS)
# Java VM: OpenJDK 64-Bit Server VM Temurin-21.0.10+7 (21.0.10+7-LTS, mixed mode, sharing, tiered, compressed oops, compressed class ptrs, parallel gc, windows-amd64)
GC Precious Log:
 CardTable entry size: 512
 CPUs: 8 total, 8 available
 Memory: 12152M
 Large Page Support: Disabled
 NUMA Support: Disabled
 Compressed Oops: Enabled (32-bit)
 Alignments: Space 512K, Generation 512K, Heap 2M
 Heap Min Capacity: 100M
 Heap Initial Capacity: 100M
 Heap Max Capacity: 2G
 Pre-touch: Disabled
 Parallel Workers: 8
Heap:
 PSYoungGen      total 9728K, used 5927K [0x00000000d5580000, 0x00000000d6200000, 0x0000000100000000)
  eden space 9216K, 60% used [0x00000000d5580000,0x00000000d5af1f08,0x00000000d5e80000)
  from space 512K, 68% used [0x00000000d6180000,0x00000000d61d8000,0x00000000d6200000)
  to   space 512K, 0% used [0x00000000d6100000,0x00000000d6100000,0x00000000d6180000)
 ParOldGen       total 116224K, used 94416K [0x0000000080000000, 0x0000000087180000, 0x00000000d5580000)
  object space 116224K, 81% used [0x0000000080000000,0x0000000085c34278,0x0000000087180000)
 Metaspace       used 66933K, committed 68608K, reserved 1114112K
  class space    used 7124K, committed 7872K, reserved 1048576K
GC Heap History (20 events):
Event: 73.986 GC heap before
{Heap before GC invocations=164 (full 3):
 PSYoungGen      total 12800K, used 12779K [0x00000000d5580000, 0x00000000d6480000, 0x0000000100000000)
  eden space 12288K, 100% used [0x00000000d5580000,0x00000000d6180000,0x00000000d6180000)
  from space 512K, 95% used [0x00000000d6380000,0x00000000d63fae08,0x00000000d6400000)
  to   space 1536K, 0% used [0x00000000d6180000,0x00000000d6180000,0x00000000d6300000)
 ParOldGen       total 116224K, used 89511K [0x0000000080000000, 0x0000000087180000, 0x00000000d5580000)
  object space 116224K, 77% used [0x0000000080000000,0x0000000085769da0,0x0000000087180000)
 Metaspace       used 63260K, committed 64768K, reserved 1114112K
  class space    used 6649K, committed 7296K, reserved 1048576K
}
Event: 73.988 GC heap after
{Heap after GC invocations=164 (full 3):
 PSYoungGen      total 13824K, used 712K [0x00000000d5580000, 0x00000000d6400000, 0x0000000100000000)
  eden space 12288K, 0% used [0x00000000d5580000,0x00000000d5580000,0x00000000d6180000)
  from space 1536K, 46% used [0x00000000d6180000,0x00000000d6232060,0x00000000d6300000)
  to   space 1024K, 0% used [0x00000000d6300000,0x00000000d6300000,0x00000000d6400000)
 ParOldGen       total 116224K, used 89988K [0x0000000080000000, 0x0000000087180000, 0x00000000d5580000)
  object space 116224K, 77% used [0x0000000080000000,0x00000000857e1220,0x0000000087180000)
 Metaspace       used 63260K, committed 64768K, reserved 1114112K
  class space    used 6649K, committed 7296K, reserved 1048576K
}
Event: 74.070 GC heap before
{Heap before GC invocations=165 (full 3):
 PSYoungGen      total 13824K, used 13000K [0x00000000d5580000, 0x00000000d6400000, 0x0000000100000000)
  eden space 12288K, 100% used [0x00000000d5580000,0x00000000d6180000,0x00000000d6180000)
  from space 1536K, 46% used [0x00000000d6180000,0x00000000d6232060,0x00000000d6300000)
  to   space 1024K, 0% used [0x00000000d6300000,0x00000000d6300000,0x00000000d6400000)
 ParOldGen       total 116224K, used 89988K [0x0000000080000000, 0x0000000087180000, 0x00000000d5580000)
  object space 116224K, 77% used [0x0000000080000000,0x00000000857e1220,0x0000000087180000)
 Metaspace       used 63283K, committed 64768K, reserved 1114112K
  class space    used 6649K, committed 7296K, reserved 1048576K
}
Event: 74.071 GC heap after
{Heap after GC invocations=165 (full 3):
 PSYoungGen      total 12800K, used 496K [0x00000000d5580000, 0x00000000d6380000, 0x0000000100000000)
  eden space 12288K, 0% used [0x00000000d5580000,0x00000000d5580000,0x00000000d6180000)
  from space 512K, 96% used [0x00000000d6300000,0x00000000d637c040,0x00000000d6380000)
  to   space 1024K, 0% used [0x00000000d6180000,0x00000000d6180000,0x00000000d6280000)
 ParOldGen       total 116224K, used 90466K [0x0000000080000000, 0x0000000087180000, 0x00000000d5580000)
  object space 116224K, 77% used [0x0000000080000000,0x0000000085858bd8,0x0000000087180000)
 Metaspace       used 63283K, committed 64768K, reserved 1114112K
  class space    used 6649K, committed 7296K, reserved 1048576K
}
Event: 74.174 GC heap before
{Heap before GC invocations=166 (full 3):
 PSYoungGen      total 12800K, used 12784K [0x00000000d5580000, 0x00000000d6380000, 0x0000000100000000)
  eden space 12288K, 100% used [0x00000000d5580000,0x00000000d6180000,0x00000000d6180000)
  from space 512K, 96% used [0x00000000d6300000,0x00000000d637c040,0x00000000d6380000)
  to   space 1024K, 0% used [0x00000000d6180000,0x00000000d6180000,0x00000000d6280000)
 ParOldGen       total 116224K, used 90466K [0x0000000080000000, 0x0000000087180000, 0x00000000d5580000)
  object space 116224K, 77% used [0x0000000080000000,0x0000000085858bd8,0x0000000087180000)
 Metaspace       used 63345K, committed 64896K, reserved 1114112K
  class space    used 6649K, committed 7296K, reserved 1048576K
}
Event: 74.176 GC heap after
{Heap after GC invocations=166 (full 3):
 PSYoungGen      total 13312K, used 1021K [0x00000000d5580000, 0x00000000d6480000, 0x0000000100000000)
  eden space 12288K, 0% used [0x00000000d5580000,0x00000000d5580000,0x00000000d6180000)
  from space 1024K, 99% used [0x00000000d6180000,0x00000000d627f510,0x00000000d6280000)
  to   space 1536K, 0% used [0x00000000d6300000,0x00000000d6300000,0x00000000d6480000)
 ParOldGen       total 116224K, used 90703K [0x0000000080000000, 0x0000000087180000, 0x00000000d5580000)
  object space 116224K, 78% used [0x0000000080000000,0x0000000085893ea8,0x0000000087180000)
 Metaspace       used 63345K, committed 64896K, reserved 1114112K
  class space    used 6649K, committed 7296K, reserved 1048576K
}
Event: 74.239 GC heap before
{Heap before GC invocations=167 (full 3):
 PSYoungGen      total 13312K, used 13309K [0x00000000d5580000, 0x00000000d6480000, 0x0000000100000000)
  eden space 12288K, 100% used [0x00000000d5580000,0x00000000d6180000,0x00000000d6180000)
  from space 1024K, 99% used [0x00000000d6180000,0x00000000d627f510,0x00000000d6280000)
  to   space 1536K, 0% used [0x00000000d6300000,0x00000000d6300000,0x00000000d6480000)
 ParOldGen       total 116224K, used 90703K [0x0000000080000000, 0x0000000087180000, 0x00000000d5580000)
  object space 116224K, 78% used [0x0000000080000000,0x0000000085893ea8,0x0000000087180000)
 Metaspace       used 63351K, committed 64896K, reserved 1114112K
  class space    used 6649K, committed 7296K, reserved 1048576K
}
Event: 74.241 GC heap after
{Heap after GC invocations=167 (full 3):
 PSYoungGen      total 13312K, used 800K [0x00000000d5580000, 0x00000000d6400000, 0x0000000100000000)
  eden space 12288K, 0% used [0x00000000d5580000,0x00000000d5580000,0x00000000d6180000)
  from space 1024K, 78% used [0x00000000d6300000,0x00000000d63c8030,0x00000000d6400000)
  to   space 1024K, 0% used [0x00000000d6180000,0x00000000d6180000,0x00000000d6280000)
 ParOldGen       total 116224K, used 91051K [0x0000000080000000, 0x0000000087180000, 0x00000000d5580000)
  object space 116224K, 78% used [0x0000000080000000,0x00000000858eaf98,0x0000000087180000)
 Metaspace       used 63351K, committed 64896K, reserved 1114112K
  class space    used 6649K, committed 7296K, reserved 1048576K
}
Event: 6574.028 GC heap before
{Heap before GC invocations=168 (full 3):
 PSYoungGen      total 13312K, used 13088K [0x00000000d5580000, 0x00000000d6400000, 0x0000000100000000)
  eden space 12288K, 100% used [0x00000000d5580000,0x00000000d6180000,0x00000000d6180000)
  from space 1024K, 78% used [0x00000000d6300000,0x00000000d63c8030,0x00000000d6400000)
  to   space 1024K, 0% used [0x00000000d6180000,0x00000000d6180000,0x00000000d6280000)
 ParOldGen       total 116224K, used 91051K [0x0000000080000000, 0x0000000087180000, 0x00000000d5580000)
  object space 116224K, 78% used [0x0000000080000000,0x00000000858eaf98,0x0000000087180000)
 Metaspace       used 63608K, committed 65216K, reserved 1114112K
  class space    used 6677K, committed 7360K, reserved 1048576K
}
Event: 6574.116 GC heap after
{Heap after GC invocations=168 (full 3):
 PSYoungGen      total 13312K, used 896K [0x00000000d5580000, 0x00000000d6380000, 0x0000000100000000)
  eden space 12288K, 0% used [0x00000000d5580000,0x00000000d5580000,0x00000000d6180000)
  from space 1024K, 87% used [0x00000000d6180000,0x00000000d6260020,0x00000000d6280000)
  to   space 1024K, 0% used [0x00000000d6280000,0x00000000d6280000,0x00000000d6380000)
 ParOldGen       total 116224K, used 91210K [0x0000000080000000, 0x0000000087180000, 0x00000000d5580000)
  object space 116224K, 78% used [0x0000000080000000,0x0000000085912b40,0x0000000087180000)
 Metaspace       used 63608K, committed 65216K, reserved 1114112K
  class space    used 6677K, committed 7360K, reserved 1048576K
}
Event: 6574.397 GC heap before
{Heap before GC invocations=169 (full 3):
 PSYoungGen      total 13312K, used 13184K [0x00000000d5580000, 0x00000000d6380000, 0x0000000100000000)
  eden space 12288K, 100% used [0x00000000d5580000,0x00000000d6180000,0x00000000d6180000)
  from space 1024K, 87% used [0x00000000d6180000,0x00000000d6260020,0x00000000d6280000)
  to   space 1024K, 0% used [0x00000000d6280000,0x00000000d6280000,0x00000000d6380000)
 ParOldGen       total 116224K, used 91210K [0x0000000080000000, 0x0000000087180000, 0x00000000d5580000)
  object space 116224K, 78% used [0x0000000080000000,0x0000000085912b40,0x0000000087180000)
 Metaspace       used 63608K, committed 65216K, reserved 1114112K
  class space    used 6677K, committed 7360K, reserved 1048576K
}
Event: 6574.410 GC heap after
{Heap after GC invocations=169 (full 3):
 PSYoungGen      total 10240K, used 1004K [0x00000000d5580000, 0x00000000d6980000, 0x0000000100000000)
  eden space 9216K, 0% used [0x00000000d5580000,0x00000000d5580000,0x00000000d5e80000)
  from space 1024K, 98% used [0x00000000d6280000,0x00000000d637b240,0x00000000d6380000)
  to   space 4096K, 0% used [0x00000000d5e80000,0x00000000d5e80000,0x00000000d6280000)
 ParOldGen       total 116224K, used 93681K [0x0000000080000000, 0x0000000087180000, 0x00000000d5580000)
  object space 116224K, 80% used [0x0000000080000000,0x0000000085b7c658,0x0000000087180000)
 Metaspace       used 63608K, committed 65216K, reserved 1114112K
  class space    used 6677K, committed 7360K, reserved 1048576K
}
Event: 6574.778 GC heap before
{Heap before GC invocations=170 (full 3):
 PSYoungGen      total 10240K, used 10220K [0x00000000d5580000, 0x00000000d6980000, 0x0000000100000000)
  eden space 9216K, 100% used [0x00000000d5580000,0x00000000d5e80000,0x00000000d5e80000)
  from space 1024K, 98% used [0x00000000d6280000,0x00000000d637b240,0x00000000d6380000)
  to   space 4096K, 0% used [0x00000000d5e80000,0x00000000d5e80000,0x00000000d6280000)
 ParOldGen       total 116224K, used 93681K [0x0000000080000000, 0x0000000087180000, 0x00000000d5580000)
  object space 116224K, 80% used [0x0000000080000000,0x0000000085b7c658,0x0000000087180000)
 Metaspace       used 63608K, committed 65216K, reserved 1114112K
  class space    used 6677K, committed 7360K, reserved 1048576K
}
Event: 6574.779 GC heap after
{Heap after GC invocations=170 (full 3):
 PSYoungGen      total 9728K, used 256K [0x00000000d5580000, 0x00000000d6300000, 0x0000000100000000)
  eden space 9216K, 0% used [0x00000000d5580000,0x00000000d5580000,0x00000000d5e80000)
  from space 512K, 50% used [0x00000000d5e80000,0x00000000d5ec0000,0x00000000d5f00000)
  to   space 1536K, 0% used [0x00000000d6180000,0x00000000d6180000,0x00000000d6300000)
 ParOldGen       total 116224K, used 93777K [0x0000000080000000, 0x0000000087180000, 0x00000000d5580000)
  object space 116224K, 80% used [0x0000000080000000,0x0000000085b94658,0x0000000087180000)
 Metaspace       used 63608K, committed 65216K, reserved 1114112K
  class space    used 6677K, committed 7360K, reserved 1048576K
}
Event: 6575.154 GC heap before
{Heap before GC invocations=171 (full 3):
 PSYoungGen      total 9728K, used 9455K [0x00000000d5580000, 0x00000000d6300000, 0x0000000100000000)
  eden space 9216K, 99% used [0x00000000d5580000,0x00000000d5e7be70,0x00000000d5e80000)
  from space 512K, 50% used [0x00000000d5e80000,0x00000000d5ec0000,0x00000000d5f00000)
  to   space 1536K, 0% used [0x00000000d6180000,0x00000000d6180000,0x00000000d6300000)
 ParOldGen       total 116224K, used 93777K [0x0000000080000000, 0x0000000087180000, 0x00000000d5580000)
  object space 116224K, 80% used [0x0000000080000000,0x0000000085b94658,0x0000000087180000)
 Metaspace       used 64427K, committed 65984K, reserved 1114112K
  class space    used 6757K, committed 7424K, reserved 1048576K
}
Event: 6575.155 GC heap after
{Heap after GC invocations=171 (full 3):
 PSYoungGen      total 10240K, used 705K [0x00000000d5580000, 0x00000000d6280000, 0x0000000100000000)
  eden space 9216K, 0% used [0x00000000d5580000,0x00000000d5580000,0x00000000d5e80000)
  from space 1024K, 68% used [0x00000000d6180000,0x00000000d6230748,0x00000000d6280000)
  to   space 1024K, 0% used [0x00000000d6080000,0x00000000d6080000,0x00000000d6180000)
 ParOldGen       total 116224K, used 93881K [0x0000000080000000, 0x0000000087180000, 0x00000000d5580000)
  object space 116224K, 80% used [0x0000000080000000,0x0000000085bae658,0x0000000087180000)
 Metaspace       used 64427K, committed 65984K, reserved 1114112K
  class space    used 6757K, committed 7424K, reserved 1048576K
}
Event: 6575.286 GC heap before
{Heap before GC invocations=172 (full 3):
 PSYoungGen      total 10240K, used 9921K [0x00000000d5580000, 0x00000000d6280000, 0x0000000100000000)
  eden space 9216K, 100% used [0x00000000d5580000,0x00000000d5e80000,0x00000000d5e80000)
  from space 1024K, 68% used [0x00000000d6180000,0x00000000d6230748,0x00000000d6280000)
  to   space 1024K, 0% used [0x00000000d6080000,0x00000000d6080000,0x00000000d6180000)
 ParOldGen       total 116224K, used 93881K [0x0000000080000000, 0x0000000087180000, 0x00000000d5580000)
  object space 116224K, 80% used [0x0000000080000000,0x0000000085bae658,0x0000000087180000)
 Metaspace       used 65574K, committed 67136K, reserved 1114112K
  class space    used 6901K, committed 7552K, reserved 1048576K
}
Event: 6575.289 GC heap after
{Heap after GC invocations=172 (full 3):
 PSYoungGen      total 10240K, used 352K [0x00000000d5580000, 0x00000000d6200000, 0x0000000100000000)
  eden space 9216K, 0% used [0x00000000d5580000,0x00000000d5580000,0x00000000d5e80000)
  from space 1024K, 34% used [0x00000000d6080000,0x00000000d60d8000,0x00000000d6180000)
  to   space 512K, 0% used [0x00000000d6180000,0x00000000d6180000,0x00000000d6200000)
 ParOldGen       total 116224K, used 94240K [0x0000000080000000, 0x0000000087180000, 0x00000000d5580000)
  object space 116224K, 81% used [0x0000000080000000,0x0000000085c08238,0x0000000087180000)
 Metaspace       used 65574K, committed 67136K, reserved 1114112K
  class space    used 6901K, committed 7552K, reserved 1048576K
}
Event: 6575.380 GC heap before
{Heap before GC invocations=173 (full 3):
 PSYoungGen      total 10240K, used 9567K [0x00000000d5580000, 0x00000000d6200000, 0x0000000100000000)
  eden space 9216K, 99% used [0x00000000d5580000,0x00000000d5e7ffd0,0x00000000d5e80000)
  from space 1024K, 34% used [0x00000000d6080000,0x00000000d60d8000,0x00000000d6180000)
  to   space 512K, 0% used [0x00000000d6180000,0x00000000d6180000,0x00000000d6200000)
 ParOldGen       total 116224K, used 94240K [0x0000000080000000, 0x0000000087180000, 0x00000000d5580000)
  object space 116224K, 81% used [0x0000000080000000,0x0000000085c08238,0x0000000087180000)
 Metaspace       used 66483K, committed 68032K, reserved 1114112K
  class space    used 7063K, committed 7744K, reserved 1048576K
}
Event: 6575.382 GC heap after
{Heap after GC invocations=173 (full 3):
 PSYoungGen      total 9728K, used 352K [0x00000000d5580000, 0x00000000d6200000, 0x0000000100000000)
  eden space 9216K, 0% used [0x00000000d5580000,0x00000000d5580000,0x00000000d5e80000)
  from space 512K, 68% used [0x00000000d6180000,0x00000000d61d8000,0x00000000d6200000)
  to   space 512K, 0% used [0x00000000d6100000,0x00000000d6100000,0x00000000d6180000)
 ParOldGen       total 116224K, used 94416K [0x0000000080000000, 0x0000000087180000, 0x00000000d5580000)
  object space 116224K, 81% used [0x0000000080000000,0x0000000085c34278,0x0000000087180000)
 Metaspace       used 66483K, committed 68032K, reserved 1114112K
  class space    used 7063K, committed 7744K, reserved 1048576K
}

