# JRE version: OpenJDK Runtime Environment Temurin-21.0.10+7 (21.0.10+7) (build 21.0.10+7-LTS)
# Java VM: OpenJDK 64-Bit Server VM Temurin-21.0.10+7 (21.0.10+7-LTS, mixed mode, sharing, tiered, compressed oops, compressed class ptrs, parallel gc, windows-amd64)
GC Precious Log:
 CardTable entry size: 512
 CPUs: 8 total, 8 available
 Memory: 12152M
 Large Page Support: Disabled
 NUMA Support: Disabled
 Compressed Oops: Enabled (32-bit)
 Alignments: Space 512K, Generation 512K, Heap 2M
 Heap Min Capacity: 100M
 Heap Initial Capacity: 100M
 Heap Max Capacity: 2G
 Pre-touch: Disabled
 Parallel Workers: 8
Heap:
 PSYoungGen      total 5632K, used 2949K [0x00000000d5580000, 0x00000000d5c00000, 0x0000000100000000)
  eden space 4608K, 52% used [0x00000000d5580000,0x00000000d57dd3f8,0x00000000d5a00000)
  from space 1024K, 51% used [0x00000000d5b00000,0x00000000d5b84010,0x00000000d5c00000)
  to   space 1024K, 0% used [0x00000000d5a00000,0x00000000d5a00000,0x00000000d5b00000)
 ParOldGen       total 233472K, used 233458K [0x0000000080000000, 0x000000008e400000, 0x00000000d5580000)
  object space 233472K, 99% used [0x0000000080000000,0x000000008e3fc9a8,0x000000008e400000)
 Metaspace       used 74576K, committed 76224K, reserved 1179648K
  class space    used 7732K, committed 8448K, reserved 1048576K
GC Heap History (20 events):
Event: 1999.796 GC heap before
{Heap before GC invocations=312 (full 3):
 PSYoungGen      total 5120K, used 5104K [0x00000000d5580000, 0x00000000d5b80000, 0x0000000100000000)
  eden space 4608K, 100% used [0x00000000d5580000,0x00000000d5a00000,0x00000000d5a00000)
  from space 512K, 96% used [0x00000000d5b00000,0x00000000d5b7c010,0x00000000d5b80000)
  to   space 512K, 0% used [0x00000000d5a80000,0x00000000d5a80000,0x00000000d5b00000)
 ParOldGen       total 229376K, used 229112K [0x0000000080000000, 0x000000008e000000, 0x00000000d5580000)
  object space 229376K, 99% used [0x0000000080000000,0x000000008dfbe3f8,0x000000008e000000)
 Metaspace       used 74381K, committed 76032K, reserved 1179648K
  class space    used 7719K, committed 8448K, reserved 1048576K
}
Event: 1999.798 GC heap after
{Heap after GC invocations=312 (full 3):
 PSYoungGen      total 5120K, used 489K [0x00000000d5580000, 0x00000000d5c00000, 0x0000000100000000)
  eden space 4608K, 0% used [0x00000000d5580000,0x00000000d5580000,0x00000000d5a00000)
  from space 512K, 95% used [0x00000000d5a80000,0x00000000d5afa480,0x00000000d5b00000)
  to   space 1024K, 0% used [0x00000000d5b00000,0x00000000d5b00000,0x00000000d5c00000)
 ParOldGen       total 229888K, used 229513K [0x0000000080000000, 0x000000008e080000, 0x00000000d5580000)
  object space 229888K, 99% used [0x0000000080000000,0x000000008e022428,0x000000008e080000)
 Metaspace       used 74381K, committed 76032K, reserved 1179648K
  class space    used 7719K, committed 8448K, reserved 1048576K
}
Event: 1999.825 GC heap before
{Heap before GC invocations=313 (full 3):
 PSYoungGen      total 5120K, used 5097K [0x00000000d5580000, 0x00000000d5c00000, 0x0000000100000000)
  eden space 4608K, 100% used [0x00000000d5580000,0x00000000d5a00000,0x00000000d5a00000)
  from space 512K, 95% used [0x00000000d5a80000,0x00000000d5afa480,0x00000000d5b00000)
  to   space 1024K, 0% used [0x00000000d5b00000,0x00000000d5b00000,0x00000000d5c00000)
 ParOldGen       total 229888K, used 229513K [0x0000000080000000, 0x000000008e080000, 0x00000000d5580000)
  object space 229888K, 99% used [0x0000000080000000,0x000000008e022428,0x000000008e080000)
 Metaspace       used 74501K, committed 76160K, reserved 1179648K
  class space    used 7729K, committed 8448K, reserved 1048576K
}
Event: 1999.826 GC heap after
{Heap after GC invocations=313 (full 3):
 PSYoungGen      total 5632K, used 887K [0x00000000d5580000, 0x00000000d5c00000, 0x0000000100000000)
  eden space 4608K, 0% used [0x00000000d5580000,0x00000000d5580000,0x00000000d5a00000)
  from space 1024K, 86% used [0x00000000d5b00000,0x00000000d5bdde08,0x00000000d5c00000)
  to   space 1024K, 0% used [0x00000000d5a00000,0x00000000d5a00000,0x00000000d5b00000)
 ParOldGen       total 230400K, used 229973K [0x0000000080000000, 0x000000008e100000, 0x00000000d5580000)
  object space 230400K, 99% used [0x0000000080000000,0x000000008e0957b8,0x000000008e100000)
 Metaspace       used 74501K, committed 76160K, reserved 1179648K
  class space    used 7729K, committed 8448K, reserved 1048576K
}
Event: 1999.839 GC heap before
{Heap before GC invocations=314 (full 3):
 PSYoungGen      total 5632K, used 5495K [0x00000000d5580000, 0x00000000d5c00000, 0x0000000100000000)
  eden space 4608K, 100% used [0x00000000d5580000,0x00000000d5a00000,0x00000000d5a00000)
  from space 1024K, 86% used [0x00000000d5b00000,0x00000000d5bdde08,0x00000000d5c00000)
  to   space 1024K, 0% used [0x00000000d5a00000,0x00000000d5a00000,0x00000000d5b00000)
 ParOldGen       total 230400K, used 229973K [0x0000000080000000, 0x000000008e100000, 0x00000000d5580000)
  object space 230400K, 99% used [0x0000000080000000,0x000000008e0957b8,0x000000008e100000)
 Metaspace       used 74502K, committed 76160K, reserved 1179648K
  class space    used 7729K, committed 8448K, reserved 1048576K
}
Event: 1999.840 GC heap after
{Heap after GC invocations=314 (full 3):
 PSYoungGen      total 5632K, used 544K [0x00000000d5580000, 0x00000000d5c00000, 0x0000000100000000)
  eden space 4608K, 0% used [0x00000000d5580000,0x00000000d5580000,0x00000000d5a00000)
  from space 1024K, 53% used [0x00000000d5a00000,0x00000000d5a88000,0x00000000d5b00000)
  to   space 1024K, 0% used [0x00000000d5b00000,0x00000000d5b00000,0x00000000d5c00000)
 ParOldGen       total 230912K, used 230794K [0x0000000080000000, 0x000000008e180000, 0x00000000d5580000)
  object space 230912K, 99% used [0x0000000080000000,0x000000008e162ab0,0x000000008e180000)
 Metaspace       used 74502K, committed 76160K, reserved 1179648K
  class space    used 7729K, committed 8448K, reserved 1048576K
}
Event: 1999.864 GC heap before
{Heap before GC invocations=315 (full 3):
 PSYoungGen      total 5632K, used 5152K [0x00000000d5580000, 0x00000000d5c00000, 0x0000000100000000)
  eden space 4608K, 100% used [0x00000000d5580000,0x00000000d5a00000,0x00000000d5a00000)
  from space 1024K, 53% used [0x00000000d5a00000,0x00000000d5a88000,0x00000000d5b00000)
  to   space 1024K, 0% used [0x00000000d5b00000,0x00000000d5b00000,0x00000000d5c00000)
 ParOldGen       total 230912K, used 230794K [0x0000000080000000, 0x000000008e180000, 0x00000000d5580000)
  object space 230912K, 99% used [0x0000000080000000,0x000000008e162ab0,0x000000008e180000)
 Metaspace       used 74502K, committed 76160K, reserved 1179648K
  class space    used 7729K, committed 8448K, reserved 1048576K
}
Event: 1999.866 GC heap after
{Heap after GC invocations=315 (full 3):
 PSYoungGen      total 5632K, used 576K [0x00000000d5580000, 0x00000000d5c00000, 0x0000000100000000)
  eden space 4608K, 0% used [0x00000000d5580000,0x00000000d5580000,0x00000000d5a00000)
  from space 1024K, 56% used [0x00000000d5b00000,0x00000000d5b90020,0x00000000d5c00000)
  to   space 1024K, 0% used [0x00000000d5a00000,0x00000000d5a00000,0x00000000d5b00000)
 ParOldGen       total 231424K, used 231158K [0x0000000080000000, 0x000000008e200000, 0x00000000d5580000)
  object space 231424K, 99% used [0x0000000080000000,0x000000008e1bdac0,0x000000008e200000)
 Metaspace       used 74502K, committed 76160K, reserved 1179648K
  class space    used 7729K, committed 8448K, reserved 1048576K
}
Event: 1999.881 GC heap before
{Heap before GC invocations=316 (full 3):
 PSYoungGen      total 5632K, used 5184K [0x00000000d5580000, 0x00000000d5c00000, 0x0000000100000000)
  eden space 4608K, 100% used [0x00000000d5580000,0x00000000d5a00000,0x00000000d5a00000)
  from space 1024K, 56% used [0x00000000d5b00000,0x00000000d5b90020,0x00000000d5c00000)
  to   space 1024K, 0% used [0x00000000d5a00000,0x00000000d5a00000,0x00000000d5b00000)
 ParOldGen       total 231424K, used 231158K [0x0000000080000000, 0x000000008e200000, 0x00000000d5580000)
  object space 231424K, 99% used [0x0000000080000000,0x000000008e1bdac0,0x000000008e200000)
 Metaspace       used 74507K, committed 76160K, reserved 1179648K
  class space    used 7729K, committed 8448K, reserved 1048576K
}
Event: 1999.883 GC heap after
{Heap after GC invocations=316 (full 3):
 PSYoungGen      total 5632K, used 448K [0x00000000d5580000, 0x00000000d5b80000, 0x0000000100000000)
  eden space 4608K, 0% used [0x00000000d5580000,0x00000000d5580000,0x00000000d5a00000)
  from space 1024K, 43% used [0x00000000d5a00000,0x00000000d5a70000,0x00000000d5b00000)
  to   space 512K, 0% used [0x00000000d5b00000,0x00000000d5b00000,0x00000000d5b80000)
 ParOldGen       total 231936K, used 231614K [0x0000000080000000, 0x000000008e280000, 0x00000000d5580000)
  object space 231936K, 99% used [0x0000000080000000,0x000000008e22fb00,0x000000008e280000)
 Metaspace       used 74507K, committed 76160K, reserved 1179648K
  class space    used 7729K, committed 8448K, reserved 1048576K
}
Event: 1999.896 GC heap before
{Heap before GC invocations=317 (full 3):
 PSYoungGen      total 5632K, used 5056K [0x00000000d5580000, 0x00000000d5b80000, 0x0000000100000000)
  eden space 4608K, 100% used [0x00000000d5580000,0x00000000d5a00000,0x00000000d5a00000)
  from space 1024K, 43% used [0x00000000d5a00000,0x00000000d5a70000,0x00000000d5b00000)
  to   space 512K, 0% used [0x00000000d5b00000,0x00000000d5b00000,0x00000000d5b80000)
 ParOldGen       total 231936K, used 231614K [0x0000000080000000, 0x000000008e280000, 0x00000000d5580000)
  object space 231936K, 99% used [0x0000000080000000,0x000000008e22fb00,0x000000008e280000)
 Metaspace       used 74513K, committed 76160K, reserved 1179648K
  class space    used 7729K, committed 8448K, reserved 1048576K
}
Event: 1999.897 GC heap after
{Heap after GC invocations=317 (full 3):
 PSYoungGen      total 5120K, used 480K [0x00000000d5580000, 0x00000000d5c00000, 0x0000000100000000)
  eden space 4608K, 0% used [0x00000000d5580000,0x00000000d5580000,0x00000000d5a00000)
  from space 512K, 93% used [0x00000000d5b00000,0x00000000d5b78020,0x00000000d5b80000)
  to   space 1024K, 0% used [0x00000000d5a00000,0x00000000d5a00000,0x00000000d5b00000)
 ParOldGen       total 231936K, used 231910K [0x0000000080000000, 0x000000008e280000, 0x00000000d5580000)
  object space 231936K, 99% used [0x0000000080000000,0x000000008e279b20,0x000000008e280000)
 Metaspace       used 74513K, committed 76160K, reserved 1179648K
  class space    used 7729K, committed 8448K, reserved 1048576K
}
Event: 1999.926 GC heap before
{Heap before GC invocations=318 (full 3):
 PSYoungGen      total 5120K, used 5088K [0x00000000d5580000, 0x00000000d5c00000, 0x0000000100000000)
  eden space 4608K, 100% used [0x00000000d5580000,0x00000000d5a00000,0x00000000d5a00000)
  from space 512K, 93% used [0x00000000d5b00000,0x00000000d5b78020,0x00000000d5b80000)
  to   space 1024K, 0% used [0x00000000d5a00000,0x00000000d5a00000,0x00000000d5b00000)
 ParOldGen       total 231936K, used 231910K [0x0000000080000000, 0x000000008e280000, 0x00000000d5580000)
  object space 231936K, 99% used [0x0000000080000000,0x000000008e279b20,0x000000008e280000)
 Metaspace       used 74515K, committed 76160K, reserved 1179648K
  class space    used 7729K, committed 8448K, reserved 1048576K
}
Event: 1999.928 GC heap after
{Heap after GC invocations=318 (full 3):
 PSYoungGen      total 5632K, used 512K [0x00000000d5580000, 0x00000000d5c00000, 0x0000000100000000)
  eden space 4608K, 0% used [0x00000000d5580000,0x00000000d5580000,0x00000000d5a00000)
  from space 1024K, 50% used [0x00000000d5a00000,0x00000000d5a80000,0x00000000d5b00000)
  to   space 1024K, 0% used [0x00000000d5b00000,0x00000000d5b00000,0x00000000d5c00000)
 ParOldGen       total 232448K, used 232314K [0x0000000080000000, 0x000000008e300000, 0x00000000d5580000)
  object space 232448K, 99% used [0x0000000080000000,0x000000008e2deb50,0x000000008e300000)
 Metaspace       used 74515K, committed 76160K, reserved 1179648K
  class space    used 7729K, committed 8448K, reserved 1048576K
}
Event: 1999.953 GC heap before
{Heap before GC invocations=319 (full 3):
 PSYoungGen      total 5632K, used 5120K [0x00000000d5580000, 0x00000000d5c00000, 0x0000000100000000)
  eden space 4608K, 100% used [0x00000000d5580000,0x00000000d5a00000,0x00000000d5a00000)
  from space 1024K, 50% used [0x00000000d5a00000,0x00000000d5a80000,0x00000000d5b00000)
  to   space 1024K, 0% used [0x00000000d5b00000,0x00000000d5b00000,0x00000000d5c00000)
 ParOldGen       total 232448K, used 232314K [0x0000000080000000, 0x000000008e300000, 0x00000000d5580000)
  object space 232448K, 99% used [0x0000000080000000,0x000000008e2deb50,0x000000008e300000)
 Metaspace       used 74515K, committed 76160K, reserved 1179648K
  class space    used 7729K, committed 8448K, reserved 1048576K
}
Event: 1999.956 GC heap after
{Heap after GC invocations=319 (full 3):
 PSYoungGen      total 5120K, used 448K [0x00000000d5580000, 0x00000000d5b80000, 0x0000000100000000)
  eden space 4608K, 0% used [0x00000000d5580000,0x00000000d5580000,0x00000000d5a00000)
  from space 512K, 87% used [0x00000000d5b00000,0x00000000d5b70000,0x00000000d5b80000)
  to   space 512K, 0% used [0x00000000d5a80000,0x00000000d5a80000,0x00000000d5b00000)
 ParOldGen       total 232960K, used 232690K [0x0000000080000000, 0x000000008e380000, 0x00000000d5580000)
  object space 232960K, 99% used [0x0000000080000000,0x000000008e33cb90,0x000000008e380000)
 Metaspace       used 74515K, committed 76160K, reserved 1179648K
  class space    used 7729K, committed 8448K, reserved 1048576K
}
Event: 1999.978 GC heap before
{Heap before GC invocations=320 (full 3):
 PSYoungGen      total 5120K, used 5056K [0x00000000d5580000, 0x00000000d5b80000, 0x0000000100000000)
  eden space 4608K, 100% used [0x00000000d5580000,0x00000000d5a00000,0x00000000d5a00000)
  from space 512K, 87% used [0x00000000d5b00000,0x00000000d5b70000,0x00000000d5b80000)
  to   space 512K, 0% used [0x00000000d5a80000,0x00000000d5a80000,0x00000000d5b00000)
 ParOldGen       total 232960K, used 232690K [0x0000000080000000, 0x000000008e380000, 0x00000000d5580000)
  object space 232960K, 99% used [0x0000000080000000,0x000000008e33cb90,0x000000008e380000)
 Metaspace       used 74521K, committed 76160K, reserved 1179648K
  class space    used 7730K, committed 8448K, reserved 1048576K
}
Event: 1999.980 GC heap after
{Heap after GC invocations=320 (full 3):
 PSYoungGen      total 5120K, used 512K [0x00000000d5580000, 0x00000000d5c00000, 0x0000000100000000)
  eden space 4608K, 0% used [0x00000000d5580000,0x00000000d5580000,0x00000000d5a00000)
  from space 512K, 100% used [0x00000000d5a80000,0x00000000d5b00000,0x00000000d5b00000)
  to   space 1024K, 0% used [0x00000000d5b00000,0x00000000d5b00000,0x00000000d5c00000)
 ParOldGen       total 233472K, used 233042K [0x0000000080000000, 0x000000008e400000, 0x00000000d5580000)
  object space 233472K, 99% used [0x0000000080000000,0x000000008e394bb0,0x000000008e400000)
 Metaspace       used 74521K, committed 76160K, reserved 1179648K
  class space    used 7730K, committed 8448K, reserved 1048576K
}
Event: 2000.016 GC heap before
{Heap before GC invocations=321 (full 3):
 PSYoungGen      total 5120K, used 5120K [0x00000000d5580000, 0x00000000d5c00000, 0x0000000100000000)
  eden space 4608K, 100% used [0x00000000d5580000,0x00000000d5a00000,0x00000000d5a00000)
  from space 512K, 100% used [0x00000000d5a80000,0x00000000d5b00000,0x00000000d5b00000)
  to   space 1024K, 0% used [0x00000000d5b00000,0x00000000d5b00000,0x00000000d5c00000)
 ParOldGen       total 233472K, used 233042K [0x0000000080000000, 0x000000008e400000, 0x00000000d5580000)
  object space 233472K, 99% used [0x0000000080000000,0x000000008e394bb0,0x000000008e400000)
 Metaspace       used 74532K, committed 76160K, reserved 1179648K
  class space    used 7730K, committed 8448K, reserved 1048576K
}
Event: 2000.019 GC heap after
{Heap after GC invocations=321 (full 3):
 PSYoungGen      total 5632K, used 528K [0x00000000d5580000, 0x00000000d5c00000, 0x0000000100000000)
  eden space 4608K, 0% used [0x00000000d5580000,0x00000000d5580000,0x00000000d5a00000)
  from space 1024K, 51% used [0x00000000d5b00000,0x00000000d5b84010,0x00000000d5c00000)
  to   space 1024K, 0% used [0x00000000d5a00000,0x00000000d5a00000,0x00000000d5b00000)
 ParOldGen       total 233472K, used 233458K [0x0000000080000000, 0x000000008e400000, 0x00000000d5580000)
  object space 233472K, 99% used [0x0000000080000000,0x000000008e3fc9a8,0x000000008e400000)
 Metaspace       used 74532K, committed 76160K, reserved 1179648K
  class space    used 7730K, committed 8448K, reserved 1048576K
}

