# JRE version: OpenJDK Runtime Environment Temurin-21.0.10+7 (21.0.10+7) (build 21.0.10+7-LTS)
# Java VM: OpenJDK 64-Bit Server VM Temurin-21.0.10+7 (21.0.10+7-LTS, mixed mode, sharing, tiered, compressed oops, compressed class ptrs, parallel gc, windows-amd64)
GC Precious Log:
 CardTable entry size: 512
 CPUs: 8 total, 8 available
 Memory: 12152M
 Large Page Support: Disabled
 NUMA Support: Disabled
 Compressed Oops: Enabled (32-bit)
 Alignments: Space 512K, Generation 512K, Heap 2M
 Heap Min Capacity: 100M
 Heap Initial Capacity: 100M
 Heap Max Capacity: 2G
 Pre-touch: Disabled
 Parallel Workers: 8
Heap:
 PSYoungGen      total 4096K, used 3515K [0x00000000d5580000, 0x00000000d5a80000, 0x0000000100000000)
  eden space 3584K, 85% used [0x00000000d5580000,0x00000000d587a008,0x00000000d5900000)
  from space 512K, 91% used [0x00000000d5a00000,0x00000000d5a74d00,0x00000000d5a80000)
  to   space 512K, 0% used [0x00000000d5980000,0x00000000d5980000,0x00000000d5a00000)
 ParOldGen       total 234496K, used 234065K [0x0000000080000000, 0x000000008e500000, 0x00000000d5580000)
  object space 234496K, 99% used [0x0000000080000000,0x000000008e494510,0x000000008e500000)
 Metaspace       used 70910K, committed 72384K, reserved 1114112K
  class space    used 7230K, committed 7872K, reserved 1048576K
GC Heap History (20 events):
Event: 32.989 GC heap before
{Heap before GC invocations=597 (full 3):
 PSYoungGen      total 4096K, used 4087K [0x00000000d5580000, 0x00000000d5b00000, 0x0000000100000000)
  eden space 3584K, 100% used [0x00000000d5580000,0x00000000d5900000,0x00000000d5900000)
  from space 512K, 98% used [0x00000000d5980000,0x00000000d59fdf30,0x00000000d5a00000)
  to   space 1024K, 0% used [0x00000000d5a00000,0x00000000d5a00000,0x00000000d5b00000)
 ParOldGen       total 230912K, used 230562K [0x0000000080000000, 0x000000008e180000, 0x00000000d5580000)
  object space 230912K, 99% used [0x0000000080000000,0x000000008e128948,0x000000008e180000)
 Metaspace       used 70799K, committed 72320K, reserved 1114112K
  class space    used 7224K, committed 7872K, reserved 1048576K
}
Event: 32.992 GC heap after
{Heap after GC invocations=597 (full 3):
 PSYoungGen      total 4608K, used 480K [0x00000000d5580000, 0x00000000d5b00000, 0x0000000100000000)
  eden space 3584K, 0% used [0x00000000d5580000,0x00000000d5580000,0x00000000d5900000)
  from space 1024K, 46% used [0x00000000d5a00000,0x00000000d5a78000,0x00000000d5b00000)
  to   space 1024K, 0% used [0x00000000d5900000,0x00000000d5900000,0x00000000d5a00000)
 ParOldGen       total 230912K, used 230880K [0x0000000080000000, 0x000000008e180000, 0x00000000d5580000)
  object space 230912K, 99% used [0x0000000080000000,0x000000008e178000,0x000000008e180000)
 Metaspace       used 70799K, committed 72320K, reserved 1114112K
  class space    used 7224K, committed 7872K, reserved 1048576K
}
Event: 33.018 GC heap before
{Heap before GC invocations=598 (full 3):
 PSYoungGen      total 4608K, used 4063K [0x00000000d5580000, 0x00000000d5b00000, 0x0000000100000000)
  eden space 3584K, 99% used [0x00000000d5580000,0x00000000d58ffff0,0x00000000d5900000)
  from space 1024K, 46% used [0x00000000d5a00000,0x00000000d5a78000,0x00000000d5b00000)
  to   space 1024K, 0% used [0x00000000d5900000,0x00000000d5900000,0x00000000d5a00000)
 ParOldGen       total 230912K, used 230880K [0x0000000080000000, 0x000000008e180000, 0x00000000d5580000)
  object space 230912K, 99% used [0x0000000080000000,0x000000008e178000,0x000000008e180000)
 Metaspace       used 70807K, committed 72320K, reserved 1114112K
  class space    used 7224K, committed 7872K, reserved 1048576K
}
Event: 33.021 GC heap after
{Heap after GC invocations=598 (full 3):
 PSYoungGen      total 4608K, used 454K [0x00000000d5580000, 0x00000000d5a80000, 0x0000000100000000)
  eden space 3584K, 0% used [0x00000000d5580000,0x00000000d5580000,0x00000000d5900000)
  from space 1024K, 44% used [0x00000000d5900000,0x00000000d5971980,0x00000000d5a00000)
  to   space 512K, 0% used [0x00000000d5a00000,0x00000000d5a00000,0x00000000d5a80000)
 ParOldGen       total 231424K, used 231187K [0x0000000080000000, 0x000000008e200000, 0x00000000d5580000)
  object space 231424K, 99% used [0x0000000080000000,0x000000008e1c4f68,0x000000008e200000)
 Metaspace       used 70807K, committed 72320K, reserved 1114112K
  class space    used 7224K, committed 7872K, reserved 1048576K
}
Event: 33.078 GC heap before
{Heap before GC invocations=599 (full 3):
 PSYoungGen      total 4608K, used 4038K [0x00000000d5580000, 0x00000000d5a80000, 0x0000000100000000)
  eden space 3584K, 100% used [0x00000000d5580000,0x00000000d5900000,0x00000000d5900000)
  from space 1024K, 44% used [0x00000000d5900000,0x00000000d5971980,0x00000000d5a00000)
  to   space 512K, 0% used [0x00000000d5a00000,0x00000000d5a00000,0x00000000d5a80000)
 ParOldGen       total 231424K, used 231187K [0x0000000080000000, 0x000000008e200000, 0x00000000d5580000)
  object space 231424K, 99% used [0x0000000080000000,0x000000008e1c4f68,0x000000008e200000)
 Metaspace       used 70808K, committed 72320K, reserved 1114112K
  class space    used 7224K, committed 7872K, reserved 1048576K
}
Event: 33.082 GC heap after
{Heap after GC invocations=599 (full 3):
 PSYoungGen      total 4096K, used 506K [0x00000000d5580000, 0x00000000d5b00000, 0x0000000100000000)
  eden space 3584K, 0% used [0x00000000d5580000,0x00000000d5580000,0x00000000d5900000)
  from space 512K, 98% used [0x00000000d5a00000,0x00000000d5a7e9e0,0x00000000d5a80000)
  to   space 1024K, 0% used [0x00000000d5900000,0x00000000d5900000,0x00000000d5a00000)
 ParOldGen       total 231936K, used 231557K [0x0000000080000000, 0x000000008e280000, 0x00000000d5580000)
  object space 231936K, 99% used [0x0000000080000000,0x000000008e2217e0,0x000000008e280000)
 Metaspace       used 70808K, committed 72320K, reserved 1114112K
  class space    used 7224K, committed 7872K, reserved 1048576K
}
Event: 33.104 GC heap before
{Heap before GC invocations=600 (full 3):
 PSYoungGen      total 4096K, used 4090K [0x00000000d5580000, 0x00000000d5b00000, 0x0000000100000000)
  eden space 3584K, 100% used [0x00000000d5580000,0x00000000d5900000,0x00000000d5900000)
  from space 512K, 98% used [0x00000000d5a00000,0x00000000d5a7e9e0,0x00000000d5a80000)
  to   space 1024K, 0% used [0x00000000d5900000,0x00000000d5900000,0x00000000d5a00000)
 ParOldGen       total 231936K, used 231557K [0x0000000080000000, 0x000000008e280000, 0x00000000d5580000)
  object space 231936K, 99% used [0x0000000080000000,0x000000008e2217e0,0x000000008e280000)
 Metaspace       used 70808K, committed 72320K, reserved 1114112K
  class space    used 7224K, committed 7872K, reserved 1048576K
}
Event: 33.109 GC heap after
{Heap after GC invocations=600 (full 3):
 PSYoungGen      total 4608K, used 461K [0x00000000d5580000, 0x00000000d5b00000, 0x0000000100000000)
  eden space 3584K, 0% used [0x00000000d5580000,0x00000000d5580000,0x00000000d5900000)
  from space 1024K, 45% used [0x00000000d5900000,0x00000000d5973670,0x00000000d5a00000)
  to   space 1024K, 0% used [0x00000000d5a00000,0x00000000d5a00000,0x00000000d5b00000)
 ParOldGen       total 231936K, used 231899K [0x0000000080000000, 0x000000008e280000, 0x00000000d5580000)
  object space 231936K, 99% used [0x0000000080000000,0x000000008e276db0,0x000000008e280000)
 Metaspace       used 70808K, committed 72320K, reserved 1114112K
  class space    used 7224K, committed 7872K, reserved 1048576K
}
Event: 33.189 GC heap before
{Heap before GC invocations=601 (full 3):
 PSYoungGen      total 4608K, used 4045K [0x00000000d5580000, 0x00000000d5b00000, 0x0000000100000000)
  eden space 3584K, 100% used [0x00000000d5580000,0x00000000d5900000,0x00000000d5900000)
  from space 1024K, 45% used [0x00000000d5900000,0x00000000d5973670,0x00000000d5a00000)
  to   space 1024K, 0% used [0x00000000d5a00000,0x00000000d5a00000,0x00000000d5b00000)
 ParOldGen       total 231936K, used 231899K [0x0000000080000000, 0x000000008e280000, 0x00000000d5580000)
  object space 231936K, 99% used [0x0000000080000000,0x000000008e276db0,0x000000008e280000)
 Metaspace       used 70823K, committed 72320K, reserved 1114112K
  class space    used 7225K, committed 7872K, reserved 1048576K
}
Event: 33.191 GC heap after
{Heap after GC invocations=601 (full 3):
 PSYoungGen      total 4096K, used 391K [0x00000000d5580000, 0x00000000d5a80000, 0x0000000100000000)
  eden space 3584K, 0% used [0x00000000d5580000,0x00000000d5580000,0x00000000d5900000)
  from space 512K, 76% used [0x00000000d5a00000,0x00000000d5a61f58,0x00000000d5a80000)
  to   space 512K, 0% used [0x00000000d5980000,0x00000000d5980000,0x00000000d5a00000)
 ParOldGen       total 232448K, used 232206K [0x0000000080000000, 0x000000008e300000, 0x00000000d5580000)
  object space 232448K, 99% used [0x0000000080000000,0x000000008e2c38f0,0x000000008e300000)
 Metaspace       used 70823K, committed 72320K, reserved 1114112K
  class space    used 7225K, committed 7872K, reserved 1048576K
}
Event: 33.223 GC heap before
{Heap before GC invocations=602 (full 3):
 PSYoungGen      total 4096K, used 3975K [0x00000000d5580000, 0x00000000d5a80000, 0x0000000100000000)
  eden space 3584K, 100% used [0x00000000d5580000,0x00000000d5900000,0x00000000d5900000)
  from space 512K, 76% used [0x00000000d5a00000,0x00000000d5a61f58,0x00000000d5a80000)
  to   space 512K, 0% used [0x00000000d5980000,0x00000000d5980000,0x00000000d5a00000)
 ParOldGen       total 232448K, used 232206K [0x0000000080000000, 0x000000008e300000, 0x00000000d5580000)
  object space 232448K, 99% used [0x0000000080000000,0x000000008e2c38f0,0x000000008e300000)
 Metaspace       used 70826K, committed 72320K, reserved 1114112K
  class space    used 7225K, committed 7872K, reserved 1048576K
}
Event: 33.225 GC heap after
{Heap after GC invocations=602 (full 3):
 PSYoungGen      total 4096K, used 368K [0x00000000d5580000, 0x00000000d5a80000, 0x0000000100000000)
  eden space 3584K, 0% used [0x00000000d5580000,0x00000000d5580000,0x00000000d5900000)
  from space 512K, 71% used [0x00000000d5980000,0x00000000d59dc010,0x00000000d5a00000)
  to   space 512K, 0% used [0x00000000d5a00000,0x00000000d5a00000,0x00000000d5a80000)
 ParOldGen       total 232960K, used 232514K [0x0000000080000000, 0x000000008e380000, 0x00000000d5580000)
  object space 232960K, 99% used [0x0000000080000000,0x000000008e310b60,0x000000008e380000)
 Metaspace       used 70826K, committed 72320K, reserved 1114112K
  class space    used 7225K, committed 7872K, reserved 1048576K
}
Event: 33.281 GC heap before
{Heap before GC invocations=603 (full 3):
 PSYoungGen      total 4096K, used 3952K [0x00000000d5580000, 0x00000000d5a80000, 0x0000000100000000)
  eden space 3584K, 99% used [0x00000000d5580000,0x00000000d58ffff8,0x00000000d5900000)
  from space 512K, 71% used [0x00000000d5980000,0x00000000d59dc010,0x00000000d5a00000)
  to   space 512K, 0% used [0x00000000d5a00000,0x00000000d5a00000,0x00000000d5a80000)
 ParOldGen       total 232960K, used 232514K [0x0000000080000000, 0x000000008e380000, 0x00000000d5580000)
  object space 232960K, 99% used [0x0000000080000000,0x000000008e310b60,0x000000008e380000)
 Metaspace       used 70842K, committed 72320K, reserved 1114112K
  class space    used 7228K, committed 7872K, reserved 1048576K
}
Event: 33.282 GC heap after
{Heap after GC invocations=603 (full 3):
 PSYoungGen      total 4096K, used 496K [0x00000000d5580000, 0x00000000d5b00000, 0x0000000100000000)
  eden space 3584K, 0% used [0x00000000d5580000,0x00000000d5580000,0x00000000d5900000)
  from space 512K, 96% used [0x00000000d5a00000,0x00000000d5a7c030,0x00000000d5a80000)
  to   space 1024K, 0% used [0x00000000d5900000,0x00000000d5900000,0x00000000d5a00000)
 ParOldGen       total 232960K, used 232746K [0x0000000080000000, 0x000000008e380000, 0x00000000d5580000)
  object space 232960K, 99% used [0x0000000080000000,0x000000008e34ab60,0x000000008e380000)
 Metaspace       used 70842K, committed 72320K, reserved 1114112K
  class space    used 7228K, committed 7872K, reserved 1048576K
}
Event: 33.304 GC heap before
{Heap before GC invocations=604 (full 3):
 PSYoungGen      total 4096K, used 4080K [0x00000000d5580000, 0x00000000d5b00000, 0x0000000100000000)
  eden space 3584K, 100% used [0x00000000d5580000,0x00000000d5900000,0x00000000d5900000)
  from space 512K, 96% used [0x00000000d5a00000,0x00000000d5a7c030,0x00000000d5a80000)
  to   space 1024K, 0% used [0x00000000d5900000,0x00000000d5900000,0x00000000d5a00000)
 ParOldGen       total 232960K, used 232746K [0x0000000080000000, 0x000000008e380000, 0x00000000d5580000)
  object space 232960K, 99% used [0x0000000080000000,0x000000008e34ab60,0x000000008e380000)
 Metaspace       used 70845K, committed 72320K, reserved 1114112K
  class space    used 7228K, committed 7872K, reserved 1048576K
}
Event: 33.307 GC heap after
{Heap after GC invocations=604 (full 3):
 PSYoungGen      total 4608K, used 384K [0x00000000d5580000, 0x00000000d5a80000, 0x0000000100000000)
  eden space 3584K, 0% used [0x00000000d5580000,0x00000000d5580000,0x00000000d5900000)
  from space 1024K, 37% used [0x00000000d5900000,0x00000000d5960000,0x00000000d5a00000)
  to   space 512K, 0% used [0x00000000d5a00000,0x00000000d5a00000,0x00000000d5a80000)
 ParOldGen       total 233472K, used 233169K [0x0000000080000000, 0x000000008e400000, 0x00000000d5580000)
  object space 233472K, 99% used [0x0000000080000000,0x000000008e3b4460,0x000000008e400000)
 Metaspace       used 70845K, committed 72320K, reserved 1114112K
  class space    used 7228K, committed 7872K, reserved 1048576K
}
Event: 33.338 GC heap before
{Heap before GC invocations=605 (full 3):
 PSYoungGen      total 4608K, used 3968K [0x00000000d5580000, 0x00000000d5a80000, 0x0000000100000000)
  eden space 3584K, 100% used [0x00000000d5580000,0x00000000d5900000,0x00000000d5900000)
  from space 1024K, 37% used [0x00000000d5900000,0x00000000d5960000,0x00000000d5a00000)
  to   space 512K, 0% used [0x00000000d5a00000,0x00000000d5a00000,0x00000000d5a80000)
 ParOldGen       total 233472K, used 233169K [0x0000000080000000, 0x000000008e400000, 0x00000000d5580000)
  object space 233472K, 99% used [0x0000000080000000,0x000000008e3b4460,0x000000008e400000)
 Metaspace       used 70869K, committed 72320K, reserved 1114112K
  class space    used 7230K, committed 7872K, reserved 1048576K
}
Event: 33.340 GC heap after
{Heap after GC invocations=605 (full 3):
 PSYoungGen      total 4096K, used 448K [0x00000000d5580000, 0x00000000d5a80000, 0x0000000100000000)
  eden space 3584K, 0% used [0x00000000d5580000,0x00000000d5580000,0x00000000d5900000)
  from space 512K, 87% used [0x00000000d5a00000,0x00000000d5a70000,0x00000000d5a80000)
  to   space 512K, 0% used [0x00000000d5980000,0x00000000d5980000,0x00000000d5a00000)
 ParOldGen       total 233984K, used 233481K [0x0000000080000000, 0x000000008e480000, 0x00000000d5580000)
  object space 233984K, 99% used [0x0000000080000000,0x000000008e4024b0,0x000000008e480000)
 Metaspace       used 70869K, committed 72320K, reserved 1114112K
  class space    used 7230K, committed 7872K, reserved 1048576K
}
Event: 33.364 GC heap before
{Heap before GC invocations=606 (full 3):
 PSYoungGen      total 4096K, used 4032K [0x00000000d5580000, 0x00000000d5a80000, 0x0000000100000000)
  eden space 3584K, 100% used [0x00000000d5580000,0x00000000d5900000,0x00000000d5900000)
  from space 512K, 87% used [0x00000000d5a00000,0x00000000d5a70000,0x00000000d5a80000)
  to   space 512K, 0% used [0x00000000d5980000,0x00000000d5980000,0x00000000d5a00000)
 ParOldGen       total 233984K, used 233481K [0x0000000080000000, 0x000000008e480000, 0x00000000d5580000)
  object space 233984K, 99% used [0x0000000080000000,0x000000008e4024b0,0x000000008e480000)
 Metaspace       used 70880K, committed 72320K, reserved 1114112K
  class space    used 7230K, committed 7872K, reserved 1048576K
}
Event: 33.366 GC heap after
{Heap after GC invocations=606 (full 3):
 PSYoungGen      total 4096K, used 384K [0x00000000d5580000, 0x00000000d5a80000, 0x0000000100000000)
  eden space 3584K, 0% used [0x00000000d5580000,0x00000000d5580000,0x00000000d5900000)
  from space 512K, 75% used [0x00000000d5980000,0x00000000d59e0020,0x00000000d5a00000)
  to   space 512K, 0% used [0x00000000d5a00000,0x00000000d5a00000,0x00000000d5a80000)
 ParOldGen       total 233984K, used 233769K [0x0000000080000000, 0x000000008e480000, 0x00000000d5580000)
  object space 233984K, 99% used [0x0000000080000000,0x000000008e44a4d0,0x000000008e480000)
 Metaspace       used 70880K, committed 72320K, reserved 1114112K
  class space    used 7230K, committed 7872K, reserved 1048576K
}

