# JRE version: OpenJDK Runtime Environment Temurin-21.0.10+7 (21.0.10+7) (build 21.0.10+7-LTS)
# Java VM: OpenJDK 64-Bit Server VM Temurin-21.0.10+7 (21.0.10+7-LTS, mixed mode, sharing, tiered, compressed oops, compressed class ptrs, parallel gc, windows-amd64)
GC Precious Log:
 CardTable entry size: 512
 CPUs: 8 total, 8 available
 Memory: 12152M
 Large Page Support: Disabled
 NUMA Support: Disabled
 Compressed Oops: Enabled (32-bit)
 Alignments: Space 512K, Generation 512K, Heap 2M
 Heap Min Capacity: 100M
 Heap Initial Capacity: 100M
 Heap Max Capacity: 2G
 Pre-touch: Disabled
 Parallel Workers: 8
Heap:
 PSYoungGen      total 18432K, used 5710K [0x00000000d5580000, 0x00000000d6f80000, 0x0000000100000000)
  eden space 17920K, 29% used [0x00000000d5580000,0x00000000d5aa4500,0x00000000d6700000)
  from space 512K, 87% used [0x00000000d6f00000,0x00000000d6f6f690,0x00000000d6f80000)
  to   space 512K, 0% used [0x00000000d6e80000,0x00000000d6e80000,0x00000000d6f00000)
 ParOldGen       total 68608K, used 46038K [0x0000000080000000, 0x0000000084300000, 0x00000000d5580000)
  object space 68608K, 67% used [0x0000000080000000,0x0000000082cf5bd8,0x0000000084300000)
 Metaspace       used 46991K, committed 48192K, reserved 1114112K
  class space    used 5124K, committed 5632K, reserved 1048576K
GC Heap History (20 events):
Event: 6.447 GC heap before
{Heap before GC invocations=15 (full 2):
 PSYoungGen      total 23552K, used 1472K [0x00000000d5580000, 0x00000000d7180000, 0x0000000100000000)
  eden space 22016K, 0% used [0x00000000d5580000,0x00000000d5580000,0x00000000d6b00000)
  from space 1536K, 95% used [0x00000000d6c80000,0x00000000d6df0000,0x00000000d6e00000)
  to   space 2048K, 0% used [0x00000000d6f80000,0x00000000d6f80000,0x00000000d7180000)
 ParOldGen       total 68608K, used 21859K [0x0000000080000000, 0x0000000084300000, 0x00000000d5580000)
  object space 68608K, 31% used [0x0000000080000000,0x0000000081558f30,0x0000000084300000)
 Metaspace       used 34795K, committed 35840K, reserved 1114112K
  class space    used 3575K, committed 4032K, reserved 1048576K
}
Event: 6.478 GC heap after
{Heap after GC invocations=15 (full 2):
 PSYoungGen      total 23552K, used 0K [0x00000000d5580000, 0x00000000d7180000, 0x0000000100000000)
  eden space 22016K, 0% used [0x00000000d5580000,0x00000000d5580000,0x00000000d6b00000)
  from space 1536K, 0% used [0x00000000d6c80000,0x00000000d6c80000,0x00000000d6e00000)
  to   space 2048K, 0% used [0x00000000d6f80000,0x00000000d6f80000,0x00000000d7180000)
 ParOldGen       total 68608K, used 22282K [0x0000000080000000, 0x0000000084300000, 0x00000000d5580000)
  object space 68608K, 32% used [0x0000000080000000,0x00000000815c2b88,0x0000000084300000)
 Metaspace       used 34795K, committed 35840K, reserved 1114112K
  class space    used 3575K, committed 4032K, reserved 1048576K
}
Event: 6.586 GC heap before
{Heap before GC invocations=16 (full 2):
 PSYoungGen      total 23552K, used 22016K [0x00000000d5580000, 0x00000000d7180000, 0x0000000100000000)
  eden space 22016K, 100% used [0x00000000d5580000,0x00000000d6b00000,0x00000000d6b00000)
  from space 1536K, 0% used [0x00000000d6c80000,0x00000000d6c80000,0x00000000d6e00000)
  to   space 2048K, 0% used [0x00000000d6f80000,0x00000000d6f80000,0x00000000d7180000)
 ParOldGen       total 68608K, used 22282K [0x0000000080000000, 0x0000000084300000, 0x00000000d5580000)
  object space 68608K, 32% used [0x0000000080000000,0x00000000815c2b88,0x0000000084300000)
 Metaspace       used 36438K, committed 37632K, reserved 1114112K
  class space    used 3751K, committed 4288K, reserved 1048576K
}
Event: 6.588 GC heap after
{Heap after GC invocations=16 (full 2):
 PSYoungGen      total 24064K, used 2021K [0x00000000d5580000, 0x00000000d7180000, 0x0000000100000000)
  eden space 22016K, 0% used [0x00000000d5580000,0x00000000d5580000,0x00000000d6b00000)
  from space 2048K, 98% used [0x00000000d6f80000,0x00000000d7179740,0x00000000d7180000)
  to   space 2560K, 0% used [0x00000000d6c80000,0x00000000d6c80000,0x00000000d6f00000)
 ParOldGen       total 68608K, used 22553K [0x0000000080000000, 0x0000000084300000, 0x00000000d5580000)
  object space 68608K, 32% used [0x0000000080000000,0x0000000081606550,0x0000000084300000)
 Metaspace       used 36438K, committed 37632K, reserved 1114112K
  class space    used 3751K, committed 4288K, reserved 1048576K
}
Event: 6.823 GC heap before
{Heap before GC invocations=17 (full 2):
 PSYoungGen      total 24064K, used 24037K [0x00000000d5580000, 0x00000000d7180000, 0x0000000100000000)
  eden space 22016K, 100% used [0x00000000d5580000,0x00000000d6b00000,0x00000000d6b00000)
  from space 2048K, 98% used [0x00000000d6f80000,0x00000000d7179740,0x00000000d7180000)
  to   space 2560K, 0% used [0x00000000d6c80000,0x00000000d6c80000,0x00000000d6f00000)
 ParOldGen       total 68608K, used 22553K [0x0000000080000000, 0x0000000084300000, 0x00000000d5580000)
  object space 68608K, 32% used [0x0000000080000000,0x0000000081606550,0x0000000084300000)
 Metaspace       used 38365K, committed 39552K, reserved 1114112K
  class space    used 4037K, committed 4544K, reserved 1048576K
}
Event: 6.824 GC heap after
{Heap after GC invocations=17 (full 2):
 PSYoungGen      total 23552K, used 1229K [0x00000000d5580000, 0x00000000d7000000, 0x0000000100000000)
  eden space 22016K, 0% used [0x00000000d5580000,0x00000000d5580000,0x00000000d6b00000)
  from space 1536K, 80% used [0x00000000d6c80000,0x00000000d6db36a0,0x00000000d6e00000)
  to   space 2048K, 0% used [0x00000000d6e00000,0x00000000d6e00000,0x00000000d7000000)
 ParOldGen       total 68608K, used 24475K [0x0000000080000000, 0x0000000084300000, 0x00000000d5580000)
  object space 68608K, 35% used [0x0000000080000000,0x00000000817e6c38,0x0000000084300000)
 Metaspace       used 38365K, committed 39552K, reserved 1114112K
  class space    used 4037K, committed 4544K, reserved 1048576K
}
Event: 7.049 GC heap before
{Heap before GC invocations=18 (full 2):
 PSYoungGen      total 23552K, used 23245K [0x00000000d5580000, 0x00000000d7000000, 0x0000000100000000)
  eden space 22016K, 100% used [0x00000000d5580000,0x00000000d6b00000,0x00000000d6b00000)
  from space 1536K, 80% used [0x00000000d6c80000,0x00000000d6db36a0,0x00000000d6e00000)
  to   space 2048K, 0% used [0x00000000d6e00000,0x00000000d6e00000,0x00000000d7000000)
 ParOldGen       total 68608K, used 24475K [0x0000000080000000, 0x0000000084300000, 0x00000000d5580000)
  object space 68608K, 35% used [0x0000000080000000,0x00000000817e6c38,0x0000000084300000)
 Metaspace       used 39738K, committed 40960K, reserved 1114112K
  class space    used 4215K, committed 4736K, reserved 1048576K
}
Event: 7.050 GC heap after
{Heap after GC invocations=18 (full 2):
 PSYoungGen      total 23040K, used 960K [0x00000000d5580000, 0x00000000d6f00000, 0x0000000100000000)
  eden space 22016K, 0% used [0x00000000d5580000,0x00000000d5580000,0x00000000d6b00000)
  from space 1024K, 93% used [0x00000000d6e00000,0x00000000d6ef0000,0x00000000d6f00000)
  to   space 1536K, 0% used [0x00000000d6c00000,0x00000000d6c00000,0x00000000d6d80000)
 ParOldGen       total 68608K, used 25523K [0x0000000080000000, 0x0000000084300000, 0x00000000d5580000)
  object space 68608K, 37% used [0x0000000080000000,0x00000000818ecc38,0x0000000084300000)
 Metaspace       used 39738K, committed 40960K, reserved 1114112K
  class space    used 4215K, committed 4736K, reserved 1048576K
}
Event: 7.247 GC heap before
{Heap before GC invocations=19 (full 2):
 PSYoungGen      total 23040K, used 22976K [0x00000000d5580000, 0x00000000d6f00000, 0x0000000100000000)
  eden space 22016K, 100% used [0x00000000d5580000,0x00000000d6b00000,0x00000000d6b00000)
  from space 1024K, 93% used [0x00000000d6e00000,0x00000000d6ef0000,0x00000000d6f00000)
  to   space 1536K, 0% used [0x00000000d6c00000,0x00000000d6c00000,0x00000000d6d80000)
 ParOldGen       total 68608K, used 25523K [0x0000000080000000, 0x0000000084300000, 0x00000000d5580000)
  object space 68608K, 37% used [0x0000000080000000,0x00000000818ecc38,0x0000000084300000)
 Metaspace       used 41397K, committed 42560K, reserved 1114112K
  class space    used 4432K, committed 4928K, reserved 1048576K
}
Event: 7.251 GC heap after
{Heap after GC invocations=19 (full 2):
 PSYoungGen      total 23552K, used 1532K [0x00000000d5580000, 0x00000000d7d00000, 0x0000000100000000)
  eden space 22016K, 0% used [0x00000000d5580000,0x00000000d5580000,0x00000000d6b00000)
  from space 1536K, 99% used [0x00000000d6c00000,0x00000000d6d7f0b0,0x00000000d6d80000)
  to   space 9216K, 0% used [0x00000000d7400000,0x00000000d7400000,0x00000000d7d00000)
 ParOldGen       total 68608K, used 31954K [0x0000000080000000, 0x0000000084300000, 0x00000000d5580000)
  object space 68608K, 46% used [0x0000000080000000,0x0000000081f348f8,0x0000000084300000)
 Metaspace       used 41397K, committed 42560K, reserved 1114112K
  class space    used 4432K, committed 4928K, reserved 1048576K
}
Event: 7.404 GC heap before
{Heap before GC invocations=20 (full 2):
 PSYoungGen      total 23552K, used 23548K [0x00000000d5580000, 0x00000000d7d00000, 0x0000000100000000)
  eden space 22016K, 100% used [0x00000000d5580000,0x00000000d6b00000,0x00000000d6b00000)
  from space 1536K, 99% used [0x00000000d6c00000,0x00000000d6d7f0b0,0x00000000d6d80000)
  to   space 9216K, 0% used [0x00000000d7400000,0x00000000d7400000,0x00000000d7d00000)
 ParOldGen       total 68608K, used 31954K [0x0000000080000000, 0x0000000084300000, 0x00000000d5580000)
  object space 68608K, 46% used [0x0000000080000000,0x0000000081f348f8,0x0000000084300000)
 Metaspace       used 42779K, committed 44032K, reserved 1114112K
  class space    used 4604K, committed 5120K, reserved 1048576K
}
Event: 7.411 GC heap after
{Heap after GC invocations=20 (full 2):
 PSYoungGen      total 27136K, used 9198K [0x00000000d5580000, 0x00000000d8500000, 0x0000000100000000)
  eden space 17920K, 0% used [0x00000000d5580000,0x00000000d5580000,0x00000000d6700000)
  from space 9216K, 99% used [0x00000000d7400000,0x00000000d7cfbab0,0x00000000d7d00000)
  to   space 13312K, 0% used [0x00000000d6700000,0x00000000d6700000,0x00000000d7400000)
 ParOldGen       total 68608K, used 34674K [0x0000000080000000, 0x0000000084300000, 0x00000000d5580000)
  object space 68608K, 50% used [0x0000000080000000,0x00000000821dcb30,0x0000000084300000)
 Metaspace       used 42779K, committed 44032K, reserved 1114112K
  class space    used 4604K, committed 5120K, reserved 1048576K
}
Event: 7.679 GC heap before
{Heap before GC invocations=21 (full 2):
 PSYoungGen      total 27136K, used 27118K [0x00000000d5580000, 0x00000000d8500000, 0x0000000100000000)
  eden space 17920K, 100% used [0x00000000d5580000,0x00000000d6700000,0x00000000d6700000)
  from space 9216K, 99% used [0x00000000d7400000,0x00000000d7cfbab0,0x00000000d7d00000)
  to   space 13312K, 0% used [0x00000000d6700000,0x00000000d6700000,0x00000000d7400000)
 ParOldGen       total 68608K, used 34674K [0x0000000080000000, 0x0000000084300000, 0x00000000d5580000)
  object space 68608K, 50% used [0x0000000080000000,0x00000000821dcb30,0x0000000084300000)
 Metaspace       used 44859K, committed 46144K, reserved 1114112K
  class space    used 4897K, committed 5440K, reserved 1048576K
}
Event: 7.687 GC heap after
{Heap after GC invocations=21 (full 2):
 PSYoungGen      total 19456K, used 1152K [0x00000000d5580000, 0x00000000d7480000, 0x0000000100000000)
  eden space 17920K, 0% used [0x00000000d5580000,0x00000000d5580000,0x00000000d6700000)
  from space 1536K, 75% used [0x00000000d6700000,0x00000000d6820000,0x00000000d6880000)
  to   space 5120K, 0% used [0x00000000d6f80000,0x00000000d6f80000,0x00000000d7480000)
 ParOldGen       total 68608K, used 43876K [0x0000000080000000, 0x0000000084300000, 0x00000000d5580000)
  object space 68608K, 63% used [0x0000000080000000,0x0000000082ad9338,0x0000000084300000)
 Metaspace       used 44859K, committed 46144K, reserved 1114112K
  class space    used 4897K, committed 5440K, reserved 1048576K
}
Event: 7.928 GC heap before
{Heap before GC invocations=22 (full 2):
 PSYoungGen      total 19456K, used 19071K [0x00000000d5580000, 0x00000000d7480000, 0x0000000100000000)
  eden space 17920K, 99% used [0x00000000d5580000,0x00000000d66fffb8,0x00000000d6700000)
  from space 1536K, 75% used [0x00000000d6700000,0x00000000d6820000,0x00000000d6880000)
  to   space 5120K, 0% used [0x00000000d6f80000,0x00000000d6f80000,0x00000000d7480000)
 ParOldGen       total 68608K, used 43876K [0x0000000080000000, 0x0000000084300000, 0x00000000d5580000)
  object space 68608K, 63% used [0x0000000080000000,0x0000000082ad9338,0x0000000084300000)
 Metaspace       used 46787K, committed 48000K, reserved 1114112K
  class space    used 5104K, committed 5632K, reserved 1048576K
}
Event: 7.934 GC heap after
{Heap after GC invocations=22 (full 2):
 PSYoungGen      total 19456K, used 1216K [0x00000000d5580000, 0x00000000d7100000, 0x0000000100000000)
  eden space 17920K, 0% used [0x00000000d5580000,0x00000000d5580000,0x00000000d6700000)
  from space 1536K, 79% used [0x00000000d6f80000,0x00000000d70b0010,0x00000000d7100000)
  to   space 2048K, 0% used [0x00000000d6d00000,0x00000000d6d00000,0x00000000d6f00000)
 ParOldGen       total 68608K, used 44904K [0x0000000080000000, 0x0000000084300000, 0x00000000d5580000)
  object space 68608K, 65% used [0x0000000080000000,0x0000000082bda348,0x0000000084300000)
 Metaspace       used 46787K, committed 48000K, reserved 1114112K
  class space    used 5104K, committed 5632K, reserved 1048576K
}
Event: 8.420 GC heap before
{Heap before GC invocations=23 (full 2):
 PSYoungGen      total 19456K, used 19136K [0x00000000d5580000, 0x00000000d7100000, 0x0000000100000000)
  eden space 17920K, 100% used [0x00000000d5580000,0x00000000d6700000,0x00000000d6700000)
  from space 1536K, 79% used [0x00000000d6f80000,0x00000000d70b0010,0x00000000d7100000)
  to   space 2048K, 0% used [0x00000000d6d00000,0x00000000d6d00000,0x00000000d6f00000)
 ParOldGen       total 68608K, used 44904K [0x0000000080000000, 0x0000000084300000, 0x00000000d5580000)
  object space 68608K, 65% used [0x0000000080000000,0x0000000082bda348,0x0000000084300000)
 Metaspace       used 46930K, committed 48192K, reserved 1114112K
  class space    used 5115K, committed 5632K, reserved 1048576K
}
Event: 8.422 GC heap after
{Heap after GC invocations=23 (full 2):
 PSYoungGen      total 19968K, used 160K [0x00000000d5580000, 0x00000000d7000000, 0x0000000100000000)
  eden space 17920K, 0% used [0x00000000d5580000,0x00000000d5580000,0x00000000d6700000)
  from space 2048K, 7% used [0x00000000d6d00000,0x00000000d6d28000,0x00000000d6f00000)
  to   space 1024K, 0% used [0x00000000d6f00000,0x00000000d6f00000,0x00000000d7000000)
 ParOldGen       total 68608K, used 45990K [0x0000000080000000, 0x0000000084300000, 0x00000000d5580000)
  object space 68608K, 67% used [0x0000000080000000,0x0000000082ce9bd8,0x0000000084300000)
 Metaspace       used 46930K, committed 48192K, reserved 1114112K
  class space    used 5115K, committed 5632K, reserved 1048576K
}
Event: 8.755 GC heap before
{Heap before GC invocations=24 (full 2):
 PSYoungGen      total 19968K, used 18080K [0x00000000d5580000, 0x00000000d7000000, 0x0000000100000000)
  eden space 17920K, 100% used [0x00000000d5580000,0x00000000d6700000,0x00000000d6700000)
  from space 2048K, 7% used [0x00000000d6d00000,0x00000000d6d28000,0x00000000d6f00000)
  to   space 1024K, 0% used [0x00000000d6f00000,0x00000000d6f00000,0x00000000d7000000)
 ParOldGen       total 68608K, used 45990K [0x0000000080000000, 0x0000000084300000, 0x00000000d5580000)
  object space 68608K, 67% used [0x0000000080000000,0x0000000082ce9bd8,0x0000000084300000)
 Metaspace       used 46991K, committed 48192K, reserved 1114112K
  class space    used 5124K, committed 5632K, reserved 1048576K
}
Event: 8.757 GC heap after
{Heap after GC invocations=24 (full 2):
 PSYoungGen      total 18432K, used 445K [0x00000000d5580000, 0x00000000d6f80000, 0x0000000100000000)
  eden space 17920K, 0% used [0x00000000d5580000,0x00000000d5580000,0x00000000d6700000)
  from space 512K, 87% used [0x00000000d6f00000,0x00000000d6f6f690,0x00000000d6f80000)
  to   space 512K, 0% used [0x00000000d6e80000,0x00000000d6e80000,0x00000000d6f00000)
 ParOldGen       total 68608K, used 46038K [0x0000000080000000, 0x0000000084300000, 0x00000000d5580000)
  object space 68608K, 67% used [0x0000000080000000,0x0000000082cf5bd8,0x0000000084300000)
 Metaspace       used 46991K, committed 48192K, reserved 1114112K
  class space    used 5124K, committed 5632K, reserved 1048576K
}

