# JRE version: OpenJDK Runtime Environment Temurin-21.0.10+7 (21.0.10+7) (build 21.0.10+7-LTS)
# Java VM: OpenJDK 64-Bit Server VM Temurin-21.0.10+7 (21.0.10+7-LTS, mixed mode, sharing, tiered, compressed oops, compressed class ptrs, parallel gc, windows-amd64)
GC Precious Log:
 CardTable entry size: 512
 CPUs: 8 total, 8 available
 Memory: 12152M
 Large Page Support: Disabled
 NUMA Support: Disabled
 Compressed Oops: Enabled (32-bit)
 Alignments: Space 512K, Generation 512K, Heap 2M
 Heap Min Capacity: 100M
 Heap Initial Capacity: 100M
 Heap Max Capacity: 2G
 Pre-touch: Disabled
 Parallel Workers: 8
Heap:
 PSYoungGen      total 12288K, used 8548K [0x00000000d5580000, 0x00000000d6800000, 0x0000000100000000)
  eden space 10752K, 69% used [0x00000000d5580000,0x00000000d5cd1210,0x00000000d6000000)
  from space 1536K, 68% used [0x00000000d6500000,0x00000000d6608010,0x00000000d6680000)
  to   space 1536K, 0% used [0x00000000d6680000,0x00000000d6680000,0x00000000d6800000)
 ParOldGen       total 68608K, used 46599K [0x0000000080000000, 0x0000000084300000, 0x00000000d5580000)
  object space 68608K, 67% used [0x0000000080000000,0x0000000082d81c80,0x0000000084300000)
 Metaspace       used 48923K, committed 50240K, reserved 1114112K
  class space    used 5311K, committed 5888K, reserved 1048576K
GC Heap History (20 events):
Event: 8.496 GC heap before
{Heap before GC invocations=21 (full 2):
 PSYoungGen      total 11776K, used 11750K [0x00000000d5580000, 0x00000000d8700000, 0x0000000100000000)
  eden space 10752K, 100% used [0x00000000d5580000,0x00000000d6000000,0x00000000d6000000)
  from space 1024K, 97% used [0x00000000d6e00000,0x00000000d6ef9930,0x00000000d6f00000)
  to   space 14336K, 0% used [0x00000000d6000000,0x00000000d6000000,0x00000000d6e00000)
 ParOldGen       total 68608K, used 36225K [0x0000000080000000, 0x0000000084300000, 0x00000000d5580000)
  object space 68608K, 52% used [0x0000000080000000,0x0000000082360490,0x0000000084300000)
 Metaspace       used 43670K, committed 44928K, reserved 1114112K
  class space    used 4711K, committed 5248K, reserved 1048576K
}
Event: 8.501 GC heap after
{Heap after GC invocations=21 (full 2):
 PSYoungGen      total 17408K, used 6376K [0x00000000d5580000, 0x00000000d7100000, 0x0000000100000000)
  eden space 10752K, 0% used [0x00000000d5580000,0x00000000d5580000,0x00000000d6000000)
  from space 6656K, 95% used [0x00000000d6000000,0x00000000d663a298,0x00000000d6680000)
  to   space 8704K, 0% used [0x00000000d6880000,0x00000000d6880000,0x00000000d7100000)
 ParOldGen       total 68608K, used 37146K [0x0000000080000000, 0x0000000084300000, 0x00000000d5580000)
  object space 68608K, 54% used [0x0000000080000000,0x0000000082446bf0,0x0000000084300000)
 Metaspace       used 43670K, committed 44928K, reserved 1114112K
  class space    used 4711K, committed 5248K, reserved 1048576K
}
Event: 8.842 GC heap before
{Heap before GC invocations=22 (full 2):
 PSYoungGen      total 17408K, used 17111K [0x00000000d5580000, 0x00000000d7100000, 0x0000000100000000)
  eden space 10752K, 99% used [0x00000000d5580000,0x00000000d5ffbb48,0x00000000d6000000)
  from space 6656K, 95% used [0x00000000d6000000,0x00000000d663a298,0x00000000d6680000)
  to   space 8704K, 0% used [0x00000000d6880000,0x00000000d6880000,0x00000000d7100000)
 ParOldGen       total 68608K, used 37146K [0x0000000080000000, 0x0000000084300000, 0x00000000d5580000)
  object space 68608K, 54% used [0x0000000080000000,0x0000000082446bf0,0x0000000084300000)
 Metaspace       used 44965K, committed 46272K, reserved 1114112K
  class space    used 4904K, committed 5504K, reserved 1048576K
}
Event: 8.849 GC heap after
{Heap after GC invocations=22 (full 2):
 PSYoungGen      total 11776K, used 729K [0x00000000d5580000, 0x00000000d6980000, 0x0000000100000000)
  eden space 10752K, 0% used [0x00000000d5580000,0x00000000d5580000,0x00000000d6000000)
  from space 1024K, 71% used [0x00000000d6880000,0x00000000d6936740,0x00000000d6980000)
  to   space 3584K, 0% used [0x00000000d6280000,0x00000000d6280000,0x00000000d6600000)
 ParOldGen       total 68608K, used 43384K [0x0000000080000000, 0x0000000084300000, 0x00000000d5580000)
  object space 68608K, 63% used [0x0000000080000000,0x0000000082a5e1f8,0x0000000084300000)
 Metaspace       used 44965K, committed 46272K, reserved 1114112K
  class space    used 4904K, committed 5504K, reserved 1048576K
}
Event: 9.054 GC heap before
{Heap before GC invocations=23 (full 2):
 PSYoungGen      total 11776K, used 11481K [0x00000000d5580000, 0x00000000d6980000, 0x0000000100000000)
  eden space 10752K, 100% used [0x00000000d5580000,0x00000000d6000000,0x00000000d6000000)
  from space 1024K, 71% used [0x00000000d6880000,0x00000000d6936740,0x00000000d6980000)
  to   space 3584K, 0% used [0x00000000d6280000,0x00000000d6280000,0x00000000d6600000)
 ParOldGen       total 68608K, used 43384K [0x0000000080000000, 0x0000000084300000, 0x00000000d5580000)
  object space 68608K, 63% used [0x0000000080000000,0x0000000082a5e1f8,0x0000000084300000)
 Metaspace       used 45924K, committed 47168K, reserved 1114112K
  class space    used 5009K, committed 5568K, reserved 1048576K
}
Event: 9.056 GC heap after
{Heap after GC invocations=23 (full 2):
 PSYoungGen      total 14336K, used 864K [0x00000000d5580000, 0x00000000d6900000, 0x0000000100000000)
  eden space 10752K, 0% used [0x00000000d5580000,0x00000000d5580000,0x00000000d6000000)
  from space 3584K, 24% used [0x00000000d6280000,0x00000000d6358000,0x00000000d6600000)
  to   space 1536K, 0% used [0x00000000d6780000,0x00000000d6780000,0x00000000d6900000)
 ParOldGen       total 68608K, used 43909K [0x0000000080000000, 0x0000000084300000, 0x00000000d5580000)
  object space 68608K, 63% used [0x0000000080000000,0x0000000082ae1408,0x0000000084300000)
 Metaspace       used 45924K, committed 47168K, reserved 1114112K
  class space    used 5009K, committed 5568K, reserved 1048576K
}
Event: 9.338 GC heap before
{Heap before GC invocations=24 (full 2):
 PSYoungGen      total 14336K, used 11616K [0x00000000d5580000, 0x00000000d6900000, 0x0000000100000000)
  eden space 10752K, 100% used [0x00000000d5580000,0x00000000d6000000,0x00000000d6000000)
  from space 3584K, 24% used [0x00000000d6280000,0x00000000d6358000,0x00000000d6600000)
  to   space 1536K, 0% used [0x00000000d6780000,0x00000000d6780000,0x00000000d6900000)
 ParOldGen       total 68608K, used 43909K [0x0000000080000000, 0x0000000084300000, 0x00000000d5580000)
  object space 68608K, 63% used [0x0000000080000000,0x0000000082ae1408,0x0000000084300000)
 Metaspace       used 46996K, committed 48256K, reserved 1114112K
  class space    used 5114K, committed 5632K, reserved 1048576K
}
Event: 9.340 GC heap after
{Heap after GC invocations=24 (full 2):
 PSYoungGen      total 11264K, used 507K [0x00000000d5580000, 0x00000000d6800000, 0x0000000100000000)
  eden space 10752K, 0% used [0x00000000d5580000,0x00000000d5580000,0x00000000d6000000)
  from space 512K, 99% used [0x00000000d6780000,0x00000000d67fee98,0x00000000d6800000)
  to   space 1024K, 0% used [0x00000000d6600000,0x00000000d6600000,0x00000000d6700000)
 ParOldGen       total 68608K, used 44582K [0x0000000080000000, 0x0000000084300000, 0x00000000d5580000)
  object space 68608K, 64% used [0x0000000080000000,0x0000000082b89aa8,0x0000000084300000)
 Metaspace       used 46996K, committed 48256K, reserved 1114112K
  class space    used 5114K, committed 5632K, reserved 1048576K
}
Event: 9.520 GC heap before
{Heap before GC invocations=25 (full 2):
 PSYoungGen      total 11264K, used 11259K [0x00000000d5580000, 0x00000000d6800000, 0x0000000100000000)
  eden space 10752K, 100% used [0x00000000d5580000,0x00000000d6000000,0x00000000d6000000)
  from space 512K, 99% used [0x00000000d6780000,0x00000000d67fee98,0x00000000d6800000)
  to   space 1024K, 0% used [0x00000000d6600000,0x00000000d6600000,0x00000000d6700000)
 ParOldGen       total 68608K, used 44582K [0x0000000080000000, 0x0000000084300000, 0x00000000d5580000)
  object space 68608K, 64% used [0x0000000080000000,0x0000000082b89aa8,0x0000000084300000)
 Metaspace       used 47010K, committed 48320K, reserved 1114112K
  class space    used 5114K, committed 5632K, reserved 1048576K
}
Event: 9.520 GC heap after
{Heap after GC invocations=25 (full 2):
 PSYoungGen      total 11776K, used 192K [0x00000000d5580000, 0x00000000d6800000, 0x0000000100000000)
  eden space 10752K, 0% used [0x00000000d5580000,0x00000000d5580000,0x00000000d6000000)
  from space 1024K, 18% used [0x00000000d6600000,0x00000000d6630000,0x00000000d6700000)
  to   space 512K, 0% used [0x00000000d6780000,0x00000000d6780000,0x00000000d6800000)
 ParOldGen       total 68608K, used 44959K [0x0000000080000000, 0x0000000084300000, 0x00000000d5580000)
  object space 68608K, 65% used [0x0000000080000000,0x0000000082be7c98,0x0000000084300000)
 Metaspace       used 47010K, committed 48320K, reserved 1114112K
  class space    used 5114K, committed 5632K, reserved 1048576K
}
Event: 9.695 GC heap before
{Heap before GC invocations=26 (full 2):
 PSYoungGen      total 11776K, used 10944K [0x00000000d5580000, 0x00000000d6800000, 0x0000000100000000)
  eden space 10752K, 100% used [0x00000000d5580000,0x00000000d6000000,0x00000000d6000000)
  from space 1024K, 18% used [0x00000000d6600000,0x00000000d6630000,0x00000000d6700000)
  to   space 512K, 0% used [0x00000000d6780000,0x00000000d6780000,0x00000000d6800000)
 ParOldGen       total 68608K, used 44959K [0x0000000080000000, 0x0000000084300000, 0x00000000d5580000)
  object space 68608K, 65% used [0x0000000080000000,0x0000000082be7c98,0x0000000084300000)
 Metaspace       used 47011K, committed 48320K, reserved 1114112K
  class space    used 5114K, committed 5632K, reserved 1048576K
}
Event: 9.695 GC heap after
{Heap after GC invocations=26 (full 2):
 PSYoungGen      total 11264K, used 256K [0x00000000d5580000, 0x00000000d6800000, 0x0000000100000000)
  eden space 10752K, 0% used [0x00000000d5580000,0x00000000d5580000,0x00000000d6000000)
  from space 512K, 50% used [0x00000000d6780000,0x00000000d67c0000,0x00000000d6800000)
  to   space 512K, 0% used [0x00000000d6700000,0x00000000d6700000,0x00000000d6780000)
 ParOldGen       total 68608K, used 44999K [0x0000000080000000, 0x0000000084300000, 0x00000000d5580000)
  object space 68608K, 65% used [0x0000000080000000,0x0000000082bf1c98,0x0000000084300000)
 Metaspace       used 47011K, committed 48320K, reserved 1114112K
  class space    used 5114K, committed 5632K, reserved 1048576K
}
Event: 9.778 GC heap before
{Heap before GC invocations=27 (full 2):
 PSYoungGen      total 11264K, used 11007K [0x00000000d5580000, 0x00000000d6800000, 0x0000000100000000)
  eden space 10752K, 99% used [0x00000000d5580000,0x00000000d5fffff0,0x00000000d6000000)
  from space 512K, 50% used [0x00000000d6780000,0x00000000d67c0000,0x00000000d6800000)
  to   space 512K, 0% used [0x00000000d6700000,0x00000000d6700000,0x00000000d6780000)
 ParOldGen       total 68608K, used 44999K [0x0000000080000000, 0x0000000084300000, 0x00000000d5580000)
  object space 68608K, 65% used [0x0000000080000000,0x0000000082bf1c98,0x0000000084300000)
 Metaspace       used 47083K, committed 48320K, reserved 1114112K
  class space    used 5123K, committed 5632K, reserved 1048576K
}
Event: 9.779 GC heap after
{Heap after GC invocations=27 (full 2):
 PSYoungGen      total 11264K, used 381K [0x00000000d5580000, 0x00000000d6800000, 0x0000000100000000)
  eden space 10752K, 0% used [0x00000000d5580000,0x00000000d5580000,0x00000000d6000000)
  from space 512K, 74% used [0x00000000d6700000,0x00000000d675f690,0x00000000d6780000)
  to   space 512K, 0% used [0x00000000d6780000,0x00000000d6780000,0x00000000d6800000)
 ParOldGen       total 68608K, used 45023K [0x0000000080000000, 0x0000000084300000, 0x00000000d5580000)
  object space 68608K, 65% used [0x0000000080000000,0x0000000082bf7c98,0x0000000084300000)
 Metaspace       used 47083K, committed 48320K, reserved 1114112K
  class space    used 5123K, committed 5632K, reserved 1048576K
}
Event: 9.864 GC heap before
{Heap before GC invocations=28 (full 2):
 PSYoungGen      total 11264K, used 11133K [0x00000000d5580000, 0x00000000d6800000, 0x0000000100000000)
  eden space 10752K, 99% used [0x00000000d5580000,0x00000000d5ffffe0,0x00000000d6000000)
  from space 512K, 74% used [0x00000000d6700000,0x00000000d675f690,0x00000000d6780000)
  to   space 512K, 0% used [0x00000000d6780000,0x00000000d6780000,0x00000000d6800000)
 ParOldGen       total 68608K, used 45023K [0x0000000080000000, 0x0000000084300000, 0x00000000d5580000)
  object space 68608K, 65% used [0x0000000080000000,0x0000000082bf7c98,0x0000000084300000)
 Metaspace       used 47231K, committed 48512K, reserved 1114112K
  class space    used 5143K, committed 5696K, reserved 1048576K
}
Event: 9.865 GC heap after
{Heap after GC invocations=28 (full 2):
 PSYoungGen      total 11264K, used 512K [0x00000000d5580000, 0x00000000d6800000, 0x0000000100000000)
  eden space 10752K, 0% used [0x00000000d5580000,0x00000000d5580000,0x00000000d6000000)
  from space 512K, 100% used [0x00000000d6780000,0x00000000d6800000,0x00000000d6800000)
  to   space 1024K, 0% used [0x00000000d6600000,0x00000000d6600000,0x00000000d6700000)
 ParOldGen       total 68608K, used 45199K [0x0000000080000000, 0x0000000084300000, 0x00000000d5580000)
  object space 68608K, 65% used [0x0000000080000000,0x0000000082c23c98,0x0000000084300000)
 Metaspace       used 47231K, committed 48512K, reserved 1114112K
  class space    used 5143K, committed 5696K, reserved 1048576K
}
Event: 10.026 GC heap before
{Heap before GC invocations=29 (full 2):
 PSYoungGen      total 11264K, used 11213K [0x00000000d5580000, 0x00000000d6800000, 0x0000000100000000)
  eden space 10752K, 99% used [0x00000000d5580000,0x00000000d5ff3558,0x00000000d6000000)
  from space 512K, 100% used [0x00000000d6780000,0x00000000d6800000,0x00000000d6800000)
  to   space 1024K, 0% used [0x00000000d6600000,0x00000000d6600000,0x00000000d6700000)
 ParOldGen       total 68608K, used 45199K [0x0000000080000000, 0x0000000084300000, 0x00000000d5580000)
  object space 68608K, 65% used [0x0000000080000000,0x0000000082c23c98,0x0000000084300000)
 Metaspace       used 47521K, committed 48768K, reserved 1114112K
  class space    used 5178K, committed 5696K, reserved 1048576K
}
Event: 10.027 GC heap after
{Heap after GC invocations=29 (full 2):
 PSYoungGen      total 11776K, used 314K [0x00000000d5580000, 0x00000000d6800000, 0x0000000100000000)
  eden space 10752K, 0% used [0x00000000d5580000,0x00000000d5580000,0x00000000d6000000)
  from space 1024K, 30% used [0x00000000d6600000,0x00000000d664ea88,0x00000000d6700000)
  to   space 512K, 0% used [0x00000000d6780000,0x00000000d6780000,0x00000000d6800000)
 ParOldGen       total 68608K, used 45723K [0x0000000080000000, 0x0000000084300000, 0x00000000d5580000)
  object space 68608K, 66% used [0x0000000080000000,0x0000000082ca6ca8,0x0000000084300000)
 Metaspace       used 47521K, committed 48768K, reserved 1114112K
  class space    used 5178K, committed 5696K, reserved 1048576K
}
Event: 10.258 GC heap before
{Heap before GC invocations=30 (full 2):
 PSYoungGen      total 11776K, used 11066K [0x00000000d5580000, 0x00000000d6800000, 0x0000000100000000)
  eden space 10752K, 100% used [0x00000000d5580000,0x00000000d6000000,0x00000000d6000000)
  from space 1024K, 30% used [0x00000000d6600000,0x00000000d664ea88,0x00000000d6700000)
  to   space 512K, 0% used [0x00000000d6780000,0x00000000d6780000,0x00000000d6800000)
 ParOldGen       total 68608K, used 45723K [0x0000000080000000, 0x0000000084300000, 0x00000000d5580000)
  object space 68608K, 66% used [0x0000000080000000,0x0000000082ca6ca8,0x0000000084300000)
 Metaspace       used 48801K, committed 50176K, reserved 1114112K
  class space    used 5298K, committed 5888K, reserved 1048576K
}
Event: 10.260 GC heap after
{Heap after GC invocations=30 (full 2):
 PSYoungGen      total 11264K, used 504K [0x00000000d5580000, 0x00000000d6800000, 0x0000000100000000)
  eden space 10752K, 0% used [0x00000000d5580000,0x00000000d5580000,0x00000000d6000000)
  from space 512K, 98% used [0x00000000d6780000,0x00000000d67fe1c8,0x00000000d6800000)
  to   space 1536K, 0% used [0x00000000d6500000,0x00000000d6500000,0x00000000d6680000)
 ParOldGen       total 68608K, used 46139K [0x0000000080000000, 0x0000000084300000, 0x00000000d5580000)
  object space 68608K, 67% used [0x0000000080000000,0x0000000082d0eca8,0x0000000084300000)
 Metaspace       used 48801K, committed 50176K, reserved 1114112K
  class space    used 5298K, committed 5888K, reserved 1048576K
}

