# JRE version: OpenJDK Runtime Environment Temurin-21.0.10+7 (21.0.10+7) (build 21.0.10+7-LTS)
# Java VM: OpenJDK 64-Bit Server VM Temurin-21.0.10+7 (21.0.10+7-LTS, mixed mode, sharing, tiered, compressed oops, compressed class ptrs, parallel gc, windows-amd64)
GC Precious Log:
 CardTable entry size: 512
 CPUs: 8 total, 8 available
 Memory: 12152M
 Large Page Support: Disabled
 NUMA Support: Disabled
 Compressed Oops: Enabled (32-bit)
 Alignments: Space 512K, Generation 512K, Heap 2M
 Heap Min Capacity: 100M
 Heap Initial Capacity: 100M
 Heap Max Capacity: 2G
 Pre-touch: Disabled
 Parallel Workers: 8
Heap:
 PSYoungGen      total 15360K, used 10715K [0x00000000d5580000, 0x00000000d6c80000, 0x0000000100000000)
  eden space 12288K, 62% used [0x00000000d5580000,0x00000000d5cf9410,0x00000000d6180000)
  from space 3072K, 99% used [0x00000000d6200000,0x00000000d64fd898,0x00000000d6500000)
  to   space 5632K, 0% used [0x00000000d6700000,0x00000000d6700000,0x00000000d6c80000)
 ParOldGen       total 1186304K, used 1185851K [0x0000000080000000, 0x00000000c8680000, 0x00000000d5580000)
  object space 1186304K, 99% used [0x0000000080000000,0x00000000c860efa8,0x00000000c8680000)
 Metaspace       used 90701K, committed 92736K, reserved 1179648K
  class space    used 9465K, committed 10368K, reserved 1048576K
GC Heap History (20 events):
Event: 4166.532 GC heap before
{Heap before GC invocations=2897 (full 5):
 PSYoungGen      total 12288K, used 11216K [0x00000000d5580000, 0x00000000d6480000, 0x0000000100000000)
  eden space 10240K, 99% used [0x00000000d5580000,0x00000000d5f7fff0,0x00000000d5f80000)
  from space 2048K, 47% used [0x00000000d5f80000,0x00000000d6074010,0x00000000d6180000)
  to   space 1536K, 0% used [0x00000000d6300000,0x00000000d6300000,0x00000000d6480000)
 ParOldGen       total 1129984K, used 1129818K [0x0000000080000000, 0x00000000c4f80000, 0x00000000d5580000)
  object space 1129984K, 99% used [0x0000000080000000,0x00000000c4f569d8,0x00000000c4f80000)
 Metaspace       used 89987K, committed 91904K, reserved 1179648K
  class space    used 9388K, committed 10240K, reserved 1048576K
}
Event: 4166.544 GC heap after
{Heap after GC invocations=2897 (full 5):
 PSYoungGen      total 13824K, used 1056K [0x00000000d5580000, 0x00000000d6480000, 0x0000000100000000)
  eden space 12288K, 0% used [0x00000000d5580000,0x00000000d5580000,0x00000000d6180000)
  from space 1536K, 68% used [0x00000000d6300000,0x00000000d6408020,0x00000000d6480000)
  to   space 1536K, 0% used [0x00000000d6180000,0x00000000d6180000,0x00000000d6300000)
 ParOldGen       total 1131008K, used 1130606K [0x0000000080000000, 0x00000000c5080000, 0x00000000d5580000)
  object space 1131008K, 99% used [0x0000000080000000,0x00000000c501ba68,0x00000000c5080000)
 Metaspace       used 89987K, committed 91904K, reserved 1179648K
  class space    used 9388K, committed 10240K, reserved 1048576K
}
Event: 4166.656 GC heap before
{Heap before GC invocations=2898 (full 5):
 PSYoungGen      total 13824K, used 13344K [0x00000000d5580000, 0x00000000d6480000, 0x0000000100000000)
  eden space 12288K, 100% used [0x00000000d5580000,0x00000000d6180000,0x00000000d6180000)
  from space 1536K, 68% used [0x00000000d6300000,0x00000000d6408020,0x00000000d6480000)
  to   space 1536K, 0% used [0x00000000d6180000,0x00000000d6180000,0x00000000d6300000)
 ParOldGen       total 1131008K, used 1130606K [0x0000000080000000, 0x00000000c5080000, 0x00000000d5580000)
  object space 1131008K, 99% used [0x0000000080000000,0x00000000c501ba68,0x00000000c5080000)
 Metaspace       used 89988K, committed 91904K, reserved 1179648K
  class space    used 9388K, committed 10240K, reserved 1048576K
}
Event: 4166.664 GC heap after
{Heap after GC invocations=2898 (full 5):
 PSYoungGen      total 13824K, used 1346K [0x00000000d5580000, 0x00000000d6480000, 0x0000000100000000)
  eden space 12288K, 0% used [0x00000000d5580000,0x00000000d5580000,0x00000000d6180000)
  from space 1536K, 87% used [0x00000000d6180000,0x00000000d62d0ae0,0x00000000d6300000)
  to   space 1536K, 0% used [0x00000000d6300000,0x00000000d6300000,0x00000000d6480000)
 ParOldGen       total 1132032K, used 1131542K [0x0000000080000000, 0x00000000c5180000, 0x00000000d5580000)
  object space 1132032K, 99% used [0x0000000080000000,0x00000000c5105ae8,0x00000000c5180000)
 Metaspace       used 89988K, committed 91904K, reserved 1179648K
  class space    used 9388K, committed 10240K, reserved 1048576K
}
Event: 4166.719 GC heap before
{Heap before GC invocations=2899 (full 5):
 PSYoungGen      total 13824K, used 13634K [0x00000000d5580000, 0x00000000d6480000, 0x0000000100000000)
  eden space 12288K, 100% used [0x00000000d5580000,0x00000000d6180000,0x00000000d6180000)
  from space 1536K, 87% used [0x00000000d6180000,0x00000000d62d0ae0,0x00000000d6300000)
  to   space 1536K, 0% used [0x00000000d6300000,0x00000000d6300000,0x00000000d6480000)
 ParOldGen       total 1132032K, used 1131542K [0x0000000080000000, 0x00000000c5180000, 0x00000000d5580000)
  object space 1132032K, 99% used [0x0000000080000000,0x00000000c5105ae8,0x00000000c5180000)
 Metaspace       used 89988K, committed 91904K, reserved 1179648K
  class space    used 9388K, committed 10240K, reserved 1048576K
}
Event: 4166.729 GC heap after
{Heap after GC invocations=2899 (full 5):
 PSYoungGen      total 13824K, used 1216K [0x00000000d5580000, 0x00000000d6480000, 0x0000000100000000)
  eden space 12288K, 0% used [0x00000000d5580000,0x00000000d5580000,0x00000000d6180000)
  from space 1536K, 79% used [0x00000000d6300000,0x00000000d6430020,0x00000000d6480000)
  to   space 1536K, 0% used [0x00000000d6180000,0x00000000d6180000,0x00000000d6300000)
 ParOldGen       total 1133056K, used 1132676K [0x0000000080000000, 0x00000000c5280000, 0x00000000d5580000)
  object space 1133056K, 99% used [0x0000000080000000,0x00000000c5221108,0x00000000c5280000)
 Metaspace       used 89988K, committed 91904K, reserved 1179648K
  class space    used 9388K, committed 10240K, reserved 1048576K
}
Event: 4166.940 GC heap before
{Heap before GC invocations=2900 (full 5):
 PSYoungGen      total 13824K, used 13504K [0x00000000d5580000, 0x00000000d6480000, 0x0000000100000000)
  eden space 12288K, 100% used [0x00000000d5580000,0x00000000d6180000,0x00000000d6180000)
  from space 1536K, 79% used [0x00000000d6300000,0x00000000d6430020,0x00000000d6480000)
  to   space 1536K, 0% used [0x00000000d6180000,0x00000000d6180000,0x00000000d6300000)
 ParOldGen       total 1133056K, used 1132676K [0x0000000080000000, 0x00000000c5280000, 0x00000000d5580000)
  object space 1133056K, 99% used [0x0000000080000000,0x00000000c5221108,0x00000000c5280000)
 Metaspace       used 89990K, committed 91904K, reserved 1179648K
  class space    used 9388K, committed 10240K, reserved 1048576K
}
Event: 4166.956 GC heap after
{Heap after GC invocations=2900 (full 5):
 PSYoungGen      total 13824K, used 1536K [0x00000000d5580000, 0x00000000d6b80000, 0x0000000100000000)
  eden space 12288K, 0% used [0x00000000d5580000,0x00000000d5580000,0x00000000d6180000)
  from space 1536K, 100% used [0x00000000d6180000,0x00000000d6300000,0x00000000d6300000)
  to   space 5120K, 0% used [0x00000000d6680000,0x00000000d6680000,0x00000000d6b80000)
 ParOldGen       total 1135616K, used 1135469K [0x0000000080000000, 0x00000000c5500000, 0x00000000d5580000)
  object space 1135616K, 99% used [0x0000000080000000,0x00000000c54db508,0x00000000c5500000)
 Metaspace       used 89990K, committed 91904K, reserved 1179648K
  class space    used 9388K, committed 10240K, reserved 1048576K
}
Event: 4167.067 GC heap before
{Heap before GC invocations=2901 (full 5):
 PSYoungGen      total 13824K, used 13824K [0x00000000d5580000, 0x00000000d6b80000, 0x0000000100000000)
  eden space 12288K, 100% used [0x00000000d5580000,0x00000000d6180000,0x00000000d6180000)
  from space 1536K, 100% used [0x00000000d6180000,0x00000000d6300000,0x00000000d6300000)
  to   space 5120K, 0% used [0x00000000d6680000,0x00000000d6680000,0x00000000d6b80000)
 ParOldGen       total 1135616K, used 1135469K [0x0000000080000000, 0x00000000c5500000, 0x00000000d5580000)
  object space 1135616K, 99% used [0x0000000080000000,0x00000000c54db508,0x00000000c5500000)
 Metaspace       used 90001K, committed 91904K, reserved 1179648K
  class space    used 9388K, committed 10240K, reserved 1048576K
}
Event: 4167.080 GC heap after
{Heap after GC invocations=2901 (full 5):
 PSYoungGen      total 16384K, used 4010K [0x00000000d5580000, 0x00000000d6a80000, 0x0000000100000000)
  eden space 12288K, 0% used [0x00000000d5580000,0x00000000d5580000,0x00000000d6180000)
  from space 4096K, 97% used [0x00000000d6680000,0x00000000d6a6a8c0,0x00000000d6a80000)
  to   space 4608K, 0% used [0x00000000d6180000,0x00000000d6180000,0x00000000d6600000)
 ParOldGen       total 1137152K, used 1137029K [0x0000000080000000, 0x00000000c5680000, 0x00000000d5580000)
  object space 1137152K, 99% used [0x0000000080000000,0x00000000c5661548,0x00000000c5680000)
 Metaspace       used 90001K, committed 91904K, reserved 1179648K
  class space    used 9388K, committed 10240K, reserved 1048576K
}
Event: 4167.148 GC heap before
{Heap before GC invocations=2902 (full 5):
 PSYoungGen      total 16384K, used 16298K [0x00000000d5580000, 0x00000000d6a80000, 0x0000000100000000)
  eden space 12288K, 100% used [0x00000000d5580000,0x00000000d6180000,0x00000000d6180000)
  from space 4096K, 97% used [0x00000000d6680000,0x00000000d6a6a8c0,0x00000000d6a80000)
  to   space 4608K, 0% used [0x00000000d6180000,0x00000000d6180000,0x00000000d6600000)
 ParOldGen       total 1137152K, used 1137029K [0x0000000080000000, 0x00000000c5680000, 0x00000000d5580000)
  object space 1137152K, 99% used [0x0000000080000000,0x00000000c5661548,0x00000000c5680000)
 Metaspace       used 90001K, committed 91904K, reserved 1179648K
  class space    used 9388K, committed 10240K, reserved 1048576K
}
Event: 4167.164 GC heap after
{Heap after GC invocations=2902 (full 5):
 PSYoungGen      total 16896K, used 4251K [0x00000000d5580000, 0x00000000d6a80000, 0x0000000100000000)
  eden space 12288K, 0% used [0x00000000d5580000,0x00000000d5580000,0x00000000d6180000)
  from space 4608K, 92% used [0x00000000d6180000,0x00000000d65a6eb0,0x00000000d6600000)
  to   space 4608K, 0% used [0x00000000d6600000,0x00000000d6600000,0x00000000d6a80000)
 ParOldGen       total 1141248K, used 1140951K [0x0000000080000000, 0x00000000c5a80000, 0x00000000d5580000)
  object space 1141248K, 99% used [0x0000000080000000,0x00000000c5a35f18,0x00000000c5a80000)
 Metaspace       used 90001K, committed 91904K, reserved 1179648K
  class space    used 9388K, committed 10240K, reserved 1048576K
}
Event: 4167.370 GC heap before
{Heap before GC invocations=2903 (full 5):
 PSYoungGen      total 16896K, used 16539K [0x00000000d5580000, 0x00000000d6a80000, 0x0000000100000000)
  eden space 12288K, 100% used [0x00000000d5580000,0x00000000d6180000,0x00000000d6180000)
  from space 4608K, 92% used [0x00000000d6180000,0x00000000d65a6eb0,0x00000000d6600000)
  to   space 4608K, 0% used [0x00000000d6600000,0x00000000d6600000,0x00000000d6a80000)
 ParOldGen       total 1141248K, used 1140951K [0x0000000080000000, 0x00000000c5a80000, 0x00000000d5580000)
  object space 1141248K, 99% used [0x0000000080000000,0x00000000c5a35f18,0x00000000c5a80000)
 Metaspace       used 90076K, committed 92032K, reserved 1179648K
  class space    used 9398K, committed 10304K, reserved 1048576K
}
Event: 4167.390 GC heap after
{Heap after GC invocations=2903 (full 5):
 PSYoungGen      total 16896K, used 4544K [0x00000000d5580000, 0x00000000d6a80000, 0x0000000100000000)
  eden space 12288K, 0% used [0x00000000d5580000,0x00000000d5580000,0x00000000d6180000)
  from space 4608K, 98% used [0x00000000d6600000,0x00000000d6a70020,0x00000000d6a80000)
  to   space 4608K, 0% used [0x00000000d6180000,0x00000000d6180000,0x00000000d6600000)
 ParOldGen       total 1145344K, used 1145071K [0x0000000080000000, 0x00000000c5e80000, 0x00000000d5580000)
  object space 1145344K, 99% used [0x0000000080000000,0x00000000c5e3bdf8,0x00000000c5e80000)
 Metaspace       used 90076K, committed 92032K, reserved 1179648K
  class space    used 9398K, committed 10304K, reserved 1048576K
}
Event: 4167.440 GC heap before
{Heap before GC invocations=2904 (full 5):
 PSYoungGen      total 16896K, used 16832K [0x00000000d5580000, 0x00000000d6a80000, 0x0000000100000000)
  eden space 12288K, 100% used [0x00000000d5580000,0x00000000d6180000,0x00000000d6180000)
  from space 4608K, 98% used [0x00000000d6600000,0x00000000d6a70020,0x00000000d6a80000)
  to   space 4608K, 0% used [0x00000000d6180000,0x00000000d6180000,0x00000000d6600000)
 ParOldGen       total 1145344K, used 1145071K [0x0000000080000000, 0x00000000c5e80000, 0x00000000d5580000)
  object space 1145344K, 99% used [0x0000000080000000,0x00000000c5e3bdf8,0x00000000c5e80000)
 Metaspace       used 90076K, committed 92032K, reserved 1179648K
  class space    used 9398K, committed 10304K, reserved 1048576K
}
Event: 4167.456 GC heap after
{Heap after GC invocations=2904 (full 5):
 PSYoungGen      total 16896K, used 3936K [0x00000000d5580000, 0x00000000d6a80000, 0x0000000100000000)
  eden space 12288K, 0% used [0x00000000d5580000,0x00000000d5580000,0x00000000d6180000)
  from space 4608K, 85% used [0x00000000d6180000,0x00000000d6558000,0x00000000d6600000)
  to   space 4608K, 0% used [0x00000000d6600000,0x00000000d6600000,0x00000000d6a80000)
 ParOldGen       total 1149952K, used 1149567K [0x0000000080000000, 0x00000000c6300000, 0x00000000d5580000)
  object space 1149952K, 99% used [0x0000000080000000,0x00000000c629fe68,0x00000000c6300000)
 Metaspace       used 90076K, committed 92032K, reserved 1179648K
  class space    used 9398K, committed 10304K, reserved 1048576K
}
Event: 4167.538 GC heap before
{Heap before GC invocations=2905 (full 5):
 PSYoungGen      total 16896K, used 16224K [0x00000000d5580000, 0x00000000d6a80000, 0x0000000100000000)
  eden space 12288K, 100% used [0x00000000d5580000,0x00000000d6180000,0x00000000d6180000)
  from space 4608K, 85% used [0x00000000d6180000,0x00000000d6558000,0x00000000d6600000)
  to   space 4608K, 0% used [0x00000000d6600000,0x00000000d6600000,0x00000000d6a80000)
 ParOldGen       total 1149952K, used 1149567K [0x0000000080000000, 0x00000000c6300000, 0x00000000d5580000)
  object space 1149952K, 99% used [0x0000000080000000,0x00000000c629fe68,0x00000000c6300000)
 Metaspace       used 90076K, committed 92032K, reserved 1179648K
  class space    used 9398K, committed 10304K, reserved 1048576K
}
Event: 4167.549 GC heap after
{Heap after GC invocations=2905 (full 5):
 PSYoungGen      total 14336K, used 1840K [0x00000000d5580000, 0x00000000d6800000, 0x0000000100000000)
  eden space 12288K, 0% used [0x00000000d5580000,0x00000000d5580000,0x00000000d6180000)
  from space 2048K, 89% used [0x00000000d6600000,0x00000000d67cc010,0x00000000d6800000)
  to   space 3072K, 0% used [0x00000000d6200000,0x00000000d6200000,0x00000000d6500000)
 ParOldGen       total 1153536K, used 1153411K [0x0000000080000000, 0x00000000c6680000, 0x00000000d5580000)
  object space 1153536K, 99% used [0x0000000080000000,0x00000000c6660f18,0x00000000c6680000)
 Metaspace       used 90076K, committed 92032K, reserved 1179648K
  class space    used 9398K, committed 10304K, reserved 1048576K
}
Event: 4168.677 GC heap before
{Heap before GC invocations=2906 (full 5):
 PSYoungGen      total 14336K, used 14128K [0x00000000d5580000, 0x00000000d6800000, 0x0000000100000000)
  eden space 12288K, 100% used [0x00000000d5580000,0x00000000d6180000,0x00000000d6180000)
  from space 2048K, 89% used [0x00000000d6600000,0x00000000d67cc010,0x00000000d6800000)
  to   space 3072K, 0% used [0x00000000d6200000,0x00000000d6200000,0x00000000d6500000)
 ParOldGen       total 1185280K, used 1184131K [0x0000000080000000, 0x00000000c8580000, 0x00000000d5580000)
  object space 1185280K, 99% used [0x0000000080000000,0x00000000c8460f48,0x00000000c8580000)
 Metaspace       used 90639K, committed 92608K, reserved 1179648K
  class space    used 9460K, committed 10304K, reserved 1048576K
}
Event: 4168.694 GC heap after
{Heap after GC invocations=2906 (full 5):
 PSYoungGen      total 15360K, used 3062K [0x00000000d5580000, 0x00000000d6c80000, 0x0000000100000000)
  eden space 12288K, 0% used [0x00000000d5580000,0x00000000d5580000,0x00000000d6180000)
  from space 3072K, 99% used [0x00000000d6200000,0x00000000d64fd898,0x00000000d6500000)
  to   space 5632K, 0% used [0x00000000d6700000,0x00000000d6700000,0x00000000d6c80000)
 ParOldGen       total 1186304K, used 1185851K [0x0000000080000000, 0x00000000c8680000, 0x00000000d5580000)
  object space 1186304K, 99% used [0x0000000080000000,0x00000000c860efa8,0x00000000c8680000)
 Metaspace       used 90639K, committed 92608K, reserved 1179648K
  class space    used 9460K, committed 10304K, reserved 1048576K
}

