# JRE version: OpenJDK Runtime Environment Temurin-21.0.10+7 (21.0.10+7) (build 21.0.10+7-LTS)
# Java VM: OpenJDK 64-Bit Server VM Temurin-21.0.10+7 (21.0.10+7-LTS, mixed mode, sharing, tiered, compressed oops, compressed class ptrs, parallel gc, windows-amd64)
GC Precious Log:
 CardTable entry size: 512
 CPUs: 8 total, 8 available
 Memory: 12152M
 Large Page Support: Disabled
 NUMA Support: Disabled
 Compressed Oops: Enabled (32-bit)
 Alignments: Space 512K, Generation 512K, Heap 2M
 Heap Min Capacity: 100M
 Heap Initial Capacity: 100M
 Heap Max Capacity: 2G
 Pre-touch: Disabled
 Parallel Workers: 8
Heap:
 PSYoungGen      total 21504K, used 1066K [0x00000000d5580000, 0x00000000d7080000, 0x0000000100000000)
  eden space 19456K, 2% used [0x00000000d5580000,0x00000000d55ee968,0x00000000d6880000)
  from space 2048K, 30% used [0x00000000d6c80000,0x00000000d6d1c010,0x00000000d6e80000)
  to   space 1024K, 0% used [0x00000000d6f80000,0x00000000d6f80000,0x00000000d7080000)
 ParOldGen       total 1269248K, used 1268864K [0x0000000080000000, 0x00000000cd780000, 0x00000000d5580000)
  object space 1269248K, 99% used [0x0000000080000000,0x00000000cd720330,0x00000000cd780000)
 Metaspace       used 98340K, committed 100416K, reserved 1179648K
  class space    used 10142K, committed 11136K, reserved 1048576K
GC Heap History (20 events):
Event: 1343.626 GC heap before
{Heap before GC invocations=3287 (full 6):
 PSYoungGen      total 15360K, used 14441K [0x00000000d5580000, 0x00000000d6880000, 0x0000000100000000)
  eden space 13312K, 100% used [0x00000000d5580000,0x00000000d6280000,0x00000000d6280000)
  from space 2048K, 55% used [0x00000000d6280000,0x00000000d639a420,0x00000000d6480000)
  to   space 1536K, 0% used [0x00000000d6700000,0x00000000d6700000,0x00000000d6880000)
 ParOldGen       total 1248768K, used 1248527K [0x0000000080000000, 0x00000000cc380000, 0x00000000d5580000)
  object space 1248768K, 99% used [0x0000000080000000,0x00000000cc343e68,0x00000000cc380000)
 Metaspace       used 95133K, committed 97280K, reserved 1179648K
  class space    used 9686K, committed 10688K, reserved 1048576K
}
Event: 1343.630 GC heap after
{Heap after GC invocations=3287 (full 6):
 PSYoungGen      total 17408K, used 1488K [0x00000000d5580000, 0x00000000d6980000, 0x0000000100000000)
  eden space 15872K, 0% used [0x00000000d5580000,0x00000000d5580000,0x00000000d6500000)
  from space 1536K, 96% used [0x00000000d6700000,0x00000000d6874010,0x00000000d6880000)
  to   space 2048K, 0% used [0x00000000d6500000,0x00000000d6500000,0x00000000d6700000)
 ParOldGen       total 1249792K, used 1249549K [0x0000000080000000, 0x00000000cc480000, 0x00000000d5580000)
  object space 1249792K, 99% used [0x0000000080000000,0x00000000cc443558,0x00000000cc480000)
 Metaspace       used 95133K, committed 97280K, reserved 1179648K
  class space    used 9686K, committed 10688K, reserved 1048576K
}
Event: 1343.646 GC heap before
{Heap before GC invocations=3288 (full 6):
 PSYoungGen      total 17408K, used 17360K [0x00000000d5580000, 0x00000000d6980000, 0x0000000100000000)
  eden space 15872K, 100% used [0x00000000d5580000,0x00000000d6500000,0x00000000d6500000)
  from space 1536K, 96% used [0x00000000d6700000,0x00000000d6874010,0x00000000d6880000)
  to   space 2048K, 0% used [0x00000000d6500000,0x00000000d6500000,0x00000000d6700000)
 ParOldGen       total 1249792K, used 1249549K [0x0000000080000000, 0x00000000cc480000, 0x00000000d5580000)
  object space 1249792K, 99% used [0x0000000080000000,0x00000000cc443558,0x00000000cc480000)
 Metaspace       used 95133K, committed 97280K, reserved 1179648K
  class space    used 9686K, committed 10688K, reserved 1048576K
}
Event: 1343.651 GC heap after
{Heap after GC invocations=3288 (full 6):
 PSYoungGen      total 17920K, used 1344K [0x00000000d5580000, 0x00000000d6b80000, 0x0000000100000000)
  eden space 15872K, 0% used [0x00000000d5580000,0x00000000d5580000,0x00000000d6500000)
  from space 2048K, 65% used [0x00000000d6500000,0x00000000d6650020,0x00000000d6700000)
  to   space 1536K, 0% used [0x00000000d6a00000,0x00000000d6a00000,0x00000000d6b80000)
 ParOldGen       total 1251328K, used 1250947K [0x0000000080000000, 0x00000000cc600000, 0x00000000d5580000)
  object space 1251328K, 99% used [0x0000000080000000,0x00000000cc5a0f38,0x00000000cc600000)
 Metaspace       used 95133K, committed 97280K, reserved 1179648K
  class space    used 9686K, committed 10688K, reserved 1048576K
}
Event: 1343.676 GC heap before
{Heap before GC invocations=3289 (full 6):
 PSYoungGen      total 17920K, used 17216K [0x00000000d5580000, 0x00000000d6b80000, 0x0000000100000000)
  eden space 15872K, 100% used [0x00000000d5580000,0x00000000d6500000,0x00000000d6500000)
  from space 2048K, 65% used [0x00000000d6500000,0x00000000d6650020,0x00000000d6700000)
  to   space 1536K, 0% used [0x00000000d6a00000,0x00000000d6a00000,0x00000000d6b80000)
 ParOldGen       total 1251328K, used 1250947K [0x0000000080000000, 0x00000000cc600000, 0x00000000d5580000)
  object space 1251328K, 99% used [0x0000000080000000,0x00000000cc5a0f38,0x00000000cc600000)
 Metaspace       used 95133K, committed 97280K, reserved 1179648K
  class space    used 9686K, committed 10688K, reserved 1048576K
}
Event: 1343.679 GC heap after
{Heap after GC invocations=3289 (full 6):
 PSYoungGen      total 20992K, used 1408K [0x00000000d5580000, 0x00000000d6b80000, 0x0000000100000000)
  eden space 19456K, 0% used [0x00000000d5580000,0x00000000d5580000,0x00000000d6880000)
  from space 1536K, 91% used [0x00000000d6a00000,0x00000000d6b60040,0x00000000d6b80000)
  to   space 1536K, 0% used [0x00000000d6880000,0x00000000d6880000,0x00000000d6a00000)
 ParOldGen       total 1252352K, used 1252099K [0x0000000080000000, 0x00000000cc700000, 0x00000000d5580000)
  object space 1252352K, 99% used [0x0000000080000000,0x00000000cc6c0fd8,0x00000000cc700000)
 Metaspace       used 95133K, committed 97280K, reserved 1179648K
  class space    used 9686K, committed 10688K, reserved 1048576K
}
Event: 1343.721 GC heap before
{Heap before GC invocations=3290 (full 6):
 PSYoungGen      total 20992K, used 20864K [0x00000000d5580000, 0x00000000d6b80000, 0x0000000100000000)
  eden space 19456K, 100% used [0x00000000d5580000,0x00000000d6880000,0x00000000d6880000)
  from space 1536K, 91% used [0x00000000d6a00000,0x00000000d6b60040,0x00000000d6b80000)
  to   space 1536K, 0% used [0x00000000d6880000,0x00000000d6880000,0x00000000d6a00000)
 ParOldGen       total 1252352K, used 1252099K [0x0000000080000000, 0x00000000cc700000, 0x00000000d5580000)
  object space 1252352K, 99% used [0x0000000080000000,0x00000000cc6c0fd8,0x00000000cc700000)
 Metaspace       used 95133K, committed 97280K, reserved 1179648K
  class space    used 9686K, committed 10688K, reserved 1048576K
}
Event: 1343.725 GC heap after
{Heap after GC invocations=3290 (full 6):
 PSYoungGen      total 20992K, used 1529K [0x00000000d5580000, 0x00000000d7380000, 0x0000000100000000)
  eden space 19456K, 0% used [0x00000000d5580000,0x00000000d5580000,0x00000000d6880000)
  from space 1536K, 99% used [0x00000000d6880000,0x00000000d69fe410,0x00000000d6a00000)
  to   space 3584K, 0% used [0x00000000d7000000,0x00000000d7000000,0x00000000d7380000)
 ParOldGen       total 1253888K, used 1253736K [0x0000000080000000, 0x00000000cc880000, 0x00000000d5580000)
  object space 1253888K, 99% used [0x0000000080000000,0x00000000cc85a1f8,0x00000000cc880000)
 Metaspace       used 95133K, committed 97280K, reserved 1179648K
  class space    used 9686K, committed 10688K, reserved 1048576K
}
Event: 1343.756 GC heap before
{Heap before GC invocations=3291 (full 6):
 PSYoungGen      total 20992K, used 20985K [0x00000000d5580000, 0x00000000d7380000, 0x0000000100000000)
  eden space 19456K, 100% used [0x00000000d5580000,0x00000000d6880000,0x00000000d6880000)
  from space 1536K, 99% used [0x00000000d6880000,0x00000000d69fe410,0x00000000d6a00000)
  to   space 3584K, 0% used [0x00000000d7000000,0x00000000d7000000,0x00000000d7380000)
 ParOldGen       total 1253888K, used 1253736K [0x0000000080000000, 0x00000000cc880000, 0x00000000d5580000)
  object space 1253888K, 99% used [0x0000000080000000,0x00000000cc85a1f8,0x00000000cc880000)
 Metaspace       used 95133K, committed 97280K, reserved 1179648K
  class space    used 9686K, committed 10688K, reserved 1048576K
}
Event: 1343.761 GC heap after
{Heap after GC invocations=3291 (full 6):
 PSYoungGen      total 20992K, used 1424K [0x00000000d5580000, 0x00000000d7180000, 0x0000000100000000)
  eden space 19456K, 0% used [0x00000000d5580000,0x00000000d5580000,0x00000000d6880000)
  from space 1536K, 92% used [0x00000000d7000000,0x00000000d7164030,0x00000000d7180000)
  to   space 2560K, 0% used [0x00000000d6c80000,0x00000000d6c80000,0x00000000d6f00000)
 ParOldGen       total 1255424K, used 1255282K [0x0000000080000000, 0x00000000cca00000, 0x00000000d5580000)
  object space 1255424K, 99% used [0x0000000080000000,0x00000000cc9dca28,0x00000000cca00000)
 Metaspace       used 95133K, committed 97280K, reserved 1179648K
  class space    used 9686K, committed 10688K, reserved 1048576K
}
Event: 1353.364 GC heap before
{Heap before GC invocations=3292 (full 6):
 PSYoungGen      total 20992K, used 20880K [0x00000000d5580000, 0x00000000d7180000, 0x0000000100000000)
  eden space 19456K, 100% used [0x00000000d5580000,0x00000000d6880000,0x00000000d6880000)
  from space 1536K, 92% used [0x00000000d7000000,0x00000000d7164030,0x00000000d7180000)
  to   space 2560K, 0% used [0x00000000d6c80000,0x00000000d6c80000,0x00000000d6f00000)
 ParOldGen       total 1255424K, used 1255282K [0x0000000080000000, 0x00000000cca00000, 0x00000000d5580000)
  object space 1255424K, 99% used [0x0000000080000000,0x00000000cc9dca28,0x00000000cca00000)
 Metaspace       used 95228K, committed 97344K, reserved 1179648K
  class space    used 9705K, committed 10752K, reserved 1048576K
}
Event: 1353.369 GC heap after
{Heap after GC invocations=3292 (full 6):
 PSYoungGen      total 22016K, used 2537K [0x00000000d5580000, 0x00000000d8080000, 0x0000000100000000)
  eden space 19456K, 0% used [0x00000000d5580000,0x00000000d5580000,0x00000000d6880000)
  from space 2560K, 99% used [0x00000000d6c80000,0x00000000d6efa548,0x00000000d6f00000)
  to   space 12288K, 0% used [0x00000000d7480000,0x00000000d7480000,0x00000000d8080000)
 ParOldGen       total 1263616K, used 1263412K [0x0000000080000000, 0x00000000cd200000, 0x00000000d5580000)
  object space 1263616K, 99% used [0x0000000080000000,0x00000000cd1cd1b8,0x00000000cd200000)
 Metaspace       used 95228K, committed 97344K, reserved 1179648K
  class space    used 9705K, committed 10752K, reserved 1048576K
}
Event: 1353.419 GC heap before
{Heap before GC invocations=3293 (full 6):
 PSYoungGen      total 22016K, used 21993K [0x00000000d5580000, 0x00000000d8080000, 0x0000000100000000)
  eden space 19456K, 100% used [0x00000000d5580000,0x00000000d6880000,0x00000000d6880000)
  from space 2560K, 99% used [0x00000000d6c80000,0x00000000d6efa548,0x00000000d6f00000)
  to   space 12288K, 0% used [0x00000000d7480000,0x00000000d7480000,0x00000000d8080000)
 ParOldGen       total 1263616K, used 1263412K [0x0000000080000000, 0x00000000cd200000, 0x00000000d5580000)
  object space 1263616K, 99% used [0x0000000080000000,0x00000000cd1cd1b8,0x00000000cd200000)
 Metaspace       used 95228K, committed 97344K, reserved 1179648K
  class space    used 9705K, committed 10752K, reserved 1048576K
}
Event: 1353.426 GC heap after
{Heap after GC invocations=3293 (full 6):
 PSYoungGen      total 25088K, used 5343K [0x00000000d5580000, 0x00000000d7a00000, 0x0000000100000000)
  eden space 19456K, 0% used [0x00000000d5580000,0x00000000d5580000,0x00000000d6880000)
  from space 5632K, 94% used [0x00000000d7480000,0x00000000d79b7de8,0x00000000d7a00000)
  to   space 7680K, 0% used [0x00000000d6b00000,0x00000000d6b00000,0x00000000d7280000)
 ParOldGen       total 1266176K, used 1265947K [0x0000000080000000, 0x00000000cd480000, 0x00000000d5580000)
  object space 1266176K, 99% used [0x0000000080000000,0x00000000cd446c70,0x00000000cd480000)
 Metaspace       used 95228K, committed 97344K, reserved 1179648K
  class space    used 9705K, committed 10752K, reserved 1048576K
}
Event: 1353.494 GC heap before
{Heap before GC invocations=3294 (full 6):
 PSYoungGen      total 25088K, used 24799K [0x00000000d5580000, 0x00000000d7a00000, 0x0000000100000000)
  eden space 19456K, 100% used [0x00000000d5580000,0x00000000d6880000,0x00000000d6880000)
  from space 5632K, 94% used [0x00000000d7480000,0x00000000d79b7de8,0x00000000d7a00000)
  to   space 7680K, 0% used [0x00000000d6b00000,0x00000000d6b00000,0x00000000d7280000)
 ParOldGen       total 1266176K, used 1265947K [0x0000000080000000, 0x00000000cd480000, 0x00000000d5580000)
  object space 1266176K, 99% used [0x0000000080000000,0x00000000cd446c70,0x00000000cd480000)
 Metaspace       used 95253K, committed 97408K, reserved 1179648K
  class space    used 9707K, committed 10752K, reserved 1048576K
}
Event: 1353.499 GC heap after
{Heap after GC invocations=3294 (full 6):
 PSYoungGen      total 24064K, used 4153K [0x00000000d5580000, 0x00000000d7500000, 0x0000000100000000)
  eden space 19456K, 0% used [0x00000000d5580000,0x00000000d5580000,0x00000000d6880000)
  from space 4608K, 90% used [0x00000000d6b00000,0x00000000d6f0e470,0x00000000d6f80000)
  to   space 5120K, 0% used [0x00000000d7000000,0x00000000d7000000,0x00000000d7500000)
 ParOldGen       total 1268736K, used 1268239K [0x0000000080000000, 0x00000000cd700000, 0x00000000d5580000)
  object space 1268736K, 99% used [0x0000000080000000,0x00000000cd683d38,0x00000000cd700000)
 Metaspace       used 95253K, committed 97408K, reserved 1179648K
  class space    used 9707K, committed 10752K, reserved 1048576K
}
Event: 1353.944 GC heap before
{Heap before GC invocations=3295 (full 6):
 PSYoungGen      total 24064K, used 23609K [0x00000000d5580000, 0x00000000d7500000, 0x0000000100000000)
  eden space 19456K, 100% used [0x00000000d5580000,0x00000000d6880000,0x00000000d6880000)
  from space 4608K, 90% used [0x00000000d6b00000,0x00000000d6f0e470,0x00000000d6f80000)
  to   space 5120K, 0% used [0x00000000d7000000,0x00000000d7000000,0x00000000d7500000)
 ParOldGen       total 1268736K, used 1268239K [0x0000000080000000, 0x00000000cd700000, 0x00000000d5580000)
  object space 1268736K, 99% used [0x0000000080000000,0x00000000cd683d38,0x00000000cd700000)
 Metaspace       used 96365K, committed 98496K, reserved 1179648K
  class space    used 9819K, committed 10816K, reserved 1048576K
}
Event: 1353.947 GC heap after
{Heap after GC invocations=3295 (full 6):
 PSYoungGen      total 19968K, used 401K [0x00000000d5580000, 0x00000000d7080000, 0x0000000100000000)
  eden space 19456K, 0% used [0x00000000d5580000,0x00000000d5580000,0x00000000d6880000)
  from space 512K, 78% used [0x00000000d7000000,0x00000000d70645c8,0x00000000d7080000)
  to   space 2048K, 0% used [0x00000000d6c80000,0x00000000d6c80000,0x00000000d6e80000)
 ParOldGen       total 1268736K, used 1268551K [0x0000000080000000, 0x00000000cd700000, 0x00000000d5580000)
  object space 1268736K, 99% used [0x0000000080000000,0x00000000cd6d1d68,0x00000000cd700000)
 Metaspace       used 96365K, committed 98496K, reserved 1179648K
  class space    used 9819K, committed 10816K, reserved 1048576K
}
Event: 1359.722 GC heap before
{Heap before GC invocations=3296 (full 6):
 PSYoungGen      total 19968K, used 19857K [0x00000000d5580000, 0x00000000d7080000, 0x0000000100000000)
  eden space 19456K, 100% used [0x00000000d5580000,0x00000000d6880000,0x00000000d6880000)
  from space 512K, 78% used [0x00000000d7000000,0x00000000d70645c8,0x00000000d7080000)
  to   space 2048K, 0% used [0x00000000d6c80000,0x00000000d6c80000,0x00000000d6e80000)
 ParOldGen       total 1268736K, used 1268551K [0x0000000080000000, 0x00000000cd700000, 0x00000000d5580000)
  object space 1268736K, 99% used [0x0000000080000000,0x00000000cd6d1d68,0x00000000cd700000)
 Metaspace       used 98318K, committed 100416K, reserved 1179648K
  class space    used 10140K, committed 11136K, reserved 1048576K
}
Event: 1359.725 GC heap after
{Heap after GC invocations=3296 (full 6):
 PSYoungGen      total 21504K, used 624K [0x00000000d5580000, 0x00000000d7080000, 0x0000000100000000)
  eden space 19456K, 0% used [0x00000000d5580000,0x00000000d5580000,0x00000000d6880000)
  from space 2048K, 30% used [0x00000000d6c80000,0x00000000d6d1c010,0x00000000d6e80000)
  to   space 1024K, 0% used [0x00000000d6f80000,0x00000000d6f80000,0x00000000d7080000)
 ParOldGen       total 1269248K, used 1268864K [0x0000000080000000, 0x00000000cd780000, 0x00000000d5580000)
  object space 1269248K, 99% used [0x0000000080000000,0x00000000cd720330,0x00000000cd780000)
 Metaspace       used 98318K, committed 100416K, reserved 1179648K
  class space    used 10140K, committed 11136K, reserved 1048576K
}

