# JRE version: OpenJDK Runtime Environment Temurin-21.0.10+7 (21.0.10+7) (build 21.0.10+7-LTS)
# Java VM: OpenJDK 64-Bit Server VM Temurin-21.0.10+7 (21.0.10+7-LTS, mixed mode, sharing, tiered, compressed oops, compressed class ptrs, parallel gc, windows-amd64)
GC Precious Log:
 CardTable entry size: 512
 CPUs: 8 total, 8 available
 Memory: 12152M
 Large Page Support: Disabled
 NUMA Support: Disabled
 Compressed Oops: Enabled (32-bit)
 Alignments: Space 512K, Generation 512K, Heap 2M
 Heap Min Capacity: 100M
 Heap Initial Capacity: 100M
 Heap Max Capacity: 2G
 Pre-touch: Disabled
 Parallel Workers: 8
Heap:
 PSYoungGen      total 5120K, used 3770K [0x00000000d5580000, 0x00000000d5e80000, 0x0000000100000000)
  eden space 4608K, 77% used [0x00000000d5580000,0x00000000d58fe970,0x00000000d5a00000)
  from space 512K, 37% used [0x00000000d5d80000,0x00000000d5db0000,0x00000000d5e00000)
  to   space 512K, 0% used [0x00000000d5e00000,0x00000000d5e00000,0x00000000d5e80000)
 ParOldGen       total 1285120K, used 1284817K [0x0000000080000000, 0x00000000ce700000, 0x00000000d5580000)
  object space 1285120K, 99% used [0x0000000080000000,0x00000000ce6b47f0,0x00000000ce700000)
 Metaspace       used 96930K, committed 98752K, reserved 1179648K
  class space    used 9933K, committed 10752K, reserved 1048576K
GC Heap History (20 events):
Event: 6348.382 GC heap before
{Heap before GC invocations=3348 (full 7):
 PSYoungGen      total 7680K, used 7665K [0x00000000d5580000, 0x00000000d6400000, 0x0000000100000000)
  eden space 4608K, 100% used [0x00000000d5580000,0x00000000d5a00000,0x00000000d5a00000)
  from space 3072K, 99% used [0x00000000d5a00000,0x00000000d5cfc7c0,0x00000000d5d00000)
  to   space 5120K, 0% used [0x00000000d5f00000,0x00000000d5f00000,0x00000000d6400000)
 ParOldGen       total 1278464K, used 1278125K [0x0000000080000000, 0x00000000ce080000, 0x00000000d5580000)
  object space 1278464K, 99% used [0x0000000080000000,0x00000000ce02b650,0x00000000ce080000)
 Metaspace       used 96926K, committed 98752K, reserved 1179648K
  class space    used 9933K, committed 10752K, reserved 1048576K
}
Event: 6348.385 GC heap after
{Heap after GC invocations=3348 (full 7):
 PSYoungGen      total 6144K, used 1056K [0x00000000d5580000, 0x00000000d6080000, 0x0000000100000000)
  eden space 4608K, 0% used [0x00000000d5580000,0x00000000d5580000,0x00000000d5a00000)
  from space 1536K, 68% used [0x00000000d5f00000,0x00000000d6008000,0x00000000d6080000)
  to   space 2560K, 0% used [0x00000000d5b80000,0x00000000d5b80000,0x00000000d5e00000)
 ParOldGen       total 1281536K, used 1281059K [0x0000000080000000, 0x00000000ce380000, 0x00000000d5580000)
  object space 1281536K, 99% used [0x0000000080000000,0x00000000ce308f38,0x00000000ce380000)
 Metaspace       used 96926K, committed 98752K, reserved 1179648K
  class space    used 9933K, committed 10752K, reserved 1048576K
}
Event: 6348.392 GC heap before
{Heap before GC invocations=3349 (full 7):
 PSYoungGen      total 6144K, used 5664K [0x00000000d5580000, 0x00000000d6080000, 0x0000000100000000)
  eden space 4608K, 100% used [0x00000000d5580000,0x00000000d5a00000,0x00000000d5a00000)
  from space 1536K, 68% used [0x00000000d5f00000,0x00000000d6008000,0x00000000d6080000)
  to   space 2560K, 0% used [0x00000000d5b80000,0x00000000d5b80000,0x00000000d5e00000)
 ParOldGen       total 1281536K, used 1281059K [0x0000000080000000, 0x00000000ce380000, 0x00000000d5580000)
  object space 1281536K, 99% used [0x0000000080000000,0x00000000ce308f38,0x00000000ce380000)
 Metaspace       used 96926K, committed 98752K, reserved 1179648K
  class space    used 9933K, committed 10752K, reserved 1048576K
}
Event: 6348.396 GC heap after
{Heap after GC invocations=3349 (full 7):
 PSYoungGen      total 7168K, used 512K [0x00000000d5580000, 0x00000000d5f80000, 0x0000000100000000)
  eden space 4608K, 0% used [0x00000000d5580000,0x00000000d5580000,0x00000000d5a00000)
  from space 2560K, 20% used [0x00000000d5b80000,0x00000000d5c00000,0x00000000d5e00000)
  to   space 1024K, 0% used [0x00000000d5e80000,0x00000000d5e80000,0x00000000d5f80000)
 ParOldGen       total 1282048K, used 1281983K [0x0000000080000000, 0x00000000ce400000, 0x00000000d5580000)
  object space 1282048K, 99% used [0x0000000080000000,0x00000000ce3eff68,0x00000000ce400000)
 Metaspace       used 96926K, committed 98752K, reserved 1179648K
  class space    used 9933K, committed 10752K, reserved 1048576K
}
Event: 6348.403 GC heap before
{Heap before GC invocations=3350 (full 7):
 PSYoungGen      total 7168K, used 5120K [0x00000000d5580000, 0x00000000d5f80000, 0x0000000100000000)
  eden space 4608K, 100% used [0x00000000d5580000,0x00000000d5a00000,0x00000000d5a00000)
  from space 2560K, 20% used [0x00000000d5b80000,0x00000000d5c00000,0x00000000d5e00000)
  to   space 1024K, 0% used [0x00000000d5e80000,0x00000000d5e80000,0x00000000d5f80000)
 ParOldGen       total 1282048K, used 1281983K [0x0000000080000000, 0x00000000ce400000, 0x00000000d5580000)
  object space 1282048K, 99% used [0x0000000080000000,0x00000000ce3eff68,0x00000000ce400000)
 Metaspace       used 96926K, committed 98752K, reserved 1179648K
  class space    used 9933K, committed 10752K, reserved 1048576K
}
Event: 6348.405 GC heap after
{Heap after GC invocations=3350 (full 7):
 PSYoungGen      total 5120K, used 480K [0x00000000d5580000, 0x00000000d5f00000, 0x0000000100000000)
  eden space 4608K, 0% used [0x00000000d5580000,0x00000000d5580000,0x00000000d5a00000)
  from space 512K, 93% used [0x00000000d5e80000,0x00000000d5ef8020,0x00000000d5f00000)
  to   space 1024K, 0% used [0x00000000d5d00000,0x00000000d5d00000,0x00000000d5e00000)
 ParOldGen       total 1282560K, used 1282399K [0x0000000080000000, 0x00000000ce480000, 0x00000000d5580000)
  object space 1282560K, 99% used [0x0000000080000000,0x00000000ce457fa8,0x00000000ce480000)
 Metaspace       used 96926K, committed 98752K, reserved 1179648K
  class space    used 9933K, committed 10752K, reserved 1048576K
}
Event: 6348.419 GC heap before
{Heap before GC invocations=3351 (full 7):
 PSYoungGen      total 5120K, used 5088K [0x00000000d5580000, 0x00000000d5f00000, 0x0000000100000000)
  eden space 4608K, 100% used [0x00000000d5580000,0x00000000d5a00000,0x00000000d5a00000)
  from space 512K, 93% used [0x00000000d5e80000,0x00000000d5ef8020,0x00000000d5f00000)
  to   space 1024K, 0% used [0x00000000d5d00000,0x00000000d5d00000,0x00000000d5e00000)
 ParOldGen       total 1282560K, used 1282399K [0x0000000080000000, 0x00000000ce480000, 0x00000000d5580000)
  object space 1282560K, 99% used [0x0000000080000000,0x00000000ce457fa8,0x00000000ce480000)
 Metaspace       used 96926K, committed 98752K, reserved 1179648K
  class space    used 9933K, committed 10752K, reserved 1048576K
}
Event: 6348.421 GC heap after
{Heap after GC invocations=3351 (full 7):
 PSYoungGen      total 5632K, used 800K [0x00000000d5580000, 0x00000000d5f00000, 0x0000000100000000)
  eden space 4608K, 0% used [0x00000000d5580000,0x00000000d5580000,0x00000000d5a00000)
  from space 1024K, 78% used [0x00000000d5d00000,0x00000000d5dc8000,0x00000000d5e00000)
  to   space 1024K, 0% used [0x00000000d5e00000,0x00000000d5e00000,0x00000000d5f00000)
 ParOldGen       total 1283072K, used 1282796K [0x0000000080000000, 0x00000000ce500000, 0x00000000d5580000)
  object space 1283072K, 99% used [0x0000000080000000,0x00000000ce4bb250,0x00000000ce500000)
 Metaspace       used 96926K, committed 98752K, reserved 1179648K
  class space    used 9933K, committed 10752K, reserved 1048576K
}
Event: 6348.443 GC heap before
{Heap before GC invocations=3352 (full 7):
 PSYoungGen      total 5632K, used 5408K [0x00000000d5580000, 0x00000000d5f00000, 0x0000000100000000)
  eden space 4608K, 100% used [0x00000000d5580000,0x00000000d5a00000,0x00000000d5a00000)
  from space 1024K, 78% used [0x00000000d5d00000,0x00000000d5dc8000,0x00000000d5e00000)
  to   space 1024K, 0% used [0x00000000d5e00000,0x00000000d5e00000,0x00000000d5f00000)
 ParOldGen       total 1283072K, used 1282796K [0x0000000080000000, 0x00000000ce500000, 0x00000000d5580000)
  object space 1283072K, 99% used [0x0000000080000000,0x00000000ce4bb250,0x00000000ce500000)
 Metaspace       used 96926K, committed 98752K, reserved 1179648K
  class space    used 9933K, committed 10752K, reserved 1048576K
}
Event: 6348.445 GC heap after
{Heap after GC invocations=3352 (full 7):
 PSYoungGen      total 5632K, used 640K [0x00000000d5580000, 0x00000000d5f00000, 0x0000000100000000)
  eden space 4608K, 0% used [0x00000000d5580000,0x00000000d5580000,0x00000000d5a00000)
  from space 1024K, 62% used [0x00000000d5e00000,0x00000000d5ea0000,0x00000000d5f00000)
  to   space 1024K, 0% used [0x00000000d5d00000,0x00000000d5d00000,0x00000000d5e00000)
 ParOldGen       total 1283584K, used 1283515K [0x0000000080000000, 0x00000000ce580000, 0x00000000d5580000)
  object space 1283584K, 99% used [0x0000000080000000,0x00000000ce56ee48,0x00000000ce580000)
 Metaspace       used 96926K, committed 98752K, reserved 1179648K
  class space    used 9933K, committed 10752K, reserved 1048576K
}
Event: 6348.462 GC heap before
{Heap before GC invocations=3353 (full 7):
 PSYoungGen      total 5632K, used 5248K [0x00000000d5580000, 0x00000000d5f00000, 0x0000000100000000)
  eden space 4608K, 100% used [0x00000000d5580000,0x00000000d5a00000,0x00000000d5a00000)
  from space 1024K, 62% used [0x00000000d5e00000,0x00000000d5ea0000,0x00000000d5f00000)
  to   space 1024K, 0% used [0x00000000d5d00000,0x00000000d5d00000,0x00000000d5e00000)
 ParOldGen       total 1283584K, used 1283515K [0x0000000080000000, 0x00000000ce580000, 0x00000000d5580000)
  object space 1283584K, 99% used [0x0000000080000000,0x00000000ce56ee48,0x00000000ce580000)
 Metaspace       used 96926K, committed 98752K, reserved 1179648K
  class space    used 9933K, committed 10752K, reserved 1048576K
}
Event: 6348.465 GC heap after
{Heap after GC invocations=3353 (full 7):
 PSYoungGen      total 5632K, used 160K [0x00000000d5580000, 0x00000000d5e80000, 0x0000000100000000)
  eden space 4608K, 0% used [0x00000000d5580000,0x00000000d5580000,0x00000000d5a00000)
  from space 1024K, 15% used [0x00000000d5d00000,0x00000000d5d28000,0x00000000d5e00000)
  to   space 512K, 0% used [0x00000000d5e00000,0x00000000d5e00000,0x00000000d5e80000)
 ParOldGen       total 1284096K, used 1284045K [0x0000000080000000, 0x00000000ce600000, 0x00000000d5580000)
  object space 1284096K, 99% used [0x0000000080000000,0x00000000ce5f35c0,0x00000000ce600000)
 Metaspace       used 96926K, committed 98752K, reserved 1179648K
  class space    used 9933K, committed 10752K, reserved 1048576K
}
Event: 6348.479 GC heap before
{Heap before GC invocations=3354 (full 7):
 PSYoungGen      total 5632K, used 4768K [0x00000000d5580000, 0x00000000d5e80000, 0x0000000100000000)
  eden space 4608K, 100% used [0x00000000d5580000,0x00000000d5a00000,0x00000000d5a00000)
  from space 1024K, 15% used [0x00000000d5d00000,0x00000000d5d28000,0x00000000d5e00000)
  to   space 512K, 0% used [0x00000000d5e00000,0x00000000d5e00000,0x00000000d5e80000)
 ParOldGen       total 1284096K, used 1284045K [0x0000000080000000, 0x00000000ce600000, 0x00000000d5580000)
  object space 1284096K, 99% used [0x0000000080000000,0x00000000ce5f35c0,0x00000000ce600000)
 Metaspace       used 96926K, committed 98752K, reserved 1179648K
  class space    used 9933K, committed 10752K, reserved 1048576K
}
Event: 6348.483 GC heap after
{Heap after GC invocations=3354 (full 7):
 PSYoungGen      total 5120K, used 507K [0x00000000d5580000, 0x00000000d5e80000, 0x0000000100000000)
  eden space 4608K, 0% used [0x00000000d5580000,0x00000000d5580000,0x00000000d5a00000)
  from space 512K, 99% used [0x00000000d5e00000,0x00000000d5e7ef80,0x00000000d5e80000)
  to   space 1024K, 0% used [0x00000000d5c80000,0x00000000d5c80000,0x00000000d5d80000)
 ParOldGen       total 1285120K, used 1284673K [0x0000000080000000, 0x00000000ce700000, 0x00000000d5580000)
  object space 1285120K, 99% used [0x0000000080000000,0x00000000ce6907f0,0x00000000ce700000)
 Metaspace       used 96926K, committed 98752K, reserved 1179648K
  class space    used 9933K, committed 10752K, reserved 1048576K
}
Event: 6348.491 GC heap before
{Heap before GC invocations=3355 (full 7):
 PSYoungGen      total 5120K, used 5115K [0x00000000d5580000, 0x00000000d5e80000, 0x0000000100000000)
  eden space 4608K, 100% used [0x00000000d5580000,0x00000000d5a00000,0x00000000d5a00000)
  from space 512K, 99% used [0x00000000d5e00000,0x00000000d5e7ef80,0x00000000d5e80000)
  to   space 1024K, 0% used [0x00000000d5c80000,0x00000000d5c80000,0x00000000d5d80000)
 ParOldGen       total 1285120K, used 1284673K [0x0000000080000000, 0x00000000ce700000, 0x00000000d5580000)
  object space 1285120K, 99% used [0x0000000080000000,0x00000000ce6907f0,0x00000000ce700000)
 Metaspace       used 96926K, committed 98752K, reserved 1179648K
  class space    used 9933K, committed 10752K, reserved 1048576K
}
Event: 6348.493 GC heap after
{Heap after GC invocations=3355 (full 7):
 PSYoungGen      total 5632K, used 224K [0x00000000d5580000, 0x00000000d5e80000, 0x0000000100000000)
  eden space 4608K, 0% used [0x00000000d5580000,0x00000000d5580000,0x00000000d5a00000)
  from space 1024K, 21% used [0x00000000d5c80000,0x00000000d5cb8000,0x00000000d5d80000)
  to   space 512K, 0% used [0x00000000d5e00000,0x00000000d5e00000,0x00000000d5e80000)
 ParOldGen       total 1285120K, used 1284721K [0x0000000080000000, 0x00000000ce700000, 0x00000000d5580000)
  object space 1285120K, 99% used [0x0000000080000000,0x00000000ce69c7f0,0x00000000ce700000)
 Metaspace       used 96926K, committed 98752K, reserved 1179648K
  class space    used 9933K, committed 10752K, reserved 1048576K
}
Event: 6348.512 GC heap before
{Heap before GC invocations=3356 (full 7):
 PSYoungGen      total 5632K, used 4819K [0x00000000d5580000, 0x00000000d5e80000, 0x0000000100000000)
  eden space 4608K, 99% used [0x00000000d5580000,0x00000000d59fce18,0x00000000d5a00000)
  from space 1024K, 21% used [0x00000000d5c80000,0x00000000d5cb8000,0x00000000d5d80000)
  to   space 512K, 0% used [0x00000000d5e00000,0x00000000d5e00000,0x00000000d5e80000)
 ParOldGen       total 1285120K, used 1284721K [0x0000000080000000, 0x00000000ce700000, 0x00000000d5580000)
  object space 1285120K, 99% used [0x0000000080000000,0x00000000ce69c7f0,0x00000000ce700000)
 Metaspace       used 96926K, committed 98752K, reserved 1179648K
  class space    used 9933K, committed 10752K, reserved 1048576K
}
Event: 6348.515 GC heap after
{Heap after GC invocations=3356 (full 7):
 PSYoungGen      total 5120K, used 192K [0x00000000d5580000, 0x00000000d5e80000, 0x0000000100000000)
  eden space 4608K, 0% used [0x00000000d5580000,0x00000000d5580000,0x00000000d5a00000)
  from space 512K, 37% used [0x00000000d5e00000,0x00000000d5e30000,0x00000000d5e80000)
  to   space 512K, 0% used [0x00000000d5d80000,0x00000000d5d80000,0x00000000d5e00000)
 ParOldGen       total 1285120K, used 1284745K [0x0000000080000000, 0x00000000ce700000, 0x00000000d5580000)
  object space 1285120K, 99% used [0x0000000080000000,0x00000000ce6a27f0,0x00000000ce700000)
 Metaspace       used 96926K, committed 98752K, reserved 1179648K
  class space    used 9933K, committed 10752K, reserved 1048576K
}
Event: 6348.774 GC heap before
{Heap before GC invocations=3357 (full 7):
 PSYoungGen      total 5120K, used 4800K [0x00000000d5580000, 0x00000000d5e80000, 0x0000000100000000)
  eden space 4608K, 100% used [0x00000000d5580000,0x00000000d5a00000,0x00000000d5a00000)
  from space 512K, 37% used [0x00000000d5e00000,0x00000000d5e30000,0x00000000d5e80000)
  to   space 512K, 0% used [0x00000000d5d80000,0x00000000d5d80000,0x00000000d5e00000)
 ParOldGen       total 1285120K, used 1284745K [0x0000000080000000, 0x00000000ce700000, 0x00000000d5580000)
  object space 1285120K, 99% used [0x0000000080000000,0x00000000ce6a27f0,0x00000000ce700000)
 Metaspace       used 96926K, committed 98752K, reserved 1179648K
  class space    used 9933K, committed 10752K, reserved 1048576K
}
Event: 6348.778 GC heap after
{Heap after GC invocations=3357 (full 7):
 PSYoungGen      total 5120K, used 192K [0x00000000d5580000, 0x00000000d5e80000, 0x0000000100000000)
  eden space 4608K, 0% used [0x00000000d5580000,0x00000000d5580000,0x00000000d5a00000)
  from space 512K, 37% used [0x00000000d5d80000,0x00000000d5db0000,0x00000000d5e00000)
  to   space 512K, 0% used [0x00000000d5e00000,0x00000000d5e00000,0x00000000d5e80000)
 ParOldGen       total 1285120K, used 1284817K [0x0000000080000000, 0x00000000ce700000, 0x00000000d5580000)
  object space 1285120K, 99% used [0x0000000080000000,0x00000000ce6b47f0,0x00000000ce700000)
 Metaspace       used 96926K, committed 98752K, reserved 1179648K
  class space    used 9933K, committed 10752K, reserved 1048576K
}

