# JRE version: OpenJDK Runtime Environment Temurin-21.0.10+7 (21.0.10+7) (build 21.0.10+7-LTS)
# Java VM: OpenJDK 64-Bit Server VM Temurin-21.0.10+7 (21.0.10+7-LTS, mixed mode, sharing, tiered, compressed oops, compressed class ptrs, parallel gc, windows-amd64)
GC Precious Log:
 CardTable entry size: 512
 CPUs: 8 total, 8 available
 Memory: 12152M
 Large Page Support: Disabled
 NUMA Support: Disabled
 Compressed Oops: Enabled (32-bit)
 Alignments: Space 512K, Generation 512K, Heap 2M
 Heap Min Capacity: 100M
 Heap Initial Capacity: 100M
 Heap Max Capacity: 2G
 Pre-touch: Disabled
 Parallel Workers: 8
Heap:
 PSYoungGen      total 10752K, used 10656K [0x00000000d5580000, 0x00000000d6480000, 0x0000000100000000)
  eden space 9728K, 100% used [0x00000000d5580000,0x00000000d5f00000,0x00000000d5f00000)
  from space 1024K, 90% used [0x00000000d6380000,0x00000000d6468040,0x00000000d6480000)
  to   space 1024K, 90% used [0x00000000d6280000,0x00000000d6368000,0x00000000d6380000)
 ParOldGen       total 1263104K, used 1263103K [0x0000000080000000, 0x00000000cd180000, 0x00000000d5580000)
  object space 1263104K, 99% used [0x0000000080000000,0x00000000cd17fc90,0x00000000cd180000)
 Metaspace       used 104957K, committed 107136K, reserved 1179648K
  class space    used 10837K, committed 11840K, reserved 1048576K
GC Heap History (20 events):
Event: 832.349 GC heap before
{Heap before GC invocations=3049 (full 6):
 PSYoungGen      total 19456K, used 19104K [0x00000000d5580000, 0x00000000d7680000, 0x0000000100000000)
  eden space 10752K, 100% used [0x00000000d5580000,0x00000000d6000000,0x00000000d6000000)
  from space 8704K, 95% used [0x00000000d6e00000,0x00000000d7628000,0x00000000d7680000)
  to   space 10240K, 0% used [0x00000000d6280000,0x00000000d6280000,0x00000000d6c80000)
 ParOldGen       total 1185792K, used 1185724K [0x0000000080000000, 0x00000000c8600000, 0x00000000d5580000)
  object space 1185792K, 99% used [0x0000000080000000,0x00000000c85ef110,0x00000000c8600000)
 Metaspace       used 104738K, committed 106880K, reserved 1179648K
  class space    used 10814K, committed 11840K, reserved 1048576K
}
Event: 832.366 GC heap after
{Heap after GC invocations=3049 (full 6):
 PSYoungGen      total 22016K, used 8480K [0x00000000d5580000, 0x00000000d7380000, 0x0000000100000000)
  eden space 13312K, 0% used [0x00000000d5580000,0x00000000d5580000,0x00000000d6280000)
  from space 8704K, 97% used [0x00000000d6280000,0x00000000d6ac8000,0x00000000d6b00000)
  to   space 8704K, 0% used [0x00000000d6b00000,0x00000000d6b00000,0x00000000d7380000)
 ParOldGen       total 1194496K, used 1193994K [0x0000000080000000, 0x00000000c8e80000, 0x00000000d5580000)
  object space 1194496K, 99% used [0x0000000080000000,0x00000000c8e02bb8,0x00000000c8e80000)
 Metaspace       used 104738K, committed 106880K, reserved 1179648K
  class space    used 10814K, committed 11840K, reserved 1048576K
}
Event: 832.525 GC heap before
{Heap before GC invocations=3050 (full 6):
 PSYoungGen      total 22016K, used 21298K [0x00000000d5580000, 0x00000000d7380000, 0x0000000100000000)
  eden space 13312K, 96% used [0x00000000d5580000,0x00000000d6204910,0x00000000d6280000)
  from space 8704K, 97% used [0x00000000d6280000,0x00000000d6ac8000,0x00000000d6b00000)
  to   space 8704K, 0% used [0x00000000d6b00000,0x00000000d6b00000,0x00000000d7380000)
 ParOldGen       total 1194496K, used 1193994K [0x0000000080000000, 0x00000000c8e80000, 0x00000000d5580000)
  object space 1194496K, 99% used [0x0000000080000000,0x00000000c8e02bb8,0x00000000c8e80000)
 Metaspace       used 104840K, committed 107008K, reserved 1179648K
  class space    used 10824K, committed 11840K, reserved 1048576K
}
Event: 832.544 GC heap after
{Heap after GC invocations=3050 (full 6):
 PSYoungGen      total 18432K, used 4642K [0x00000000d5580000, 0x00000000d7000000, 0x0000000100000000)
  eden space 13312K, 0% used [0x00000000d5580000,0x00000000d5580000,0x00000000d6280000)
  from space 5120K, 90% used [0x00000000d6b00000,0x00000000d6f88b80,0x00000000d7000000)
  to   space 6144K, 0% used [0x00000000d6400000,0x00000000d6400000,0x00000000d6a00000)
 ParOldGen       total 1202688K, used 1202386K [0x0000000080000000, 0x00000000c9680000, 0x00000000d5580000)
  object space 1202688K, 99% used [0x0000000080000000,0x00000000c9634bb8,0x00000000c9680000)
 Metaspace       used 104840K, committed 107008K, reserved 1179648K
  class space    used 10824K, committed 11840K, reserved 1048576K
}
Event: 833.145 GC heap before
{Heap before GC invocations=3051 (full 6):
 PSYoungGen      total 18432K, used 17954K [0x00000000d5580000, 0x00000000d7000000, 0x0000000100000000)
  eden space 13312K, 100% used [0x00000000d5580000,0x00000000d6280000,0x00000000d6280000)
  from space 5120K, 90% used [0x00000000d6b00000,0x00000000d6f88b80,0x00000000d7000000)
  to   space 6144K, 0% used [0x00000000d6400000,0x00000000d6400000,0x00000000d6a00000)
 ParOldGen       total 1234432K, used 1233106K [0x0000000080000000, 0x00000000cb580000, 0x00000000d5580000)
  object space 1234432K, 99% used [0x0000000080000000,0x00000000cb434be8,0x00000000cb580000)
 Metaspace       used 104903K, committed 107072K, reserved 1179648K
  class space    used 10830K, committed 11840K, reserved 1048576K
}
Event: 833.168 GC heap after
{Heap after GC invocations=3051 (full 6):
 PSYoungGen      total 18944K, used 5397K [0x00000000d5580000, 0x00000000d6d80000, 0x0000000100000000)
  eden space 13312K, 0% used [0x00000000d5580000,0x00000000d5580000,0x00000000d6280000)
  from space 5632K, 95% used [0x00000000d6400000,0x00000000d6945400,0x00000000d6980000)
  to   space 4096K, 0% used [0x00000000d6980000,0x00000000d6980000,0x00000000d6d80000)
 ParOldGen       total 1236480K, used 1236398K [0x0000000080000000, 0x00000000cb780000, 0x00000000d5580000)
  object space 1236480K, 99% used [0x0000000080000000,0x00000000cb76bac8,0x00000000cb780000)
 Metaspace       used 104903K, committed 107072K, reserved 1179648K
  class space    used 10830K, committed 11840K, reserved 1048576K
}
Event: 833.599 GC heap before
{Heap before GC invocations=3052 (full 6):
 PSYoungGen      total 18944K, used 18055K [0x00000000d5580000, 0x00000000d6d80000, 0x0000000100000000)
  eden space 13312K, 95% used [0x00000000d5580000,0x00000000d61dc8d0,0x00000000d6280000)
  from space 5632K, 95% used [0x00000000d6400000,0x00000000d6945400,0x00000000d6980000)
  to   space 4096K, 0% used [0x00000000d6980000,0x00000000d6980000,0x00000000d6d80000)
 ParOldGen       total 1236480K, used 1236398K [0x0000000080000000, 0x00000000cb780000, 0x00000000d5580000)
  object space 1236480K, 99% used [0x0000000080000000,0x00000000cb76bac8,0x00000000cb780000)
 Metaspace       used 104937K, committed 107072K, reserved 1179648K
  class space    used 10836K, committed 11840K, reserved 1048576K
}
Event: 833.613 GC heap after
{Heap after GC invocations=3052 (full 6):
 PSYoungGen      total 13824K, used 4086K [0x00000000d5580000, 0x00000000d7780000, 0x0000000100000000)
  eden space 9728K, 0% used [0x00000000d5580000,0x00000000d5580000,0x00000000d5f00000)
  from space 4096K, 99% used [0x00000000d6980000,0x00000000d6d7d850,0x00000000d6d80000)
  to   space 10752K, 0% used [0x00000000d5f00000,0x00000000d5f00000,0x00000000d6980000)
 ParOldGen       total 1242624K, used 1242197K [0x0000000080000000, 0x00000000cbd80000, 0x00000000d5580000)
  object space 1242624K, 99% used [0x0000000080000000,0x00000000cbd154f0,0x00000000cbd80000)
 Metaspace       used 104937K, committed 107072K, reserved 1179648K
  class space    used 10836K, committed 11840K, reserved 1048576K
}
Event: 833.782 GC heap before
{Heap before GC invocations=3053 (full 6):
 PSYoungGen      total 13824K, used 13814K [0x00000000d5580000, 0x00000000d7780000, 0x0000000100000000)
  eden space 9728K, 100% used [0x00000000d5580000,0x00000000d5f00000,0x00000000d5f00000)
  from space 4096K, 99% used [0x00000000d6980000,0x00000000d6d7d850,0x00000000d6d80000)
  to   space 10752K, 0% used [0x00000000d5f00000,0x00000000d5f00000,0x00000000d6980000)
 ParOldGen       total 1242624K, used 1242197K [0x0000000080000000, 0x00000000cbd80000, 0x00000000d5580000)
  object space 1242624K, 99% used [0x0000000080000000,0x00000000cbd154f0,0x00000000cbd80000)
 Metaspace       used 104941K, committed 107072K, reserved 1179648K
  class space    used 10836K, committed 11840K, reserved 1048576K
}
Event: 833.794 GC heap after
{Heap after GC invocations=3053 (full 6):
 PSYoungGen      total 16896K, used 6884K [0x00000000d5580000, 0x00000000d6f00000, 0x0000000100000000)
  eden space 9728K, 0% used [0x00000000d5580000,0x00000000d5580000,0x00000000d5f00000)
  from space 7168K, 96% used [0x00000000d5f00000,0x00000000d65b9398,0x00000000d6600000)
  to   space 8192K, 0% used [0x00000000d6700000,0x00000000d6700000,0x00000000d6f00000)
 ParOldGen       total 1246720K, used 1246240K [0x0000000080000000, 0x00000000cc180000, 0x00000000d5580000)
  object space 1246720K, 99% used [0x0000000080000000,0x00000000cc108138,0x00000000cc180000)
 Metaspace       used 104941K, committed 107072K, reserved 1179648K
  class space    used 10836K, committed 11840K, reserved 1048576K
}
Event: 833.927 GC heap before
{Heap before GC invocations=3054 (full 6):
 PSYoungGen      total 16896K, used 16612K [0x00000000d5580000, 0x00000000d6f00000, 0x0000000100000000)
  eden space 9728K, 100% used [0x00000000d5580000,0x00000000d5f00000,0x00000000d5f00000)
  from space 7168K, 96% used [0x00000000d5f00000,0x00000000d65b9398,0x00000000d6600000)
  to   space 8192K, 0% used [0x00000000d6700000,0x00000000d6700000,0x00000000d6f00000)
 ParOldGen       total 1246720K, used 1246240K [0x0000000080000000, 0x00000000cc180000, 0x00000000d5580000)
  object space 1246720K, 99% used [0x0000000080000000,0x00000000cc108138,0x00000000cc180000)
 Metaspace       used 104946K, committed 107072K, reserved 1179648K
  class space    used 10837K, committed 11840K, reserved 1048576K
}
Event: 833.940 GC heap after
{Heap after GC invocations=3054 (full 6):
 PSYoungGen      total 16896K, used 7046K [0x00000000d5580000, 0x00000000d6e00000, 0x0000000100000000)
  eden space 9728K, 0% used [0x00000000d5580000,0x00000000d5580000,0x00000000d5f00000)
  from space 7168K, 98% used [0x00000000d6700000,0x00000000d6de18e8,0x00000000d6e00000)
  to   space 7168K, 0% used [0x00000000d5f00000,0x00000000d5f00000,0x00000000d6600000)
 ParOldGen       total 1253376K, used 1252941K [0x0000000080000000, 0x00000000cc800000, 0x00000000d5580000)
  object space 1253376K, 99% used [0x0000000080000000,0x00000000cc793710,0x00000000cc800000)
 Metaspace       used 104946K, committed 107072K, reserved 1179648K
  class space    used 10837K, committed 11840K, reserved 1048576K
}
Event: 834.166 GC heap before
{Heap before GC invocations=3055 (full 6):
 PSYoungGen      total 16896K, used 16774K [0x00000000d5580000, 0x00000000d6e00000, 0x0000000100000000)
  eden space 9728K, 100% used [0x00000000d5580000,0x00000000d5f00000,0x00000000d5f00000)
  from space 7168K, 98% used [0x00000000d6700000,0x00000000d6de18e8,0x00000000d6e00000)
  to   space 7168K, 0% used [0x00000000d5f00000,0x00000000d5f00000,0x00000000d6600000)
 ParOldGen       total 1253376K, used 1252941K [0x0000000080000000, 0x00000000cc800000, 0x00000000d5580000)
  object space 1253376K, 99% used [0x0000000080000000,0x00000000cc793710,0x00000000cc800000)
 Metaspace       used 104957K, committed 107136K, reserved 1179648K
  class space    used 10837K, committed 11840K, reserved 1048576K
}
Event: 834.178 GC heap after
{Heap after GC invocations=3055 (full 6):
 PSYoungGen      total 11264K, used 1328K [0x00000000d5580000, 0x00000000d6780000, 0x0000000100000000)
  eden space 9728K, 0% used [0x00000000d5580000,0x00000000d5580000,0x00000000d5f00000)
  from space 1536K, 86% used [0x00000000d5f00000,0x00000000d604c010,0x00000000d6080000)
  to   space 3584K, 0% used [0x00000000d6400000,0x00000000d6400000,0x00000000d6780000)
 ParOldGen       total 1260544K, used 1259773K [0x0000000080000000, 0x00000000ccf00000, 0x00000000d5580000)
  object space 1260544K, 99% used [0x0000000080000000,0x00000000cce3f6f0,0x00000000ccf00000)
 Metaspace       used 104957K, committed 107136K, reserved 1179648K
  class space    used 10837K, committed 11840K, reserved 1048576K
}
Event: 834.310 GC heap before
{Heap before GC invocations=3056 (full 6):
 PSYoungGen      total 11264K, used 11056K [0x00000000d5580000, 0x00000000d6780000, 0x0000000100000000)
  eden space 9728K, 100% used [0x00000000d5580000,0x00000000d5f00000,0x00000000d5f00000)
  from space 1536K, 86% used [0x00000000d5f00000,0x00000000d604c010,0x00000000d6080000)
  to   space 3584K, 0% used [0x00000000d6400000,0x00000000d6400000,0x00000000d6780000)
 ParOldGen       total 1260544K, used 1259773K [0x0000000080000000, 0x00000000ccf00000, 0x00000000d5580000)
  object space 1260544K, 99% used [0x0000000080000000,0x00000000cce3f6f0,0x00000000ccf00000)
 Metaspace       used 104957K, committed 107136K, reserved 1179648K
  class space    used 10837K, committed 11840K, reserved 1048576K
}
Event: 834.316 GC heap after
{Heap after GC invocations=3056 (full 6):
 PSYoungGen      total 11264K, used 1168K [0x00000000d5580000, 0x00000000d6580000, 0x0000000100000000)
  eden space 9728K, 0% used [0x00000000d5580000,0x00000000d5580000,0x00000000d5f00000)
  from space 1536K, 76% used [0x00000000d6400000,0x00000000d6524030,0x00000000d6580000)
  to   space 2048K, 0% used [0x00000000d6180000,0x00000000d6180000,0x00000000d6380000)
 ParOldGen       total 1261056K, used 1260970K [0x0000000080000000, 0x00000000ccf80000, 0x00000000d5580000)
  object space 1261056K, 99% used [0x0000000080000000,0x00000000ccf6a888,0x00000000ccf80000)
 Metaspace       used 104957K, committed 107136K, reserved 1179648K
  class space    used 10837K, committed 11840K, reserved 1048576K
}
Event: 834.365 GC heap before
{Heap before GC invocations=3057 (full 6):
 PSYoungGen      total 11264K, used 10896K [0x00000000d5580000, 0x00000000d6580000, 0x0000000100000000)
  eden space 9728K, 100% used [0x00000000d5580000,0x00000000d5f00000,0x00000000d5f00000)
  from space 1536K, 76% used [0x00000000d6400000,0x00000000d6524030,0x00000000d6580000)
  to   space 2048K, 0% used [0x00000000d6180000,0x00000000d6180000,0x00000000d6380000)
 ParOldGen       total 1261056K, used 1260970K [0x0000000080000000, 0x00000000ccf80000, 0x00000000d5580000)
  object space 1261056K, 99% used [0x0000000080000000,0x00000000ccf6a888,0x00000000ccf80000)
 Metaspace       used 104957K, committed 107136K, reserved 1179648K
  class space    used 10837K, committed 11840K, reserved 1048576K
}
Event: 834.370 GC heap after
{Heap after GC invocations=3057 (full 6):
 PSYoungGen      total 11776K, used 832K [0x00000000d5580000, 0x00000000d6480000, 0x0000000100000000)
  eden space 9728K, 0% used [0x00000000d5580000,0x00000000d5580000,0x00000000d5f00000)
  from space 2048K, 40% used [0x00000000d6180000,0x00000000d6250040,0x00000000d6380000)
  to   space 1024K, 0% used [0x00000000d6380000,0x00000000d6380000,0x00000000d6480000)
 ParOldGen       total 1262080K, used 1261983K [0x0000000080000000, 0x00000000cd080000, 0x00000000d5580000)
  object space 1262080K, 99% used [0x0000000080000000,0x00000000cd067c20,0x00000000cd080000)
 Metaspace       used 104957K, committed 107136K, reserved 1179648K
  class space    used 10837K, committed 11840K, reserved 1048576K
}
Event: 834.405 GC heap before
{Heap before GC invocations=3058 (full 6):
 PSYoungGen      total 11776K, used 10560K [0x00000000d5580000, 0x00000000d6480000, 0x0000000100000000)
  eden space 9728K, 100% used [0x00000000d5580000,0x00000000d5f00000,0x00000000d5f00000)
  from space 2048K, 40% used [0x00000000d6180000,0x00000000d6250040,0x00000000d6380000)
  to   space 1024K, 0% used [0x00000000d6380000,0x00000000d6380000,0x00000000d6480000)
 ParOldGen       total 1262080K, used 1261983K [0x0000000080000000, 0x00000000cd080000, 0x00000000d5580000)
  object space 1262080K, 99% used [0x0000000080000000,0x00000000cd067c20,0x00000000cd080000)
 Metaspace       used 104957K, committed 107136K, reserved 1179648K
  class space    used 10837K, committed 11840K, reserved 1048576K
}
Event: 834.410 GC heap after
{Heap after GC invocations=3058 (full 6):
 PSYoungGen      total 10752K, used 928K [0x00000000d5580000, 0x00000000d6480000, 0x0000000100000000)
  eden space 9728K, 0% used [0x00000000d5580000,0x00000000d5580000,0x00000000d5f00000)
  from space 1024K, 90% used [0x00000000d6380000,0x00000000d6468040,0x00000000d6480000)
  to   space 1024K, 0% used [0x00000000d6280000,0x00000000d6280000,0x00000000d6380000)
 ParOldGen       total 1263104K, used 1262695K [0x0000000080000000, 0x00000000cd180000, 0x00000000d5580000)
  object space 1263104K, 99% used [0x0000000080000000,0x00000000cd119c80,0x00000000cd180000)
 Metaspace       used 104957K, committed 107136K, reserved 1179648K
  class space    used 10837K, committed 11840K, reserved 1048576K
}

