# JRE version: OpenJDK Runtime Environment Temurin-21.0.10+7 (21.0.10+7) (build 21.0.10+7-LTS)
# Java VM: OpenJDK 64-Bit Server VM Temurin-21.0.10+7 (21.0.10+7-LTS, mixed mode, sharing, tiered, compressed oops, compressed class ptrs, parallel gc, windows-amd64)
GC Precious Log:
 CardTable entry size: 512
 CPUs: 8 total, 8 available
 Memory: 12152M
 Large Page Support: Disabled
 NUMA Support: Disabled
 Compressed Oops: Enabled (32-bit)
 Alignments: Space 512K, Generation 512K, Heap 2M
 Heap Min Capacity: 100M
 Heap Initial Capacity: 100M
 Heap Max Capacity: 2G
 Pre-touch: Disabled
 Parallel Workers: 8
Heap:
 PSYoungGen      total 55808K, used 9171K [0x00000000d5580000, 0x00000000da300000, 0x0000000100000000)
  eden space 54784K, 15% used [0x00000000d5580000,0x00000000d5decf58,0x00000000d8b00000)
  from space 1024K, 53% used [0x00000000d9980000,0x00000000d9a08020,0x00000000d9a80000)
  to   space 3584K, 0% used [0x00000000d9f80000,0x00000000d9f80000,0x00000000da300000)
 ParOldGen       total 1018368K, used 208678K [0x0000000080000000, 0x00000000be280000, 0x00000000d5580000)
  object space 1018368K, 20% used [0x0000000080000000,0x000000008cbc9bb0,0x00000000be280000)
 Metaspace       used 102225K, committed 104576K, reserved 1179648K
  class space    used 10591K, committed 11584K, reserved 1048576K
GC Heap History (20 events):
Event: 3564.609 GC heap before
{Heap before GC invocations=2780 (full 6):
 PSYoungGen      total 28672K, used 28019K [0x00000000d5580000, 0x00000000d7880000, 0x0000000100000000)
  eden space 27136K, 100% used [0x00000000d5580000,0x00000000d7000000,0x00000000d7000000)
  from space 1536K, 57% used [0x00000000d7000000,0x00000000d70dcc28,0x00000000d7180000)
  to   space 1536K, 0% used [0x00000000d7700000,0x00000000d7700000,0x00000000d7880000)
 ParOldGen       total 1018368K, used 155439K [0x0000000080000000, 0x00000000be280000, 0x00000000d5580000)
  object space 1018368K, 15% used [0x0000000080000000,0x00000000897cbc58,0x00000000be280000)
 Metaspace       used 102003K, committed 104576K, reserved 1179648K
  class space    used 10575K, committed 11584K, reserved 1048576K
}
Event: 3571.389 GC heap after
{Heap after GC invocations=2780 (full 6):
 PSYoungGen      total 34304K, used 1301K [0x00000000d5580000, 0x00000000d7880000, 0x0000000100000000)
  eden space 32768K, 0% used [0x00000000d5580000,0x00000000d5580000,0x00000000d7580000)
  from space 1536K, 84% used [0x00000000d7700000,0x00000000d7845628,0x00000000d7880000)
  to   space 1536K, 0% used [0x00000000d7580000,0x00000000d7580000,0x00000000d7700000)
 ParOldGen       total 1018368K, used 158805K [0x0000000080000000, 0x00000000be280000, 0x00000000d5580000)
  object space 1018368K, 15% used [0x0000000080000000,0x0000000089b156e8,0x00000000be280000)
 Metaspace       used 102003K, committed 104576K, reserved 1179648K
  class space    used 10575K, committed 11584K, reserved 1048576K
}
Event: 3571.417 GC heap before
{Heap before GC invocations=2781 (full 6):
 PSYoungGen      total 34304K, used 33301K [0x00000000d5580000, 0x00000000d7880000, 0x0000000100000000)
  eden space 32768K, 97% used [0x00000000d5580000,0x00000000d74c0058,0x00000000d7580000)
  from space 1536K, 84% used [0x00000000d7700000,0x00000000d7845628,0x00000000d7880000)
  to   space 1536K, 0% used [0x00000000d7580000,0x00000000d7580000,0x00000000d7700000)
 ParOldGen       total 1018368K, used 158805K [0x0000000080000000, 0x00000000be280000, 0x00000000d5580000)
  object space 1018368K, 15% used [0x0000000080000000,0x0000000089b156e8,0x00000000be280000)
 Metaspace       used 102018K, committed 104576K, reserved 1179648K
  class space    used 10575K, committed 11584K, reserved 1048576K
}
Event: 3572.058 GC heap after
{Heap after GC invocations=2781 (full 6):
 PSYoungGen      total 34304K, used 1241K [0x00000000d5580000, 0x00000000d7f00000, 0x0000000100000000)
  eden space 32768K, 0% used [0x00000000d5580000,0x00000000d5580000,0x00000000d7580000)
  from space 1536K, 80% used [0x00000000d7580000,0x00000000d76b6430,0x00000000d7700000)
  to   space 1536K, 0% used [0x00000000d7d80000,0x00000000d7d80000,0x00000000d7f00000)
 ParOldGen       total 1018368K, used 159685K [0x0000000080000000, 0x00000000be280000, 0x00000000d5580000)
  object space 1018368K, 15% used [0x0000000080000000,0x0000000089bf16e8,0x00000000be280000)
 Metaspace       used 102018K, committed 104576K, reserved 1179648K
  class space    used 10575K, committed 11584K, reserved 1048576K
}
Event: 3572.075 GC heap before
{Heap before GC invocations=2782 (full 6):
 PSYoungGen      total 34304K, used 29155K [0x00000000d5580000, 0x00000000d7f00000, 0x0000000100000000)
  eden space 32768K, 85% used [0x00000000d5580000,0x00000000d70c2a80,0x00000000d7580000)
  from space 1536K, 80% used [0x00000000d7580000,0x00000000d76b6430,0x00000000d7700000)
  to   space 1536K, 0% used [0x00000000d7d80000,0x00000000d7d80000,0x00000000d7f00000)
 ParOldGen       total 1018368K, used 159685K [0x0000000080000000, 0x00000000be280000, 0x00000000d5580000)
  object space 1018368K, 15% used [0x0000000080000000,0x0000000089bf16e8,0x00000000be280000)
 Metaspace       used 102020K, committed 104576K, reserved 1179648K
  class space    used 10575K, committed 11584K, reserved 1048576K
}
Event: 3585.374 GC heap after
{Heap after GC invocations=2782 (full 6):
 PSYoungGen      total 39936K, used 480K [0x00000000d5580000, 0x00000000d7e00000, 0x0000000100000000)
  eden space 39424K, 0% used [0x00000000d5580000,0x00000000d5580000,0x00000000d7c00000)
  from space 512K, 93% used [0x00000000d7d80000,0x00000000d7df8020,0x00000000d7e00000)
  to   space 1024K, 0% used [0x00000000d7c00000,0x00000000d7c00000,0x00000000d7d00000)
 ParOldGen       total 1018368K, used 179922K [0x0000000080000000, 0x00000000be280000, 0x00000000d5580000)
  object space 1018368K, 17% used [0x0000000080000000,0x000000008afb4b48,0x00000000be280000)
 Metaspace       used 102020K, committed 104576K, reserved 1179648K
  class space    used 10575K, committed 11584K, reserved 1048576K
}
Event: 3596.136 GC heap before
{Heap before GC invocations=2783 (full 6):
 PSYoungGen      total 39936K, used 31232K [0x00000000d5580000, 0x00000000d7e00000, 0x0000000100000000)
  eden space 39424K, 78% used [0x00000000d5580000,0x00000000d7388350,0x00000000d7c00000)
  from space 512K, 93% used [0x00000000d7d80000,0x00000000d7df8020,0x00000000d7e00000)
  to   space 1024K, 0% used [0x00000000d7c00000,0x00000000d7c00000,0x00000000d7d00000)
 ParOldGen       total 1018368K, used 179922K [0x0000000080000000, 0x00000000be280000, 0x00000000d5580000)
  object space 1018368K, 17% used [0x0000000080000000,0x000000008afb4b48,0x00000000be280000)
 Metaspace       used 102043K, committed 104576K, reserved 1179648K
  class space    used 10576K, committed 11584K, reserved 1048576K
}
Event: 3596.265 GC heap after
{Heap after GC invocations=2783 (full 6):
 PSYoungGen      total 40448K, used 608K [0x00000000d5580000, 0x00000000d8600000, 0x0000000100000000)
  eden space 39424K, 0% used [0x00000000d5580000,0x00000000d5580000,0x00000000d7c00000)
  from space 1024K, 59% used [0x00000000d7c00000,0x00000000d7c98020,0x00000000d7d00000)
  to   space 1024K, 0% used [0x00000000d8500000,0x00000000d8500000,0x00000000d8600000)
 ParOldGen       total 1018368K, used 187938K [0x0000000080000000, 0x00000000be280000, 0x00000000d5580000)
  object space 1018368K, 18% used [0x0000000080000000,0x000000008b788b58,0x00000000be280000)
 Metaspace       used 102043K, committed 104576K, reserved 1179648K
  class space    used 10576K, committed 11584K, reserved 1048576K
}
Event: 3597.686 GC heap before
{Heap before GC invocations=2784 (full 6):
 PSYoungGen      total 40448K, used 39586K [0x00000000d5580000, 0x00000000d8600000, 0x0000000100000000)
  eden space 39424K, 98% used [0x00000000d5580000,0x00000000d7b90a18,0x00000000d7c00000)
  from space 1024K, 59% used [0x00000000d7c00000,0x00000000d7c98020,0x00000000d7d00000)
  to   space 1024K, 0% used [0x00000000d8500000,0x00000000d8500000,0x00000000d8600000)
 ParOldGen       total 1018368K, used 187938K [0x0000000080000000, 0x00000000be280000, 0x00000000d5580000)
  object space 1018368K, 18% used [0x0000000080000000,0x000000008b788b58,0x00000000be280000)
 Metaspace       used 102073K, committed 104576K, reserved 1179648K
  class space    used 10576K, committed 11584K, reserved 1048576K
}
Event: 3597.701 GC heap after
{Heap after GC invocations=2784 (full 6):
 PSYoungGen      total 48640K, used 489K [0x00000000d5580000, 0x00000000d8600000, 0x0000000100000000)
  eden space 47616K, 0% used [0x00000000d5580000,0x00000000d5580000,0x00000000d8400000)
  from space 1024K, 47% used [0x00000000d8500000,0x00000000d857a400,0x00000000d8600000)
  to   space 1024K, 0% used [0x00000000d8400000,0x00000000d8400000,0x00000000d8500000)
 ParOldGen       total 1018368K, used 188266K [0x0000000080000000, 0x00000000be280000, 0x00000000d5580000)
  object space 1018368K, 18% used [0x0000000080000000,0x000000008b7dab68,0x00000000be280000)
 Metaspace       used 102073K, committed 104576K, reserved 1179648K
  class space    used 10576K, committed 11584K, reserved 1048576K
}
Event: 3597.876 GC heap before
{Heap before GC invocations=2785 (full 6):
 PSYoungGen      total 48640K, used 47155K [0x00000000d5580000, 0x00000000d8600000, 0x0000000100000000)
  eden space 47616K, 98% used [0x00000000d5580000,0x00000000d8312ad8,0x00000000d8400000)
  from space 1024K, 47% used [0x00000000d8500000,0x00000000d857a400,0x00000000d8600000)
  to   space 1024K, 0% used [0x00000000d8400000,0x00000000d8400000,0x00000000d8500000)
 ParOldGen       total 1018368K, used 188266K [0x0000000080000000, 0x00000000be280000, 0x00000000d5580000)
  object space 1018368K, 18% used [0x0000000080000000,0x000000008b7dab68,0x00000000be280000)
 Metaspace       used 102073K, committed 104576K, reserved 1179648K
  class space    used 10576K, committed 11584K, reserved 1048576K
}
Event: 3597.880 GC heap after
{Heap after GC invocations=2785 (full 6):
 PSYoungGen      total 48640K, used 770K [0x00000000d5580000, 0x00000000d8f80000, 0x0000000100000000)
  eden space 47616K, 0% used [0x00000000d5580000,0x00000000d5580000,0x00000000d8400000)
  from space 1024K, 75% used [0x00000000d8400000,0x00000000d84c09b0,0x00000000d8500000)
  to   space 1024K, 0% used [0x00000000d8e80000,0x00000000d8e80000,0x00000000d8f80000)
 ParOldGen       total 1018368K, used 188512K [0x0000000080000000, 0x00000000be280000, 0x00000000d5580000)
  object space 1018368K, 18% used [0x0000000080000000,0x000000008b818018,0x00000000be280000)
 Metaspace       used 102073K, committed 104576K, reserved 1179648K
  class space    used 10576K, committed 11584K, reserved 1048576K
}
Event: 3598.074 GC heap before
{Heap before GC invocations=2786 (full 6):
 PSYoungGen      total 48640K, used 47152K [0x00000000d5580000, 0x00000000d8f80000, 0x0000000100000000)
  eden space 47616K, 97% used [0x00000000d5580000,0x00000000d82cb848,0x00000000d8400000)
  from space 1024K, 75% used [0x00000000d8400000,0x00000000d84c09b0,0x00000000d8500000)
  to   space 1024K, 0% used [0x00000000d8e80000,0x00000000d8e80000,0x00000000d8f80000)
 ParOldGen       total 1018368K, used 188512K [0x0000000080000000, 0x00000000be280000, 0x00000000d5580000)
  object space 1018368K, 18% used [0x0000000080000000,0x000000008b818018,0x00000000be280000)
 Metaspace       used 102079K, committed 104576K, reserved 1179648K
  class space    used 10576K, committed 11584K, reserved 1048576K
}
Event: 3598.078 GC heap after
{Heap after GC invocations=2786 (full 6):
 PSYoungGen      total 57856K, used 192K [0x00000000d5580000, 0x00000000d8f00000, 0x0000000100000000)
  eden space 57344K, 0% used [0x00000000d5580000,0x00000000d5580000,0x00000000d8d80000)
  from space 512K, 37% used [0x00000000d8e80000,0x00000000d8eb0000,0x00000000d8f00000)
  to   space 512K, 0% used [0x00000000d8e00000,0x00000000d8e00000,0x00000000d8e80000)
 ParOldGen       total 1018368K, used 189150K [0x0000000080000000, 0x00000000be280000, 0x00000000d5580000)
  object space 1018368K, 18% used [0x0000000080000000,0x000000008b8b7b50,0x00000000be280000)
 Metaspace       used 102079K, committed 104576K, reserved 1179648K
  class space    used 10576K, committed 11584K, reserved 1048576K
}
Event: 3639.563 GC heap before
{Heap before GC invocations=2787 (full 6):
 PSYoungGen      total 57856K, used 55477K [0x00000000d5580000, 0x00000000d8f00000, 0x0000000100000000)
  eden space 57344K, 96% used [0x00000000d5580000,0x00000000d8b7d660,0x00000000d8d80000)
  from space 512K, 37% used [0x00000000d8e80000,0x00000000d8eb0000,0x00000000d8f00000)
  to   space 512K, 0% used [0x00000000d8e00000,0x00000000d8e00000,0x00000000d8e80000)
 ParOldGen       total 1018368K, used 189150K [0x0000000080000000, 0x00000000be280000, 0x00000000d5580000)
  object space 1018368K, 18% used [0x0000000080000000,0x000000008b8b7b50,0x00000000be280000)
 Metaspace       used 102101K, committed 104576K, reserved 1179648K
  class space    used 10576K, committed 11584K, reserved 1048576K
}
Event: 3639.610 GC heap after
{Heap after GC invocations=2787 (full 6):
 PSYoungGen      total 58368K, used 496K [0x00000000d5580000, 0x00000000dac00000, 0x0000000100000000)
  eden space 57856K, 0% used [0x00000000d5580000,0x00000000d5580000,0x00000000d8e00000)
  from space 512K, 96% used [0x00000000d8e00000,0x00000000d8e7c030,0x00000000d8e80000)
  to   space 9728K, 0% used [0x00000000da280000,0x00000000da280000,0x00000000dac00000)
 ParOldGen       total 1018368K, used 196934K [0x0000000080000000, 0x00000000be280000, 0x00000000d5580000)
  object space 1018368K, 19% used [0x0000000080000000,0x000000008c051b60,0x00000000be280000)
 Metaspace       used 102101K, committed 104576K, reserved 1179648K
  class space    used 10576K, committed 11584K, reserved 1048576K
}
Event: 3640.929 GC heap before
{Heap before GC invocations=2788 (full 6):
 PSYoungGen      total 58368K, used 53286K [0x00000000d5580000, 0x00000000dac00000, 0x0000000100000000)
  eden space 57856K, 91% used [0x00000000d5580000,0x00000000d890d998,0x00000000d8e00000)
  from space 512K, 96% used [0x00000000d8e00000,0x00000000d8e7c030,0x00000000d8e80000)
  to   space 9728K, 0% used [0x00000000da280000,0x00000000da280000,0x00000000dac00000)
 ParOldGen       total 1018368K, used 196934K [0x0000000080000000, 0x00000000be280000, 0x00000000d5580000)
  object space 1018368K, 19% used [0x0000000080000000,0x000000008c051b60,0x00000000be280000)
 Metaspace       used 102106K, committed 104576K, reserved 1179648K
  class space    used 10576K, committed 11584K, reserved 1048576K
}
Event: 3641.024 GC heap after
{Heap after GC invocations=2788 (full 6):
 PSYoungGen      total 64512K, used 8160K [0x00000000d5580000, 0x00000000daa80000, 0x0000000100000000)
  eden space 56320K, 0% used [0x00000000d5580000,0x00000000d5580000,0x00000000d8c80000)
  from space 8192K, 99% used [0x00000000da280000,0x00000000daa78010,0x00000000daa80000)
  to   space 8704K, 0% used [0x00000000d9980000,0x00000000d9980000,0x00000000da200000)
 ParOldGen       total 1018368K, used 208598K [0x0000000080000000, 0x00000000be280000, 0x00000000d5580000)
  object space 1018368K, 20% used [0x0000000080000000,0x000000008cbb5ba0,0x00000000be280000)
 Metaspace       used 102106K, committed 104576K, reserved 1179648K
  class space    used 10576K, committed 11584K, reserved 1048576K
}
Event: 3662.587 GC heap before
{Heap before GC invocations=2789 (full 6):
 PSYoungGen      total 64512K, used 64480K [0x00000000d5580000, 0x00000000daa80000, 0x0000000100000000)
  eden space 56320K, 100% used [0x00000000d5580000,0x00000000d8c80000,0x00000000d8c80000)
  from space 8192K, 99% used [0x00000000da280000,0x00000000daa78010,0x00000000daa80000)
  to   space 8704K, 0% used [0x00000000d9980000,0x00000000d9980000,0x00000000da200000)
 ParOldGen       total 1018368K, used 208598K [0x0000000080000000, 0x00000000be280000, 0x00000000d5580000)
  object space 1018368K, 20% used [0x0000000080000000,0x000000008cbb5ba0,0x00000000be280000)
 Metaspace       used 102119K, committed 104576K, reserved 1179648K
  class space    used 10576K, committed 11584K, reserved 1048576K
}
Event: 3662.589 GC heap after
{Heap after GC invocations=2789 (full 6):
 PSYoungGen      total 55808K, used 544K [0x00000000d5580000, 0x00000000da300000, 0x0000000100000000)
  eden space 54784K, 0% used [0x00000000d5580000,0x00000000d5580000,0x00000000d8b00000)
  from space 1024K, 53% used [0x00000000d9980000,0x00000000d9a08020,0x00000000d9a80000)
  to   space 3584K, 0% used [0x00000000d9f80000,0x00000000d9f80000,0x00000000da300000)
 ParOldGen       total 1018368K, used 208678K [0x0000000080000000, 0x00000000be280000, 0x00000000d5580000)
  object space 1018368K, 20% used [0x0000000080000000,0x000000008cbc9bb0,0x00000000be280000)
 Metaspace       used 102119K, committed 104576K, reserved 1179648K
  class space    used 10576K, committed 11584K, reserved 1048576K
}

