# JRE version: OpenJDK Runtime Environment Temurin-21.0.10+7 (21.0.10+7) (build 21.0.10+7-LTS)
# Java VM: OpenJDK 64-Bit Server VM Temurin-21.0.10+7 (21.0.10+7-LTS, mixed mode, sharing, tiered, compressed oops, compressed class ptrs, parallel gc, windows-amd64)
GC Precious Log:
 CardTable entry size: 512
 CPUs: 8 total, 8 available
 Memory: 12152M
 Large Page Support: Disabled
 NUMA Support: Disabled
 Compressed Oops: Enabled (32-bit)
 Alignments: Space 512K, Generation 512K, Heap 2M
 Heap Min Capacity: 100M
 Heap Initial Capacity: 100M
 Heap Max Capacity: 2G
 Pre-touch: Disabled
 Parallel Workers: 8
Heap:
 PSYoungGen      total 11776K, used 1117K [0x00000000d5580000, 0x00000000d6900000, 0x0000000100000000)
  eden space 11264K, 7% used [0x00000000d5580000,0x00000000d56575f0,0x00000000d6080000)
  from space 512K, 50% used [0x00000000d6880000,0x00000000d68c0000,0x00000000d6900000)
  to   space 2048K, 0% used [0x00000000d6500000,0x00000000d6500000,0x00000000d6700000)
 ParOldGen       total 1375744K, used 1375278K [0x0000000080000000, 0x00000000d3f80000, 0x00000000d5580000)
  object space 1375744K, 99% used [0x0000000080000000,0x00000000d3f0b960,0x00000000d3f80000)
 Metaspace       used 102080K, committed 103872K, reserved 1179648K
  class space    used 10379K, committed 11200K, reserved 1048576K
GC Heap History (20 events):
Event: 12842.020 GC heap before
{Heap before GC invocations=4512 (full 7):
 PSYoungGen      total 7168K, used 6991K [0x00000000d5580000, 0x00000000d5f00000, 0x0000000100000000)
  eden space 6144K, 99% used [0x00000000d5580000,0x00000000d5b7ffd8,0x00000000d5b80000)
  from space 1024K, 82% used [0x00000000d5c80000,0x00000000d5d54010,0x00000000d5d80000)
  to   space 1024K, 0% used [0x00000000d5b80000,0x00000000d5b80000,0x00000000d5c80000)
 ParOldGen       total 1314304K, used 1313868K [0x0000000080000000, 0x00000000d0380000, 0x00000000d5580000)
  object space 1314304K, 99% used [0x0000000080000000,0x00000000d0313110,0x00000000d0380000)
 Metaspace       used 102068K, committed 103872K, reserved 1179648K
  class space    used 10379K, committed 11200K, reserved 1048576K
}
Event: 12842.024 GC heap after
{Heap after GC invocations=4512 (full 7):
 PSYoungGen      total 7168K, used 416K [0x00000000d5580000, 0x00000000d5d80000, 0x0000000100000000)
  eden space 6144K, 0% used [0x00000000d5580000,0x00000000d5580000,0x00000000d5b80000)
  from space 1024K, 40% used [0x00000000d5b80000,0x00000000d5be8000,0x00000000d5c80000)
  to   space 1024K, 0% used [0x00000000d5c80000,0x00000000d5c80000,0x00000000d5d80000)
 ParOldGen       total 1314816K, used 1314601K [0x0000000080000000, 0x00000000d0400000, 0x00000000d5580000)
  object space 1314816K, 99% used [0x0000000080000000,0x00000000d03ca448,0x00000000d0400000)
 Metaspace       used 102068K, committed 103872K, reserved 1179648K
  class space    used 10379K, committed 11200K, reserved 1048576K
}
Event: 12842.054 GC heap before
{Heap before GC invocations=4513 (full 7):
 PSYoungGen      total 7168K, used 6436K [0x00000000d5580000, 0x00000000d5d80000, 0x0000000100000000)
  eden space 6144K, 97% used [0x00000000d5580000,0x00000000d5b613f0,0x00000000d5b80000)
  from space 1024K, 40% used [0x00000000d5b80000,0x00000000d5be8000,0x00000000d5c80000)
  to   space 1024K, 0% used [0x00000000d5c80000,0x00000000d5c80000,0x00000000d5d80000)
 ParOldGen       total 1314816K, used 1314601K [0x0000000080000000, 0x00000000d0400000, 0x00000000d5580000)
  object space 1314816K, 99% used [0x0000000080000000,0x00000000d03ca448,0x00000000d0400000)
 Metaspace       used 102069K, committed 103872K, reserved 1179648K
  class space    used 10379K, committed 11200K, reserved 1048576K
}
Event: 12842.057 GC heap after
{Heap after GC invocations=4513 (full 7):
 PSYoungGen      total 7168K, used 909K [0x00000000d5580000, 0x00000000d5d80000, 0x0000000100000000)
  eden space 6144K, 0% used [0x00000000d5580000,0x00000000d5580000,0x00000000d5b80000)
  from space 1024K, 88% used [0x00000000d5c80000,0x00000000d5d63590,0x00000000d5d80000)
  to   space 1024K, 0% used [0x00000000d5b80000,0x00000000d5b80000,0x00000000d5c80000)
 ParOldGen       total 1315328K, used 1314897K [0x0000000080000000, 0x00000000d0480000, 0x00000000d5580000)
  object space 1315328K, 99% used [0x0000000080000000,0x00000000d0414488,0x00000000d0480000)
 Metaspace       used 102069K, committed 103872K, reserved 1179648K
  class space    used 10379K, committed 11200K, reserved 1048576K
}
Event: 12842.072 GC heap before
{Heap before GC invocations=4514 (full 7):
 PSYoungGen      total 7168K, used 7053K [0x00000000d5580000, 0x00000000d5d80000, 0x0000000100000000)
  eden space 6144K, 100% used [0x00000000d5580000,0x00000000d5b80000,0x00000000d5b80000)
  from space 1024K, 88% used [0x00000000d5c80000,0x00000000d5d63590,0x00000000d5d80000)
  to   space 1024K, 0% used [0x00000000d5b80000,0x00000000d5b80000,0x00000000d5c80000)
 ParOldGen       total 1315328K, used 1314897K [0x0000000080000000, 0x00000000d0480000, 0x00000000d5580000)
  object space 1315328K, 99% used [0x0000000080000000,0x00000000d0414488,0x00000000d0480000)
 Metaspace       used 102069K, committed 103872K, reserved 1179648K
  class space    used 10379K, committed 11200K, reserved 1048576K
}
Event: 12842.078 GC heap after
{Heap after GC invocations=4514 (full 7):
 PSYoungGen      total 7168K, used 1005K [0x00000000d5580000, 0x00000000d6b80000, 0x0000000100000000)
  eden space 6144K, 0% used [0x00000000d5580000,0x00000000d5580000,0x00000000d5b80000)
  from space 1024K, 98% used [0x00000000d5b80000,0x00000000d5c7b590,0x00000000d5c80000)
  to   space 8192K, 0% used [0x00000000d6380000,0x00000000d6380000,0x00000000d6b80000)
 ParOldGen       total 1320960K, used 1320734K [0x0000000080000000, 0x00000000d0a00000, 0x00000000d5580000)
  object space 1320960K, 99% used [0x0000000080000000,0x00000000d09c7a28,0x00000000d0a00000)
 Metaspace       used 102069K, committed 103872K, reserved 1179648K
  class space    used 10379K, committed 11200K, reserved 1048576K
}
Event: 12842.095 GC heap before
{Heap before GC invocations=4515 (full 7):
 PSYoungGen      total 7168K, used 7149K [0x00000000d5580000, 0x00000000d6b80000, 0x0000000100000000)
  eden space 6144K, 99% used [0x00000000d5580000,0x00000000d5b7fff8,0x00000000d5b80000)
  from space 1024K, 98% used [0x00000000d5b80000,0x00000000d5c7b590,0x00000000d5c80000)
  to   space 8192K, 0% used [0x00000000d6380000,0x00000000d6380000,0x00000000d6b80000)
 ParOldGen       total 1320960K, used 1320734K [0x0000000080000000, 0x00000000d0a00000, 0x00000000d5580000)
  object space 1320960K, 99% used [0x0000000080000000,0x00000000d09c7a28,0x00000000d0a00000)
 Metaspace       used 102069K, committed 103872K, reserved 1179648K
  class space    used 10379K, committed 11200K, reserved 1048576K
}
Event: 12842.102 GC heap after
{Heap after GC invocations=4515 (full 7):
 PSYoungGen      total 14336K, used 6208K [0x00000000d5580000, 0x00000000d6a00000, 0x0000000100000000)
  eden space 7680K, 0% used [0x00000000d5580000,0x00000000d5580000,0x00000000d5d00000)
  from space 6656K, 93% used [0x00000000d6380000,0x00000000d6990000,0x00000000d6a00000)
  to   space 6656K, 0% used [0x00000000d5d00000,0x00000000d5d00000,0x00000000d6380000)
 ParOldGen       total 1321984K, used 1321763K [0x0000000080000000, 0x00000000d0b00000, 0x00000000d5580000)
  object space 1321984K, 99% used [0x0000000080000000,0x00000000d0ac8fb8,0x00000000d0b00000)
 Metaspace       used 102069K, committed 103872K, reserved 1179648K
  class space    used 10379K, committed 11200K, reserved 1048576K
}
Event: 12842.128 GC heap before
{Heap before GC invocations=4516 (full 7):
 PSYoungGen      total 14336K, used 13574K [0x00000000d5580000, 0x00000000d6a00000, 0x0000000100000000)
  eden space 7680K, 95% used [0x00000000d5580000,0x00000000d5cb1968,0x00000000d5d00000)
  from space 6656K, 93% used [0x00000000d6380000,0x00000000d6990000,0x00000000d6a00000)
  to   space 6656K, 0% used [0x00000000d5d00000,0x00000000d5d00000,0x00000000d6380000)
 ParOldGen       total 1321984K, used 1321763K [0x0000000080000000, 0x00000000d0b00000, 0x00000000d5580000)
  object space 1321984K, 99% used [0x0000000080000000,0x00000000d0ac8fb8,0x00000000d0b00000)
 Metaspace       used 102069K, committed 103872K, reserved 1179648K
  class space    used 10379K, committed 11200K, reserved 1048576K
}
Event: 12842.137 GC heap after
{Heap after GC invocations=4516 (full 7):
 PSYoungGen      total 14336K, used 6630K [0x00000000d5580000, 0x00000000d6c80000, 0x0000000100000000)
  eden space 7680K, 0% used [0x00000000d5580000,0x00000000d5580000,0x00000000d5d00000)
  from space 6656K, 99% used [0x00000000d5d00000,0x00000000d6379800,0x00000000d6380000)
  to   space 7168K, 0% used [0x00000000d6580000,0x00000000d6580000,0x00000000d6c80000)
 ParOldGen       total 1328128K, used 1327923K [0x0000000080000000, 0x00000000d1100000, 0x00000000d5580000)
  object space 1328128K, 99% used [0x0000000080000000,0x00000000d10ccfb8,0x00000000d1100000)
 Metaspace       used 102069K, committed 103872K, reserved 1179648K
  class space    used 10379K, committed 11200K, reserved 1048576K
}
Event: 12842.206 GC heap before
{Heap before GC invocations=4517 (full 7):
 PSYoungGen      total 14336K, used 14309K [0x00000000d5580000, 0x00000000d6c80000, 0x0000000100000000)
  eden space 7680K, 99% used [0x00000000d5580000,0x00000000d5cfffe8,0x00000000d5d00000)
  from space 6656K, 99% used [0x00000000d5d00000,0x00000000d6379800,0x00000000d6380000)
  to   space 7168K, 0% used [0x00000000d6580000,0x00000000d6580000,0x00000000d6c80000)
 ParOldGen       total 1328128K, used 1327923K [0x0000000080000000, 0x00000000d1100000, 0x00000000d5580000)
  object space 1328128K, 99% used [0x0000000080000000,0x00000000d10ccfb8,0x00000000d1100000)
 Metaspace       used 102069K, committed 103872K, reserved 1179648K
  class space    used 10379K, committed 11200K, reserved 1048576K
}
Event: 12842.213 GC heap after
{Heap after GC invocations=4517 (full 7):
 PSYoungGen      total 12288K, used 4220K [0x00000000d5580000, 0x00000000d6a00000, 0x0000000100000000)
  eden space 7680K, 0% used [0x00000000d5580000,0x00000000d5580000,0x00000000d5d00000)
  from space 4608K, 91% used [0x00000000d6580000,0x00000000d699f390,0x00000000d6a00000)
  to   space 5120K, 0% used [0x00000000d6000000,0x00000000d6000000,0x00000000d6500000)
 ParOldGen       total 1334272K, used 1333766K [0x0000000080000000, 0x00000000d1700000, 0x00000000d5580000)
  object space 1334272K, 99% used [0x0000000080000000,0x00000000d1681bb8,0x00000000d1700000)
 Metaspace       used 102069K, committed 103872K, reserved 1179648K
  class space    used 10379K, committed 11200K, reserved 1048576K
}
Event: 12842.222 GC heap before
{Heap before GC invocations=4518 (full 7):
 PSYoungGen      total 12288K, used 11874K [0x00000000d5580000, 0x00000000d6a00000, 0x0000000100000000)
  eden space 7680K, 99% used [0x00000000d5580000,0x00000000d5cf9508,0x00000000d5d00000)
  from space 4608K, 91% used [0x00000000d6580000,0x00000000d699f390,0x00000000d6a00000)
  to   space 5120K, 0% used [0x00000000d6000000,0x00000000d6000000,0x00000000d6500000)
 ParOldGen       total 1334272K, used 1333766K [0x0000000080000000, 0x00000000d1700000, 0x00000000d5580000)
  object space 1334272K, 99% used [0x0000000080000000,0x00000000d1681bb8,0x00000000d1700000)
 Metaspace       used 102069K, committed 103872K, reserved 1179648K
  class space    used 10379K, committed 11200K, reserved 1048576K
}
Event: 12842.227 GC heap after
{Heap after GC invocations=4518 (full 7):
 PSYoungGen      total 14336K, used 5100K [0x00000000d5580000, 0x00000000d7580000, 0x0000000100000000)
  eden space 9216K, 0% used [0x00000000d5580000,0x00000000d5580000,0x00000000d5e80000)
  from space 5120K, 99% used [0x00000000d6000000,0x00000000d64fb360,0x00000000d6500000)
  to   space 11776K, 0% used [0x00000000d6a00000,0x00000000d6a00000,0x00000000d7580000)
 ParOldGen       total 1339392K, used 1338987K [0x0000000080000000, 0x00000000d1c00000, 0x00000000d5580000)
  object space 1339392K, 99% used [0x0000000080000000,0x00000000d1b9af58,0x00000000d1c00000)
 Metaspace       used 102069K, committed 103872K, reserved 1179648K
  class space    used 10379K, committed 11200K, reserved 1048576K
}
Event: 12842.238 GC heap before
{Heap before GC invocations=4519 (full 7):
 PSYoungGen      total 14336K, used 14316K [0x00000000d5580000, 0x00000000d7580000, 0x0000000100000000)
  eden space 9216K, 100% used [0x00000000d5580000,0x00000000d5e80000,0x00000000d5e80000)
  from space 5120K, 99% used [0x00000000d6000000,0x00000000d64fb360,0x00000000d6500000)
  to   space 11776K, 0% used [0x00000000d6a00000,0x00000000d6a00000,0x00000000d7580000)
 ParOldGen       total 1339392K, used 1338987K [0x0000000080000000, 0x00000000d1c00000, 0x00000000d5580000)
  object space 1339392K, 99% used [0x0000000080000000,0x00000000d1b9af58,0x00000000d1c00000)
 Metaspace       used 102069K, committed 103872K, reserved 1179648K
  class space    used 10379K, committed 11200K, reserved 1048576K
}
Event: 12842.244 GC heap after
{Heap after GC invocations=4519 (full 7):
 PSYoungGen      total 19968K, used 7883K [0x00000000d5580000, 0x00000000d7280000, 0x0000000100000000)
  eden space 11264K, 0% used [0x00000000d5580000,0x00000000d5580000,0x00000000d6080000)
  from space 8704K, 90% used [0x00000000d6a00000,0x00000000d71b2c38,0x00000000d7280000)
  to   space 9216K, 0% used [0x00000000d6080000,0x00000000d6080000,0x00000000d6980000)
 ParOldGen       total 1344512K, used 1344120K [0x0000000080000000, 0x00000000d2100000, 0x00000000d5580000)
  object space 1344512K, 99% used [0x0000000080000000,0x00000000d209e138,0x00000000d2100000)
 Metaspace       used 102069K, committed 103872K, reserved 1179648K
  class space    used 10379K, committed 11200K, reserved 1048576K
}
Event: 12842.290 GC heap before
{Heap before GC invocations=4520 (full 7):
 PSYoungGen      total 19968K, used 19147K [0x00000000d5580000, 0x00000000d7280000, 0x0000000100000000)
  eden space 11264K, 100% used [0x00000000d5580000,0x00000000d6080000,0x00000000d6080000)
  from space 8704K, 90% used [0x00000000d6a00000,0x00000000d71b2c38,0x00000000d7280000)
  to   space 9216K, 0% used [0x00000000d6080000,0x00000000d6080000,0x00000000d6980000)
 ParOldGen       total 1344512K, used 1344120K [0x0000000080000000, 0x00000000d2100000, 0x00000000d5580000)
  object space 1344512K, 99% used [0x0000000080000000,0x00000000d209e138,0x00000000d2100000)
 Metaspace       used 102075K, committed 103872K, reserved 1179648K
  class space    used 10379K, committed 11200K, reserved 1048576K
}
Event: 12842.298 GC heap after
{Heap after GC invocations=4520 (full 7):
 PSYoungGen      total 15360K, used 3616K [0x00000000d5580000, 0x00000000d6e00000, 0x0000000100000000)
  eden space 11264K, 0% used [0x00000000d5580000,0x00000000d5580000,0x00000000d6080000)
  from space 4096K, 88% used [0x00000000d6080000,0x00000000d6408020,0x00000000d6480000)
  to   space 5632K, 0% used [0x00000000d6880000,0x00000000d6880000,0x00000000d6e00000)
 ParOldGen       total 1349120K, used 1348848K [0x0000000080000000, 0x00000000d2580000, 0x00000000d5580000)
  object space 1349120K, 99% used [0x0000000080000000,0x00000000d253c138,0x00000000d2580000)
 Metaspace       used 102075K, committed 103872K, reserved 1179648K
  class space    used 10379K, committed 11200K, reserved 1048576K
}
Event: 12842.383 GC heap before
{Heap before GC invocations=4521 (full 7):
 PSYoungGen      total 15360K, used 14880K [0x00000000d5580000, 0x00000000d6e00000, 0x0000000100000000)
  eden space 11264K, 100% used [0x00000000d5580000,0x00000000d6080000,0x00000000d6080000)
  from space 4096K, 88% used [0x00000000d6080000,0x00000000d6408020,0x00000000d6480000)
  to   space 5632K, 0% used [0x00000000d6880000,0x00000000d6880000,0x00000000d6e00000)
 ParOldGen       total 1372672K, used 1371888K [0x0000000080000000, 0x00000000d3c80000, 0x00000000d5580000)
  object space 1372672K, 99% used [0x0000000080000000,0x00000000d3bbc158,0x00000000d3c80000)
 Metaspace       used 102077K, committed 103872K, reserved 1179648K
  class space    used 10379K, committed 11200K, reserved 1048576K
}
Event: 12842.390 GC heap after
{Heap after GC invocations=4521 (full 7):
 PSYoungGen      total 11776K, used 256K [0x00000000d5580000, 0x00000000d6900000, 0x0000000100000000)
  eden space 11264K, 0% used [0x00000000d5580000,0x00000000d5580000,0x00000000d6080000)
  from space 512K, 50% used [0x00000000d6880000,0x00000000d68c0000,0x00000000d6900000)
  to   space 2048K, 0% used [0x00000000d6500000,0x00000000d6500000,0x00000000d6700000)
 ParOldGen       total 1375744K, used 1375278K [0x0000000080000000, 0x00000000d3f80000, 0x00000000d5580000)
  object space 1375744K, 99% used [0x0000000080000000,0x00000000d3f0b960,0x00000000d3f80000)
 Metaspace       used 102077K, committed 103872K, reserved 1179648K
  class space    used 10379K, committed 11200K, reserved 1048576K
}

