# JRE version: OpenJDK Runtime Environment Temurin-21.0.10+7 (21.0.10+7) (build 21.0.10+7-LTS)
# Java VM: OpenJDK 64-Bit Server VM Temurin-21.0.10+7 (21.0.10+7-LTS, mixed mode, sharing, tiered, compressed oops, compressed class ptrs, parallel gc, windows-amd64)
GC Precious Log:
 CardTable entry size: 512
 CPUs: 8 total, 8 available
 Memory: 12152M
 Large Page Support: Disabled
 NUMA Support: Disabled
 Compressed Oops: Enabled (32-bit)
 Alignments: Space 512K, Generation 512K, Heap 2M
 Heap Min Capacity: 100M
 Heap Initial Capacity: 100M
 Heap Max Capacity: 2G
 Pre-touch: Disabled
 Parallel Workers: 8
Heap:
 PSYoungGen      total 7168K, used 2195K [0x00000000d5580000, 0x00000000d6200000, 0x0000000100000000)
  eden space 6656K, 25% used [0x00000000d5580000,0x00000000d5724eb8,0x00000000d5c00000)
  from space 512K, 100% used [0x00000000d6180000,0x00000000d6200000,0x00000000d6200000)
  to   space 2048K, 0% used [0x00000000d5e00000,0x00000000d5e00000,0x00000000d6000000)
 ParOldGen       total 1155072K, used 1154651K [0x0000000080000000, 0x00000000c6800000, 0x00000000d5580000)
  object space 1155072K, 99% used [0x0000000080000000,0x00000000c6796cb0,0x00000000c6800000)
 Metaspace       used 116804K, committed 118720K, reserved 1179648K
  class space    used 12170K, committed 13056K, reserved 1048576K
GC Heap History (20 events):
Event: 5622.144 GC heap before
{Heap before GC invocations=5515 (full 7):
 PSYoungGen      total 7680K, used 7642K [0x00000000d5580000, 0x00000000d5e00000, 0x0000000100000000)
  eden space 6656K, 100% used [0x00000000d5580000,0x00000000d5c00000,0x00000000d5c00000)
  from space 1024K, 96% used [0x00000000d5d00000,0x00000000d5df6920,0x00000000d5e00000)
  to   space 1024K, 0% used [0x00000000d5c00000,0x00000000d5c00000,0x00000000d5d00000)
 ParOldGen       total 1143808K, used 1143600K [0x0000000080000000, 0x00000000c5d00000, 0x00000000d5580000)
  object space 1143808K, 99% used [0x0000000080000000,0x00000000c5ccc110,0x00000000c5d00000)
 Metaspace       used 116764K, committed 118720K, reserved 1179648K
  class space    used 12170K, committed 13056K, reserved 1048576K
}
Event: 5622.149 GC heap after
{Heap after GC invocations=5515 (full 7):
 PSYoungGen      total 7680K, used 1012K [0x00000000d5580000, 0x00000000d6b00000, 0x0000000100000000)
  eden space 6656K, 0% used [0x00000000d5580000,0x00000000d5580000,0x00000000d5c00000)
  from space 1024K, 98% used [0x00000000d5c00000,0x00000000d5cfd3a0,0x00000000d5d00000)
  to   space 7680K, 0% used [0x00000000d6380000,0x00000000d6380000,0x00000000d6b00000)
 ParOldGen       total 1149440K, used 1149123K [0x0000000080000000, 0x00000000c6280000, 0x00000000d5580000)
  object space 1149440K, 99% used [0x0000000080000000,0x00000000c6230ea0,0x00000000c6280000)
 Metaspace       used 116764K, committed 118720K, reserved 1179648K
  class space    used 12170K, committed 13056K, reserved 1048576K
}
Event: 5622.161 GC heap before
{Heap before GC invocations=5516 (full 7):
 PSYoungGen      total 7680K, used 7668K [0x00000000d5580000, 0x00000000d6b00000, 0x0000000100000000)
  eden space 6656K, 100% used [0x00000000d5580000,0x00000000d5c00000,0x00000000d5c00000)
  from space 1024K, 98% used [0x00000000d5c00000,0x00000000d5cfd3a0,0x00000000d5d00000)
  to   space 7680K, 0% used [0x00000000d6380000,0x00000000d6380000,0x00000000d6b00000)
 ParOldGen       total 1149440K, used 1149123K [0x0000000080000000, 0x00000000c6280000, 0x00000000d5580000)
  object space 1149440K, 99% used [0x0000000080000000,0x00000000c6230ea0,0x00000000c6280000)
 Metaspace       used 116764K, committed 118720K, reserved 1179648K
  class space    used 12170K, committed 13056K, reserved 1048576K
}
Event: 5622.164 GC heap after
{Heap after GC invocations=5516 (full 7):
 PSYoungGen      total 8192K, used 1172K [0x00000000d5580000, 0x00000000d6500000, 0x0000000100000000)
  eden space 6656K, 0% used [0x00000000d5580000,0x00000000d5580000,0x00000000d5c00000)
  from space 1536K, 76% used [0x00000000d6380000,0x00000000d64a5200,0x00000000d6500000)
  to   space 3584K, 0% used [0x00000000d5e00000,0x00000000d5e00000,0x00000000d6180000)
 ParOldGen       total 1149440K, used 1149147K [0x0000000080000000, 0x00000000c6280000, 0x00000000d5580000)
  object space 1149440K, 99% used [0x0000000080000000,0x00000000c6236ea0,0x00000000c6280000)
 Metaspace       used 116764K, committed 118720K, reserved 1179648K
  class space    used 12170K, committed 13056K, reserved 1048576K
}
Event: 5622.173 GC heap before
{Heap before GC invocations=5517 (full 7):
 PSYoungGen      total 8192K, used 7828K [0x00000000d5580000, 0x00000000d6500000, 0x0000000100000000)
  eden space 6656K, 100% used [0x00000000d5580000,0x00000000d5c00000,0x00000000d5c00000)
  from space 1536K, 76% used [0x00000000d6380000,0x00000000d64a5200,0x00000000d6500000)
  to   space 3584K, 0% used [0x00000000d5e00000,0x00000000d5e00000,0x00000000d6180000)
 ParOldGen       total 1149440K, used 1149147K [0x0000000080000000, 0x00000000c6280000, 0x00000000d5580000)
  object space 1149440K, 99% used [0x0000000080000000,0x00000000c6236ea0,0x00000000c6280000)
 Metaspace       used 116764K, committed 118720K, reserved 1179648K
  class space    used 12170K, committed 13056K, reserved 1048576K
}
Event: 5622.175 GC heap after
{Heap after GC invocations=5517 (full 7):
 PSYoungGen      total 10240K, used 592K [0x00000000d5580000, 0x00000000d6400000, 0x0000000100000000)
  eden space 6656K, 0% used [0x00000000d5580000,0x00000000d5580000,0x00000000d5c00000)
  from space 3584K, 16% used [0x00000000d5e00000,0x00000000d5e94010,0x00000000d6180000)
  to   space 1536K, 0% used [0x00000000d6280000,0x00000000d6280000,0x00000000d6400000)
 ParOldGen       total 1150464K, used 1150196K [0x0000000080000000, 0x00000000c6380000, 0x00000000d5580000)
  object space 1150464K, 99% used [0x0000000080000000,0x00000000c633d330,0x00000000c6380000)
 Metaspace       used 116764K, committed 118720K, reserved 1179648K
  class space    used 12170K, committed 13056K, reserved 1048576K
}
Event: 5623.885 GC heap before
{Heap before GC invocations=5518 (full 7):
 PSYoungGen      total 10240K, used 7248K [0x00000000d5580000, 0x00000000d6400000, 0x0000000100000000)
  eden space 6656K, 100% used [0x00000000d5580000,0x00000000d5c00000,0x00000000d5c00000)
  from space 3584K, 16% used [0x00000000d5e00000,0x00000000d5e94010,0x00000000d6180000)
  to   space 1536K, 0% used [0x00000000d6280000,0x00000000d6280000,0x00000000d6400000)
 ParOldGen       total 1150464K, used 1150196K [0x0000000080000000, 0x00000000c6380000, 0x00000000d5580000)
  object space 1150464K, 99% used [0x0000000080000000,0x00000000c633d330,0x00000000c6380000)
 Metaspace       used 116765K, committed 118720K, reserved 1179648K
  class space    used 12170K, committed 13056K, reserved 1048576K
}
Event: 5623.886 GC heap after
{Heap after GC invocations=5518 (full 7):
 PSYoungGen      total 7680K, used 592K [0x00000000d5580000, 0x00000000d6380000, 0x0000000100000000)
  eden space 6656K, 0% used [0x00000000d5580000,0x00000000d5580000,0x00000000d5c00000)
  from space 1024K, 57% used [0x00000000d6280000,0x00000000d6314010,0x00000000d6380000)
  to   space 1024K, 0% used [0x00000000d6180000,0x00000000d6180000,0x00000000d6280000)
 ParOldGen       total 1150976K, used 1150708K [0x0000000080000000, 0x00000000c6400000, 0x00000000d5580000)
  object space 1150976K, 99% used [0x0000000080000000,0x00000000c63bd370,0x00000000c6400000)
 Metaspace       used 116765K, committed 118720K, reserved 1179648K
  class space    used 12170K, committed 13056K, reserved 1048576K
}
Event: 5642.677 GC heap before
{Heap before GC invocations=5519 (full 7):
 PSYoungGen      total 7680K, used 7248K [0x00000000d5580000, 0x00000000d6380000, 0x0000000100000000)
  eden space 6656K, 100% used [0x00000000d5580000,0x00000000d5c00000,0x00000000d5c00000)
  from space 1024K, 57% used [0x00000000d6280000,0x00000000d6314010,0x00000000d6380000)
  to   space 1024K, 0% used [0x00000000d6180000,0x00000000d6180000,0x00000000d6280000)
 ParOldGen       total 1150976K, used 1150708K [0x0000000080000000, 0x00000000c6400000, 0x00000000d5580000)
  object space 1150976K, 99% used [0x0000000080000000,0x00000000c63bd370,0x00000000c6400000)
 Metaspace       used 116765K, committed 118720K, reserved 1179648K
  class space    used 12170K, committed 13056K, reserved 1048576K
}
Event: 5642.681 GC heap after
{Heap after GC invocations=5519 (full 7):
 PSYoungGen      total 7168K, used 500K [0x00000000d5580000, 0x00000000d6300000, 0x0000000100000000)
  eden space 6656K, 0% used [0x00000000d5580000,0x00000000d5580000,0x00000000d5c00000)
  from space 512K, 97% used [0x00000000d6180000,0x00000000d61fd200,0x00000000d6200000)
  to   space 1024K, 0% used [0x00000000d6200000,0x00000000d6200000,0x00000000d6300000)
 ParOldGen       total 1151488K, used 1151220K [0x0000000080000000, 0x00000000c6480000, 0x00000000d5580000)
  object space 1151488K, 99% used [0x0000000080000000,0x00000000c643d3b0,0x00000000c6480000)
 Metaspace       used 116765K, committed 118720K, reserved 1179648K
  class space    used 12170K, committed 13056K, reserved 1048576K
}
Event: 5642.699 GC heap before
{Heap before GC invocations=5520 (full 7):
 PSYoungGen      total 7168K, used 7156K [0x00000000d5580000, 0x00000000d6300000, 0x0000000100000000)
  eden space 6656K, 100% used [0x00000000d5580000,0x00000000d5c00000,0x00000000d5c00000)
  from space 512K, 97% used [0x00000000d6180000,0x00000000d61fd200,0x00000000d6200000)
  to   space 1024K, 0% used [0x00000000d6200000,0x00000000d6200000,0x00000000d6300000)
 ParOldGen       total 1151488K, used 1151220K [0x0000000080000000, 0x00000000c6480000, 0x00000000d5580000)
  object space 1151488K, 99% used [0x0000000080000000,0x00000000c643d3b0,0x00000000c6480000)
 Metaspace       used 116765K, committed 118720K, reserved 1179648K
  class space    used 12170K, committed 13056K, reserved 1048576K
}
Event: 5642.702 GC heap after
{Heap after GC invocations=5520 (full 7):
 PSYoungGen      total 7680K, used 976K [0x00000000d5580000, 0x00000000d6300000, 0x0000000100000000)
  eden space 6656K, 0% used [0x00000000d5580000,0x00000000d5580000,0x00000000d5c00000)
  from space 1024K, 95% used [0x00000000d6200000,0x00000000d62f4010,0x00000000d6300000)
  to   space 1536K, 0% used [0x00000000d6000000,0x00000000d6000000,0x00000000d6180000)
 ParOldGen       total 1152000K, used 1151657K [0x0000000080000000, 0x00000000c6500000, 0x00000000d5580000)
  object space 1152000K, 99% used [0x0000000080000000,0x00000000c64aa5c0,0x00000000c6500000)
 Metaspace       used 116765K, committed 118720K, reserved 1179648K
  class space    used 12170K, committed 13056K, reserved 1048576K
}
Event: 5643.849 GC heap before
{Heap before GC invocations=5521 (full 7):
 PSYoungGen      total 7680K, used 7631K [0x00000000d5580000, 0x00000000d6300000, 0x0000000100000000)
  eden space 6656K, 99% used [0x00000000d5580000,0x00000000d5bfffe8,0x00000000d5c00000)
  from space 1024K, 95% used [0x00000000d6200000,0x00000000d62f4010,0x00000000d6300000)
  to   space 1536K, 0% used [0x00000000d6000000,0x00000000d6000000,0x00000000d6180000)
 ParOldGen       total 1152000K, used 1151657K [0x0000000080000000, 0x00000000c6500000, 0x00000000d5580000)
  object space 1152000K, 99% used [0x0000000080000000,0x00000000c64aa5c0,0x00000000c6500000)
 Metaspace       used 116795K, committed 118720K, reserved 1179648K
  class space    used 12170K, committed 13056K, reserved 1048576K
}
Event: 5643.851 GC heap after
{Heap after GC invocations=5521 (full 7):
 PSYoungGen      total 8192K, used 682K [0x00000000d5580000, 0x00000000d6280000, 0x0000000100000000)
  eden space 6656K, 0% used [0x00000000d5580000,0x00000000d5580000,0x00000000d5c00000)
  from space 1536K, 44% used [0x00000000d6000000,0x00000000d60aa930,0x00000000d6180000)
  to   space 1024K, 0% used [0x00000000d6180000,0x00000000d6180000,0x00000000d6280000)
 ParOldGen       total 1153024K, used 1152579K [0x0000000080000000, 0x00000000c6600000, 0x00000000d5580000)
  object space 1153024K, 99% used [0x0000000080000000,0x00000000c6590db0,0x00000000c6600000)
 Metaspace       used 116795K, committed 118720K, reserved 1179648K
  class space    used 12170K, committed 13056K, reserved 1048576K
}
Event: 5643.860 GC heap before
{Heap before GC invocations=5522 (full 7):
 PSYoungGen      total 8192K, used 7338K [0x00000000d5580000, 0x00000000d6280000, 0x0000000100000000)
  eden space 6656K, 100% used [0x00000000d5580000,0x00000000d5c00000,0x00000000d5c00000)
  from space 1536K, 44% used [0x00000000d6000000,0x00000000d60aa930,0x00000000d6180000)
  to   space 1024K, 0% used [0x00000000d6180000,0x00000000d6180000,0x00000000d6280000)
 ParOldGen       total 1153024K, used 1152579K [0x0000000080000000, 0x00000000c6600000, 0x00000000d5580000)
  object space 1153024K, 99% used [0x0000000080000000,0x00000000c6590db0,0x00000000c6600000)
 Metaspace       used 116796K, committed 118720K, reserved 1179648K
  class space    used 12170K, committed 13056K, reserved 1048576K
}
Event: 5643.862 GC heap after
{Heap after GC invocations=5522 (full 7):
 PSYoungGen      total 7680K, used 640K [0x00000000d5580000, 0x00000000d6280000, 0x0000000100000000)
  eden space 6656K, 0% used [0x00000000d5580000,0x00000000d5580000,0x00000000d5c00000)
  from space 1024K, 62% used [0x00000000d6180000,0x00000000d6220000,0x00000000d6280000)
  to   space 1024K, 0% used [0x00000000d6080000,0x00000000d6080000,0x00000000d6180000)
 ParOldGen       total 1153536K, used 1153140K [0x0000000080000000, 0x00000000c6680000, 0x00000000d5580000)
  object space 1153536K, 99% used [0x0000000080000000,0x00000000c661d270,0x00000000c6680000)
 Metaspace       used 116796K, committed 118720K, reserved 1179648K
  class space    used 12170K, committed 13056K, reserved 1048576K
}
Event: 5643.872 GC heap before
{Heap before GC invocations=5523 (full 7):
 PSYoungGen      total 7680K, used 7296K [0x00000000d5580000, 0x00000000d6280000, 0x0000000100000000)
  eden space 6656K, 100% used [0x00000000d5580000,0x00000000d5c00000,0x00000000d5c00000)
  from space 1024K, 62% used [0x00000000d6180000,0x00000000d6220000,0x00000000d6280000)
  to   space 1024K, 0% used [0x00000000d6080000,0x00000000d6080000,0x00000000d6180000)
 ParOldGen       total 1153536K, used 1153140K [0x0000000080000000, 0x00000000c6680000, 0x00000000d5580000)
  object space 1153536K, 99% used [0x0000000080000000,0x00000000c661d270,0x00000000c6680000)
 Metaspace       used 116796K, committed 118720K, reserved 1179648K
  class space    used 12170K, committed 13056K, reserved 1048576K
}
Event: 5643.875 GC heap after
{Heap after GC invocations=5523 (full 7):
 PSYoungGen      total 7680K, used 804K [0x00000000d5580000, 0x00000000d6200000, 0x0000000100000000)
  eden space 6656K, 0% used [0x00000000d5580000,0x00000000d5580000,0x00000000d5c00000)
  from space 1024K, 78% used [0x00000000d6080000,0x00000000d6149210,0x00000000d6180000)
  to   space 512K, 0% used [0x00000000d6180000,0x00000000d6180000,0x00000000d6200000)
 ParOldGen       total 1154048K, used 1153716K [0x0000000080000000, 0x00000000c6700000, 0x00000000d5580000)
  object space 1154048K, 99% used [0x0000000080000000,0x00000000c66ad2b0,0x00000000c6700000)
 Metaspace       used 116796K, committed 118720K, reserved 1179648K
  class space    used 12170K, committed 13056K, reserved 1048576K
}
Event: 5643.997 GC heap before
{Heap before GC invocations=5524 (full 7):
 PSYoungGen      total 7680K, used 7455K [0x00000000d5580000, 0x00000000d6200000, 0x0000000100000000)
  eden space 6656K, 99% used [0x00000000d5580000,0x00000000d5bfea78,0x00000000d5c00000)
  from space 1024K, 78% used [0x00000000d6080000,0x00000000d6149210,0x00000000d6180000)
  to   space 512K, 0% used [0x00000000d6180000,0x00000000d6180000,0x00000000d6200000)
 ParOldGen       total 1154048K, used 1153716K [0x0000000080000000, 0x00000000c6700000, 0x00000000d5580000)
  object space 1154048K, 99% used [0x0000000080000000,0x00000000c66ad2b0,0x00000000c6700000)
 Metaspace       used 116796K, committed 118720K, reserved 1179648K
  class space    used 12170K, committed 13056K, reserved 1048576K
}
Event: 5643.999 GC heap after
{Heap after GC invocations=5524 (full 7):
 PSYoungGen      total 7168K, used 512K [0x00000000d5580000, 0x00000000d6200000, 0x0000000100000000)
  eden space 6656K, 0% used [0x00000000d5580000,0x00000000d5580000,0x00000000d5c00000)
  from space 512K, 100% used [0x00000000d6180000,0x00000000d6200000,0x00000000d6200000)
  to   space 2048K, 0% used [0x00000000d5e00000,0x00000000d5e00000,0x00000000d6000000)
 ParOldGen       total 1155072K, used 1154651K [0x0000000080000000, 0x00000000c6800000, 0x00000000d5580000)
  object space 1155072K, 99% used [0x0000000080000000,0x00000000c6796cb0,0x00000000c6800000)
 Metaspace       used 116796K, committed 118720K, reserved 1179648K
  class space    used 12170K, committed 13056K, reserved 1048576K
}

