# JRE version: OpenJDK Runtime Environment Temurin-21.0.10+7 (21.0.10+7) (build 21.0.10+7-LTS)
# Java VM: OpenJDK 64-Bit Server VM Temurin-21.0.10+7 (21.0.10+7-LTS, mixed mode, sharing, tiered, compressed oops, compressed class ptrs, parallel gc, windows-amd64)
GC Precious Log:
 CardTable entry size: 512
 CPUs: 8 total, 8 available
 Memory: 12152M
 Large Page Support: Disabled
 NUMA Support: Disabled
 Compressed Oops: Enabled (32-bit)
 Alignments: Space 512K, Generation 512K, Heap 2M
 Heap Min Capacity: 100M
 Heap Initial Capacity: 100M
 Heap Max Capacity: 2G
 Pre-touch: Disabled
 Parallel Workers: 8
Heap:
 PSYoungGen      total 3584K, used 2074K [0x00000000d5580000, 0x00000000d5980000, 0x0000000100000000)
  eden space 2560K, 69% used [0x00000000d5580000,0x00000000d573eaa0,0x00000000d5800000)
  from space 1024K, 28% used [0x00000000d5800000,0x00000000d5848020,0x00000000d5900000)
  to   space 512K, 0% used [0x00000000d5900000,0x00000000d5900000,0x00000000d5980000)
 ParOldGen       total 147456K, used 147182K [0x0000000080000000, 0x0000000089000000, 0x00000000d5580000)
  object space 147456K, 99% used [0x0000000080000000,0x0000000088fbb8d8,0x0000000089000000)
 Metaspace       used 73061K, committed 74752K, reserved 1179648K
  class space    used 7678K, committed 8384K, reserved 1048576K
GC Heap History (20 events):
Event: 37.288 GC heap before
{Heap before GC invocations=267 (full 3):
 PSYoungGen      total 3584K, used 2976K [0x00000000d5580000, 0x00000000d5a00000, 0x0000000100000000)
  eden space 2560K, 100% used [0x00000000d5580000,0x00000000d5800000,0x00000000d5800000)
  from space 1024K, 40% used [0x00000000d5800000,0x00000000d5868000,0x00000000d5900000)
  to   space 1024K, 0% used [0x00000000d5900000,0x00000000d5900000,0x00000000d5a00000)
 ParOldGen       total 145920K, used 145865K [0x0000000080000000, 0x0000000088e80000, 0x00000000d5580000)
  object space 145920K, 99% used [0x0000000080000000,0x0000000088e72698,0x0000000088e80000)
 Metaspace       used 70875K, committed 72448K, reserved 1114112K
  class space    used 7424K, committed 8128K, reserved 1048576K
}
Event: 37.290 GC heap after
{Heap after GC invocations=267 (full 3):
 PSYoungGen      total 3072K, used 288K [0x00000000d5580000, 0x00000000d5980000, 0x0000000100000000)
  eden space 2560K, 0% used [0x00000000d5580000,0x00000000d5580000,0x00000000d5800000)
  from space 512K, 56% used [0x00000000d5900000,0x00000000d5948000,0x00000000d5980000)
  to   space 512K, 0% used [0x00000000d5880000,0x00000000d5880000,0x00000000d5900000)
 ParOldGen       total 146432K, used 146009K [0x0000000080000000, 0x0000000088f00000, 0x00000000d5580000)
  object space 146432K, 99% used [0x0000000080000000,0x0000000088e96698,0x0000000088f00000)
 Metaspace       used 70875K, committed 72448K, reserved 1114112K
  class space    used 7424K, committed 8128K, reserved 1048576K
}
Event: 37.397 GC heap before
{Heap before GC invocations=268 (full 3):
 PSYoungGen      total 3072K, used 2837K [0x00000000d5580000, 0x00000000d5980000, 0x0000000100000000)
  eden space 2560K, 99% used [0x00000000d5580000,0x00000000d57fd4d0,0x00000000d5800000)
  from space 512K, 56% used [0x00000000d5900000,0x00000000d5948000,0x00000000d5980000)
  to   space 512K, 0% used [0x00000000d5880000,0x00000000d5880000,0x00000000d5900000)
 ParOldGen       total 146432K, used 146009K [0x0000000080000000, 0x0000000088f00000, 0x00000000d5580000)
  object space 146432K, 99% used [0x0000000080000000,0x0000000088e96698,0x0000000088f00000)
 Metaspace       used 71016K, committed 72576K, reserved 1114112K
  class space    used 7445K, committed 8128K, reserved 1048576K
}
Event: 37.399 GC heap after
{Heap after GC invocations=268 (full 3):
 PSYoungGen      total 3072K, used 288K [0x00000000d5580000, 0x00000000d5980000, 0x0000000100000000)
  eden space 2560K, 0% used [0x00000000d5580000,0x00000000d5580000,0x00000000d5800000)
  from space 512K, 56% used [0x00000000d5880000,0x00000000d58c8000,0x00000000d5900000)
  to   space 512K, 0% used [0x00000000d5900000,0x00000000d5900000,0x00000000d5980000)
 ParOldGen       total 146432K, used 146169K [0x0000000080000000, 0x0000000088f00000, 0x00000000d5580000)
  object space 146432K, 99% used [0x0000000080000000,0x0000000088ebe6a8,0x0000000088f00000)
 Metaspace       used 71016K, committed 72576K, reserved 1114112K
  class space    used 7445K, committed 8128K, reserved 1048576K
}
Event: 37.494 GC heap before
{Heap before GC invocations=269 (full 3):
 PSYoungGen      total 3072K, used 2847K [0x00000000d5580000, 0x00000000d5980000, 0x0000000100000000)
  eden space 2560K, 99% used [0x00000000d5580000,0x00000000d57ffff8,0x00000000d5800000)
  from space 512K, 56% used [0x00000000d5880000,0x00000000d58c8000,0x00000000d5900000)
  to   space 512K, 0% used [0x00000000d5900000,0x00000000d5900000,0x00000000d5980000)
 ParOldGen       total 146432K, used 146169K [0x0000000080000000, 0x0000000088f00000, 0x00000000d5580000)
  object space 146432K, 99% used [0x0000000080000000,0x0000000088ebe6a8,0x0000000088f00000)
 Metaspace       used 71263K, committed 72768K, reserved 1114112K
  class space    used 7467K, committed 8128K, reserved 1048576K
}
Event: 37.497 GC heap after
{Heap after GC invocations=269 (full 3):
 PSYoungGen      total 3072K, used 389K [0x00000000d5580000, 0x00000000d5980000, 0x0000000100000000)
  eden space 2560K, 0% used [0x00000000d5580000,0x00000000d5580000,0x00000000d5800000)
  from space 512K, 75% used [0x00000000d5900000,0x00000000d5961420,0x00000000d5980000)
  to   space 512K, 0% used [0x00000000d5880000,0x00000000d5880000,0x00000000d5900000)
 ParOldGen       total 146432K, used 146319K [0x0000000080000000, 0x0000000088f00000, 0x00000000d5580000)
  object space 146432K, 99% used [0x0000000080000000,0x0000000088ee3dd0,0x0000000088f00000)
 Metaspace       used 71263K, committed 72768K, reserved 1114112K
  class space    used 7467K, committed 8128K, reserved 1048576K
}
Event: 37.652 GC heap before
{Heap before GC invocations=270 (full 3):
 PSYoungGen      total 3072K, used 2949K [0x00000000d5580000, 0x00000000d5980000, 0x0000000100000000)
  eden space 2560K, 100% used [0x00000000d5580000,0x00000000d5800000,0x00000000d5800000)
  from space 512K, 75% used [0x00000000d5900000,0x00000000d5961420,0x00000000d5980000)
  to   space 512K, 0% used [0x00000000d5880000,0x00000000d5880000,0x00000000d5900000)
 ParOldGen       total 146432K, used 146319K [0x0000000080000000, 0x0000000088f00000, 0x00000000d5580000)
  object space 146432K, 99% used [0x0000000080000000,0x0000000088ee3dd0,0x0000000088f00000)
 Metaspace       used 71545K, committed 73088K, reserved 1114112K
  class space    used 7497K, committed 8192K, reserved 1048576K
}
Event: 37.655 GC heap after
{Heap after GC invocations=270 (full 3):
 PSYoungGen      total 3072K, used 304K [0x00000000d5580000, 0x00000000d5980000, 0x0000000100000000)
  eden space 2560K, 0% used [0x00000000d5580000,0x00000000d5580000,0x00000000d5800000)
  from space 512K, 59% used [0x00000000d5880000,0x00000000d58cc010,0x00000000d5900000)
  to   space 512K, 0% used [0x00000000d5900000,0x00000000d5900000,0x00000000d5980000)
 ParOldGen       total 146944K, used 146558K [0x0000000080000000, 0x0000000088f80000, 0x00000000d5580000)
  object space 146944K, 99% used [0x0000000080000000,0x0000000088f1f830,0x0000000088f80000)
 Metaspace       used 71545K, committed 73088K, reserved 1114112K
  class space    used 7497K, committed 8192K, reserved 1048576K
}
Event: 37.875 GC heap before
{Heap before GC invocations=271 (full 3):
 PSYoungGen      total 3072K, used 2864K [0x00000000d5580000, 0x00000000d5980000, 0x0000000100000000)
  eden space 2560K, 100% used [0x00000000d5580000,0x00000000d5800000,0x00000000d5800000)
  from space 512K, 59% used [0x00000000d5880000,0x00000000d58cc010,0x00000000d5900000)
  to   space 512K, 0% used [0x00000000d5900000,0x00000000d5900000,0x00000000d5980000)
 ParOldGen       total 146944K, used 146558K [0x0000000080000000, 0x0000000088f80000, 0x00000000d5580000)
  object space 146944K, 99% used [0x0000000080000000,0x0000000088f1f830,0x0000000088f80000)
 Metaspace       used 71612K, committed 73280K, reserved 1114112K
  class space    used 7501K, committed 8256K, reserved 1048576K
}
Event: 37.877 GC heap after
{Heap after GC invocations=271 (full 3):
 PSYoungGen      total 3072K, used 256K [0x00000000d5580000, 0x00000000d5980000, 0x0000000100000000)
  eden space 2560K, 0% used [0x00000000d5580000,0x00000000d5580000,0x00000000d5800000)
  from space 512K, 50% used [0x00000000d5900000,0x00000000d5940000,0x00000000d5980000)
  to   space 512K, 0% used [0x00000000d5880000,0x00000000d5880000,0x00000000d5900000)
 ParOldGen       total 146944K, used 146670K [0x0000000080000000, 0x0000000088f80000, 0x00000000d5580000)
  object space 146944K, 99% used [0x0000000080000000,0x0000000088f3b840,0x0000000088f80000)
 Metaspace       used 71612K, committed 73280K, reserved 1114112K
  class space    used 7501K, committed 8256K, reserved 1048576K
}
Event: 37.998 GC heap before
{Heap before GC invocations=272 (full 3):
 PSYoungGen      total 3072K, used 2809K [0x00000000d5580000, 0x00000000d5980000, 0x0000000100000000)
  eden space 2560K, 99% used [0x00000000d5580000,0x00000000d57fe680,0x00000000d5800000)
  from space 512K, 50% used [0x00000000d5900000,0x00000000d5940000,0x00000000d5980000)
  to   space 512K, 0% used [0x00000000d5880000,0x00000000d5880000,0x00000000d5900000)
 ParOldGen       total 146944K, used 146670K [0x0000000080000000, 0x0000000088f80000, 0x00000000d5580000)
  object space 146944K, 99% used [0x0000000080000000,0x0000000088f3b840,0x0000000088f80000)
 Metaspace       used 71830K, committed 73472K, reserved 1179648K
  class space    used 7527K, committed 8256K, reserved 1048576K
}
Event: 38.000 GC heap after
{Heap after GC invocations=272 (full 3):
 PSYoungGen      total 3072K, used 326K [0x00000000d5580000, 0x00000000d5980000, 0x0000000100000000)
  eden space 2560K, 0% used [0x00000000d5580000,0x00000000d5580000,0x00000000d5800000)
  from space 512K, 63% used [0x00000000d5880000,0x00000000d58d1950,0x00000000d5900000)
  to   space 512K, 0% used [0x00000000d5900000,0x00000000d5900000,0x00000000d5980000)
 ParOldGen       total 146944K, used 146742K [0x0000000080000000, 0x0000000088f80000, 0x00000000d5580000)
  object space 146944K, 99% used [0x0000000080000000,0x0000000088f4d840,0x0000000088f80000)
 Metaspace       used 71830K, committed 73472K, reserved 1179648K
  class space    used 7527K, committed 8256K, reserved 1048576K
}
Event: 38.141 GC heap before
{Heap before GC invocations=273 (full 3):
 PSYoungGen      total 3072K, used 2886K [0x00000000d5580000, 0x00000000d5980000, 0x0000000100000000)
  eden space 2560K, 100% used [0x00000000d5580000,0x00000000d5800000,0x00000000d5800000)
  from space 512K, 63% used [0x00000000d5880000,0x00000000d58d1950,0x00000000d5900000)
  to   space 512K, 0% used [0x00000000d5900000,0x00000000d5900000,0x00000000d5980000)
 ParOldGen       total 146944K, used 146742K [0x0000000080000000, 0x0000000088f80000, 0x00000000d5580000)
  object space 146944K, 99% used [0x0000000080000000,0x0000000088f4d840,0x0000000088f80000)
 Metaspace       used 72165K, committed 73728K, reserved 1179648K
  class space    used 7555K, committed 8256K, reserved 1048576K
}
Event: 38.144 GC heap after
{Heap after GC invocations=273 (full 3):
 PSYoungGen      total 3072K, used 192K [0x00000000d5580000, 0x00000000d5980000, 0x0000000100000000)
  eden space 2560K, 0% used [0x00000000d5580000,0x00000000d5580000,0x00000000d5800000)
  from space 512K, 37% used [0x00000000d5900000,0x00000000d5930000,0x00000000d5980000)
  to   space 512K, 0% used [0x00000000d5880000,0x00000000d5880000,0x00000000d5900000)
 ParOldGen       total 146944K, used 146868K [0x0000000080000000, 0x0000000088f80000, 0x00000000d5580000)
  object space 146944K, 99% used [0x0000000080000000,0x0000000088f6d008,0x0000000088f80000)
 Metaspace       used 72165K, committed 73728K, reserved 1179648K
  class space    used 7555K, committed 8256K, reserved 1048576K
}
Event: 38.284 GC heap before
{Heap before GC invocations=274 (full 3):
 PSYoungGen      total 3072K, used 2752K [0x00000000d5580000, 0x00000000d5980000, 0x0000000100000000)
  eden space 2560K, 100% used [0x00000000d5580000,0x00000000d5800000,0x00000000d5800000)
  from space 512K, 37% used [0x00000000d5900000,0x00000000d5930000,0x00000000d5980000)
  to   space 512K, 0% used [0x00000000d5880000,0x00000000d5880000,0x00000000d5900000)
 ParOldGen       total 146944K, used 146868K [0x0000000080000000, 0x0000000088f80000, 0x00000000d5580000)
  object space 146944K, 99% used [0x0000000080000000,0x0000000088f6d008,0x0000000088f80000)
 Metaspace       used 72473K, committed 74176K, reserved 1179648K
  class space    used 7591K, committed 8320K, reserved 1048576K
}
Event: 38.288 GC heap after
{Heap after GC invocations=274 (full 3):
 PSYoungGen      total 3072K, used 312K [0x00000000d5580000, 0x00000000d5980000, 0x0000000100000000)
  eden space 2560K, 0% used [0x00000000d5580000,0x00000000d5580000,0x00000000d5800000)
  from space 512K, 61% used [0x00000000d5880000,0x00000000d58ce1a8,0x00000000d5900000)
  to   space 512K, 0% used [0x00000000d5900000,0x00000000d5900000,0x00000000d5980000)
 ParOldGen       total 147456K, used 146948K [0x0000000080000000, 0x0000000089000000, 0x00000000d5580000)
  object space 147456K, 99% used [0x0000000080000000,0x0000000088f81008,0x0000000089000000)
 Metaspace       used 72473K, committed 74176K, reserved 1179648K
  class space    used 7591K, committed 8320K, reserved 1048576K
}
Event: 38.370 GC heap before
{Heap before GC invocations=275 (full 3):
 PSYoungGen      total 3072K, used 2869K [0x00000000d5580000, 0x00000000d5980000, 0x0000000100000000)
  eden space 2560K, 99% used [0x00000000d5580000,0x00000000d57ff458,0x00000000d5800000)
  from space 512K, 61% used [0x00000000d5880000,0x00000000d58ce1a8,0x00000000d5900000)
  to   space 512K, 0% used [0x00000000d5900000,0x00000000d5900000,0x00000000d5980000)
 ParOldGen       total 147456K, used 146948K [0x0000000080000000, 0x0000000089000000, 0x00000000d5580000)
  object space 147456K, 99% used [0x0000000080000000,0x0000000088f81008,0x0000000089000000)
 Metaspace       used 72576K, committed 74240K, reserved 1179648K
  class space    used 7603K, committed 8320K, reserved 1048576K
}
Event: 38.372 GC heap after
{Heap after GC invocations=275 (full 3):
 PSYoungGen      total 3072K, used 496K [0x00000000d5580000, 0x00000000d5a00000, 0x0000000100000000)
  eden space 2560K, 0% used [0x00000000d5580000,0x00000000d5580000,0x00000000d5800000)
  from space 512K, 96% used [0x00000000d5900000,0x00000000d597c238,0x00000000d5980000)
  to   space 1024K, 0% used [0x00000000d5800000,0x00000000d5800000,0x00000000d5900000)
 ParOldGen       total 147456K, used 147124K [0x0000000080000000, 0x0000000089000000, 0x00000000d5580000)
  object space 147456K, 99% used [0x0000000080000000,0x0000000088fad1c0,0x0000000089000000)
 Metaspace       used 72576K, committed 74240K, reserved 1179648K
  class space    used 7603K, committed 8320K, reserved 1048576K
}
Event: 38.511 GC heap before
{Heap before GC invocations=276 (full 3):
 PSYoungGen      total 3072K, used 3056K [0x00000000d5580000, 0x00000000d5a00000, 0x0000000100000000)
  eden space 2560K, 100% used [0x00000000d5580000,0x00000000d5800000,0x00000000d5800000)
  from space 512K, 96% used [0x00000000d5900000,0x00000000d597c238,0x00000000d5980000)
  to   space 1024K, 0% used [0x00000000d5800000,0x00000000d5800000,0x00000000d5900000)
 ParOldGen       total 147456K, used 147124K [0x0000000080000000, 0x0000000089000000, 0x00000000d5580000)
  object space 147456K, 99% used [0x0000000080000000,0x0000000088fad1c0,0x0000000089000000)
 Metaspace       used 72896K, committed 74560K, reserved 1179648K
  class space    used 7653K, committed 8384K, reserved 1048576K
}
Event: 38.515 GC heap after
{Heap after GC invocations=276 (full 3):
 PSYoungGen      total 3584K, used 288K [0x00000000d5580000, 0x00000000d5980000, 0x0000000100000000)
  eden space 2560K, 0% used [0x00000000d5580000,0x00000000d5580000,0x00000000d5800000)
  from space 1024K, 28% used [0x00000000d5800000,0x00000000d5848020,0x00000000d5900000)
  to   space 512K, 0% used [0x00000000d5900000,0x00000000d5900000,0x00000000d5980000)
 ParOldGen       total 147456K, used 147182K [0x0000000080000000, 0x0000000089000000, 0x00000000d5580000)
  object space 147456K, 99% used [0x0000000080000000,0x0000000088fbb8d8,0x0000000089000000)
 Metaspace       used 72896K, committed 74560K, reserved 1179648K
  class space    used 7653K, committed 8384K, reserved 1048576K
}

